/home/dh/amr_ws/ros2_wb_camera/install/opencv_wb_camera/lib/python3.10/site-packages/opencv_wb_camera/CameraServer.py
/home/dh/amr_ws/ros2_wb_camera/install/opencv_wb_camera/lib/python3.10/site-packages/opencv_wb_camera/img_publisher.py
/home/dh/amr_ws/ros2_wb_camera/install/opencv_wb_camera/lib/python3.10/site-packages/opencv_wb_camera/edge.py
/home/dh/amr_ws/ros2_wb_camera/install/opencv_wb_camera/lib/python3.10/site-packages/opencv_wb_camera/__init__.py
/home/dh/amr_ws/ros2_wb_camera/install/opencv_wb_camera/lib/python3.10/site-packages/opencv_wb_camera/mirror.py
/home/dh/amr_ws/ros2_wb_camera/install/opencv_wb_camera/lib/python3.10/site-packages/opencv_wb_camera/__pycache__/CameraServer.cpython-310.pyc
/home/dh/amr_ws/ros2_wb_camera/install/opencv_wb_camera/lib/python3.10/site-packages/opencv_wb_camera/__pycache__/img_publisher.cpython-310.pyc
/home/dh/amr_ws/ros2_wb_camera/install/opencv_wb_camera/lib/python3.10/site-packages/opencv_wb_camera/__pycache__/edge.cpython-310.pyc
/home/dh/amr_ws/ros2_wb_camera/install/opencv_wb_camera/lib/python3.10/site-packages/opencv_wb_camera/__pycache__/__init__.cpython-310.pyc
/home/dh/amr_ws/ros2_wb_camera/install/opencv_wb_camera/lib/python3.10/site-packages/opencv_wb_camera/__pycache__/mirror.cpython-310.pyc
/home/dh/amr_ws/ros2_wb_camera/install/opencv_wb_camera/share/ament_index/resource_index/packages/opencv_wb_camera
/home/dh/amr_ws/ros2_wb_camera/install/opencv_wb_camera/share/opencv_wb_camera/package.xml
/home/dh/amr_ws/ros2_wb_camera/install/opencv_wb_camera/share/opencv_wb_camera/launch/edge.launch.py
/home/dh/amr_ws/ros2_wb_camera/install/opencv_wb_camera/share/opencv_wb_camera/launch/snapshot.launch.py
/home/dh/amr_ws/ros2_wb_camera/install/opencv_wb_camera/share/opencv_wb_camera/launch/mirror.launch.py
/home/dh/amr_ws/ros2_wb_camera/install/opencv_wb_camera/share/opencv_wb_camera/launch/camera.launch.py
/home/dh/amr_ws/ros2_wb_camera/install/opencv_wb_camera/share/opencv_wb_camera/param/filter.yaml
/home/dh/amr_ws/ros2_wb_camera/install/opencv_wb_camera/share/opencv_wb_camera/param/size.yaml
/home/dh/amr_ws/ros2_wb_camera/install/opencv_wb_camera/lib/python3.10/site-packages/opencv_wb_camera-0.0.0-py3.10.egg-info/SOURCES.txt
/home/dh/amr_ws/ros2_wb_camera/install/opencv_wb_camera/lib/python3.10/site-packages/opencv_wb_camera-0.0.0-py3.10.egg-info/top_level.txt
/home/dh/amr_ws/ros2_wb_camera/install/opencv_wb_camera/lib/python3.10/site-packages/opencv_wb_camera-0.0.0-py3.10.egg-info/PKG-INFO
/home/dh/amr_ws/ros2_wb_camera/install/opencv_wb_camera/lib/python3.10/site-packages/opencv_wb_camera-0.0.0-py3.10.egg-info/requires.txt
/home/dh/amr_ws/ros2_wb_camera/install/opencv_wb_camera/lib/python3.10/site-packages/opencv_wb_camera-0.0.0-py3.10.egg-info/zip-safe
/home/dh/amr_ws/ros2_wb_camera/install/opencv_wb_camera/lib/python3.10/site-packages/opencv_wb_camera-0.0.0-py3.10.egg-info/dependency_links.txt
/home/dh/amr_ws/ros2_wb_camera/install/opencv_wb_camera/lib/python3.10/site-packages/opencv_wb_camera-0.0.0-py3.10.egg-info/entry_points.txt
/home/dh/amr_ws/ros2_wb_camera/install/opencv_wb_camera/lib/opencv_wb_camera/CameraServer
/home/dh/amr_ws/ros2_wb_camera/install/opencv_wb_camera/lib/opencv_wb_camera/edge
/home/dh/amr_ws/ros2_wb_camera/install/opencv_wb_camera/lib/opencv_wb_camera/img_publisher
/home/dh/amr_ws/ros2_wb_camera/install/opencv_wb_camera/lib/opencv_wb_camera/mirror
