-- Found ament_cmake: 1.3.8 (/opt/ros/humble/share/ament_cmake/cmake)
-- Found rosidl_default_generators: 1.2.0 (/opt/ros/humble/share/rosidl_default_generators/cmake)
-- Using all available rosidl_typesupport_c: rosidl_typesupport_fastrtps_c;rosidl_typesupport_introspection_c
-- Found rosidl_adapter: 3.1.5 (/opt/ros/humble/share/rosidl_adapter/cmake)
-- Using all available rosidl_typesupport_cpp: rosidl_typesupport_fastrtps_cpp;rosidl_typesupport_introspection_cpp
-- Found ament_cmake_ros: 0.10.0 (/opt/ros/humble/share/ament_cmake_ros/cmake)
-- Using all available rosidl_typesupport_c: rosidl_typesupport_fastrtps_c;rosidl_typesupport_introspection_c
-- Using all available rosidl_typesupport_cpp: rosidl_typesupport_fastrtps_cpp;rosidl_typesupport_introspection_cpp
-- Found PythonInterp: /usr/bin/python3 (found suitable version "3.10.12", minimum required is "3.6") 
-- Found python_cmake_module: 0.10.0 (/opt/ros/humble/share/python_cmake_module/cmake)
-- Found PythonLibs: /usr/lib/x86_64-linux-gnu/libpython3.10.so (found suitable version "3.10.12", minimum required is "3.5") 
-- Using PYTHON_EXECUTABLE: /usr/bin/python3
-- Using PYTHON_INCLUDE_DIRS: /usr/include/python3.10
-- Using PYTHON_LIBRARIES: /usr/lib/x86_64-linux-gnu/libpython3.10.so
-- Found PythonExtra: .so  
-- Found ament_lint_auto: 0.12.10 (/opt/ros/humble/share/ament_lint_auto/cmake)
-- Added test 'lint_cmake' to check CMake code style
-- Added test 'xmllint' to check XML markup files
-- Configuring done
-- Generating done
-- Build files have been written to: /home/dh/amr_ws/ros2_wb_camera/build/opencv_wb_camera_msgs
[  2%] [34m[1mGenerating C code for ROS interfaces[0m
[  5%] [34m[1mGenerating C++ code for ROS interfaces[0m
[  5%] Built target ament_cmake_python_copy_opencv_wb_camera_msgs
running egg_info
creating opencv_wb_camera_msgs.egg-info
writing opencv_wb_camera_msgs.egg-info/PKG-INFO
writing dependency_links to opencv_wb_camera_msgs.egg-info/dependency_links.txt
writing top-level names to opencv_wb_camera_msgs.egg-info/top_level.txt
writing manifest file 'opencv_wb_camera_msgs.egg-info/SOURCES.txt'
reading manifest file 'opencv_wb_camera_msgs.egg-info/SOURCES.txt'
writing manifest file 'opencv_wb_camera_msgs.egg-info/SOURCES.txt'
[  5%] Built target ament_cmake_python_build_opencv_wb_camera_msgs_egg
[  5%] Built target opencv_wb_camera_msgs__cpp
[  7%] [32mBuilding C object CMakeFiles/opencv_wb_camera_msgs__rosidl_generator_c.dir/rosidl_generator_c/opencv_wb_camera_msgs/srv/detail/multi_spawn__functions.c.o[0m
[ 10%] [32mBuilding C object CMakeFiles/opencv_wb_camera_msgs__rosidl_generator_c.dir/rosidl_generator_c/opencv_wb_camera_msgs/msg/detail/camera_still_shot__functions.c.o[0m
[ 12%] [34m[1mGenerating C++ introspection for ROS interfaces[0m
[ 15%] [34m[1mGenerating C++ type support for eProsima Fast-RTPS[0m
[ 17%] [34m[1mGenerating C++ type support dispatch for ROS interfaces[0m
[ 20%] [32m[1mLinking C shared library libopencv_wb_camera_msgs__rosidl_generator_c.so[0m
[ 20%] Built target opencv_wb_camera_msgs__rosidl_generator_c
[ 23%] [34m[1mGenerating C type support for eProsima Fast-RTPS[0m
[ 25%] [34m[1mGenerating C introspection for ROS interfaces[0m
[ 28%] [34m[1mGenerating C type support dispatch for ROS interfaces[0m
[ 33%] [32mBuilding CXX object CMakeFiles/opencv_wb_camera_msgs__rosidl_typesupport_introspection_cpp.dir/rosidl_typesupport_introspection_cpp/opencv_wb_camera_msgs/srv/detail/multi_spawn__type_support.cpp.o[0m
[ 33%] [32mBuilding CXX object CMakeFiles/opencv_wb_camera_msgs__rosidl_typesupport_introspection_cpp.dir/rosidl_typesupport_introspection_cpp/opencv_wb_camera_msgs/msg/detail/camera_still_shot__type_support.cpp.o[0m
[ 35%] [32mBuilding CXX object CMakeFiles/opencv_wb_camera_msgs__rosidl_typesupport_cpp.dir/rosidl_typesupport_cpp/opencv_wb_camera_msgs/msg/camera_still_shot__type_support.cpp.o[0m
[ 38%] [32mBuilding CXX object CMakeFiles/opencv_wb_camera_msgs__rosidl_typesupport_cpp.dir/rosidl_typesupport_cpp/opencv_wb_camera_msgs/srv/multi_spawn__type_support.cpp.o[0m
[ 41%] [32mBuilding CXX object CMakeFiles/opencv_wb_camera_msgs__rosidl_typesupport_c.dir/rosidl_typesupport_c/opencv_wb_camera_msgs/msg/camera_still_shot__type_support.cpp.o[0m
[ 43%] [32mBuilding CXX object CMakeFiles/opencv_wb_camera_msgs__rosidl_typesupport_fastrtps_cpp.dir/rosidl_typesupport_fastrtps_cpp/opencv_wb_camera_msgs/msg/detail/dds_fastrtps/camera_still_shot__type_support.cpp.o[0m
[ 46%] [32mBuilding CXX object CMakeFiles/opencv_wb_camera_msgs__rosidl_typesupport_c.dir/rosidl_typesupport_c/opencv_wb_camera_msgs/srv/multi_spawn__type_support.cpp.o[0m
[ 48%] [32m[1mLinking CXX shared library libopencv_wb_camera_msgs__rosidl_typesupport_c.so[0m
[ 51%] [32mBuilding C object CMakeFiles/opencv_wb_camera_msgs__rosidl_typesupport_introspection_c.dir/rosidl_typesupport_introspection_c/opencv_wb_camera_msgs/msg/detail/camera_still_shot__type_support.c.o[0m
[ 51%] Built target opencv_wb_camera_msgs__rosidl_typesupport_c
[ 53%] [32mBuilding C object CMakeFiles/opencv_wb_camera_msgs__rosidl_typesupport_introspection_c.dir/rosidl_typesupport_introspection_c/opencv_wb_camera_msgs/srv/detail/multi_spawn__type_support.c.o[0m
[ 56%] [32mBuilding CXX object CMakeFiles/opencv_wb_camera_msgs__rosidl_typesupport_fastrtps_c.dir/rosidl_typesupport_fastrtps_c/opencv_wb_camera_msgs/msg/detail/camera_still_shot__type_support_c.cpp.o[0m
[ 58%] [32mBuilding CXX object CMakeFiles/opencv_wb_camera_msgs__rosidl_typesupport_fastrtps_c.dir/rosidl_typesupport_fastrtps_c/opencv_wb_camera_msgs/srv/detail/multi_spawn__type_support_c.cpp.o[0m
[ 61%] [32m[1mLinking C shared library libopencv_wb_camera_msgs__rosidl_typesupport_introspection_c.so[0m
[ 61%] Built target opencv_wb_camera_msgs__rosidl_typesupport_introspection_c
[ 64%] [32mBuilding CXX object CMakeFiles/opencv_wb_camera_msgs__rosidl_typesupport_fastrtps_cpp.dir/rosidl_typesupport_fastrtps_cpp/opencv_wb_camera_msgs/srv/detail/dds_fastrtps/multi_spawn__type_support.cpp.o[0m
[ 66%] [32m[1mLinking CXX shared library libopencv_wb_camera_msgs__rosidl_typesupport_cpp.so[0m
[ 66%] Built target opencv_wb_camera_msgs__rosidl_typesupport_cpp
[ 69%] [32m[1mLinking CXX shared library libopencv_wb_camera_msgs__rosidl_typesupport_introspection_cpp.so[0m
[ 69%] Built target opencv_wb_camera_msgs__rosidl_typesupport_introspection_cpp
[ 71%] [32m[1mLinking CXX shared library libopencv_wb_camera_msgs__rosidl_typesupport_fastrtps_c.so[0m
[ 71%] Built target opencv_wb_camera_msgs__rosidl_typesupport_fastrtps_c
[ 74%] [32m[1mLinking CXX shared library libopencv_wb_camera_msgs__rosidl_typesupport_fastrtps_cpp.so[0m
[ 74%] Built target opencv_wb_camera_msgs__rosidl_typesupport_fastrtps_cpp
[ 74%] Built target opencv_wb_camera_msgs
[ 76%] [34m[1mGenerating Python code for ROS interfaces[0m
[ 76%] Built target opencv_wb_camera_msgs__py
[ 82%] [32mBuilding C object CMakeFiles/opencv_wb_camera_msgs__rosidl_generator_py.dir/rosidl_generator_py/opencv_wb_camera_msgs/msg/_camera_still_shot_s.c.o[0m
[ 82%] [32mBuilding C object CMakeFiles/opencv_wb_camera_msgs__rosidl_generator_py.dir/rosidl_generator_py/opencv_wb_camera_msgs/srv/_multi_spawn_s.c.o[0m
[ 84%] [32m[1mLinking C shared library rosidl_generator_py/opencv_wb_camera_msgs/libopencv_wb_camera_msgs__rosidl_generator_py.so[0m
[ 84%] Built target opencv_wb_camera_msgs__rosidl_generator_py
[ 89%] [32mBuilding C object CMakeFiles/opencv_wb_camera_msgs__rosidl_typesupport_introspection_c__pyext.dir/rosidl_generator_py/opencv_wb_camera_msgs/_opencv_wb_camera_msgs_s.ep.rosidl_typesupport_introspection_c.c.o[0m
[ 89%] [32mBuilding C object CMakeFiles/opencv_wb_camera_msgs__rosidl_typesupport_fastrtps_c__pyext.dir/rosidl_generator_py/opencv_wb_camera_msgs/_opencv_wb_camera_msgs_s.ep.rosidl_typesupport_fastrtps_c.c.o[0m
[ 92%] [32mBuilding C object CMakeFiles/opencv_wb_camera_msgs__rosidl_typesupport_c__pyext.dir/rosidl_generator_py/opencv_wb_camera_msgs/_opencv_wb_camera_msgs_s.ep.rosidl_typesupport_c.c.o[0m
[ 97%] [32m[1mLinking C shared library rosidl_generator_py/opencv_wb_camera_msgs/opencv_wb_camera_msgs_s__rosidl_typesupport_c.cpython-310-x86_64-linux-gnu.so[0m
[ 97%] [32m[1mLinking C shared library rosidl_generator_py/opencv_wb_camera_msgs/opencv_wb_camera_msgs_s__rosidl_typesupport_introspection_c.cpython-310-x86_64-linux-gnu.so[0m
[100%] [32m[1mLinking C shared library rosidl_generator_py/opencv_wb_camera_msgs/opencv_wb_camera_msgs_s__rosidl_typesupport_fastrtps_c.cpython-310-x86_64-linux-gnu.so[0m
[100%] Built target opencv_wb_camera_msgs__rosidl_typesupport_fastrtps_c__pyext
[100%] Built target opencv_wb_camera_msgs__rosidl_typesupport_c__pyext
[100%] Built target opencv_wb_camera_msgs__rosidl_typesupport_introspection_c__pyext
-- Install configuration: ""
-- Installing: /home/dh/amr_ws/ros2_wb_camera/install/opencv_wb_camera_msgs/share/ament_index/resource_index/rosidl_interfaces/opencv_wb_camera_msgs
-- Installing: /home/dh/amr_ws/ros2_wb_camera/install/opencv_wb_camera_msgs/include/opencv_wb_camera_msgs/opencv_wb_camera_msgs
-- Installing: /home/dh/amr_ws/ros2_wb_camera/install/opencv_wb_camera_msgs/include/opencv_wb_camera_msgs/opencv_wb_camera_msgs/srv
-- Installing: /home/dh/amr_ws/ros2_wb_camera/install/opencv_wb_camera_msgs/include/opencv_wb_camera_msgs/opencv_wb_camera_msgs/srv/detail
-- Installing: /home/dh/amr_ws/ros2_wb_camera/install/opencv_wb_camera_msgs/include/opencv_wb_camera_msgs/opencv_wb_camera_msgs/srv/detail/multi_spawn__type_support.h
-- Installing: /home/dh/amr_ws/ros2_wb_camera/install/opencv_wb_camera_msgs/include/opencv_wb_camera_msgs/opencv_wb_camera_msgs/srv/detail/multi_spawn__functions.c
-- Installing: /home/dh/amr_ws/ros2_wb_camera/install/opencv_wb_camera_msgs/include/opencv_wb_camera_msgs/opencv_wb_camera_msgs/srv/detail/multi_spawn__functions.h
-- Installing: /home/dh/amr_ws/ros2_wb_camera/install/opencv_wb_camera_msgs/include/opencv_wb_camera_msgs/opencv_wb_camera_msgs/srv/detail/multi_spawn__struct.h
-- Installing: /home/dh/amr_ws/ros2_wb_camera/install/opencv_wb_camera_msgs/include/opencv_wb_camera_msgs/opencv_wb_camera_msgs/srv/multi_spawn.h
-- Installing: /home/dh/amr_ws/ros2_wb_camera/install/opencv_wb_camera_msgs/include/opencv_wb_camera_msgs/opencv_wb_camera_msgs/msg
-- Installing: /home/dh/amr_ws/ros2_wb_camera/install/opencv_wb_camera_msgs/include/opencv_wb_camera_msgs/opencv_wb_camera_msgs/msg/camera_still_shot.h
-- Installing: /home/dh/amr_ws/ros2_wb_camera/install/opencv_wb_camera_msgs/include/opencv_wb_camera_msgs/opencv_wb_camera_msgs/msg/detail
-- Installing: /home/dh/amr_ws/ros2_wb_camera/install/opencv_wb_camera_msgs/include/opencv_wb_camera_msgs/opencv_wb_camera_msgs/msg/detail/camera_still_shot__type_support.h
-- Installing: /home/dh/amr_ws/ros2_wb_camera/install/opencv_wb_camera_msgs/include/opencv_wb_camera_msgs/opencv_wb_camera_msgs/msg/detail/camera_still_shot__functions.h
-- Installing: /home/dh/amr_ws/ros2_wb_camera/install/opencv_wb_camera_msgs/include/opencv_wb_camera_msgs/opencv_wb_camera_msgs/msg/detail/camera_still_shot__functions.c
-- Installing: /home/dh/amr_ws/ros2_wb_camera/install/opencv_wb_camera_msgs/include/opencv_wb_camera_msgs/opencv_wb_camera_msgs/msg/detail/camera_still_shot__struct.h
-- Installing: /home/dh/amr_ws/ros2_wb_camera/install/opencv_wb_camera_msgs/include/opencv_wb_camera_msgs/opencv_wb_camera_msgs/msg/rosidl_generator_c__visibility_control.h
-- Installing: /home/dh/amr_ws/ros2_wb_camera/install/opencv_wb_camera_msgs/share/opencv_wb_camera_msgs/environment/library_path.sh
-- Installing: /home/dh/amr_ws/ros2_wb_camera/install/opencv_wb_camera_msgs/share/opencv_wb_camera_msgs/environment/library_path.dsv
-- Installing: /home/dh/amr_ws/ros2_wb_camera/install/opencv_wb_camera_msgs/lib/libopencv_wb_camera_msgs__rosidl_generator_c.so
-- Set runtime path of "/home/dh/amr_ws/ros2_wb_camera/install/opencv_wb_camera_msgs/lib/libopencv_wb_camera_msgs__rosidl_generator_c.so" to ""
-- Up-to-date: /home/dh/amr_ws/ros2_wb_camera/install/opencv_wb_camera_msgs/include/opencv_wb_camera_msgs/opencv_wb_camera_msgs
-- Up-to-date: /home/dh/amr_ws/ros2_wb_camera/install/opencv_wb_camera_msgs/include/opencv_wb_camera_msgs/opencv_wb_camera_msgs/srv
-- Up-to-date: /home/dh/amr_ws/ros2_wb_camera/install/opencv_wb_camera_msgs/include/opencv_wb_camera_msgs/opencv_wb_camera_msgs/srv/detail
-- Installing: /home/dh/amr_ws/ros2_wb_camera/install/opencv_wb_camera_msgs/include/opencv_wb_camera_msgs/opencv_wb_camera_msgs/srv/detail/multi_spawn__rosidl_typesupport_fastrtps_c.h
-- Up-to-date: /home/dh/amr_ws/ros2_wb_camera/install/opencv_wb_camera_msgs/include/opencv_wb_camera_msgs/opencv_wb_camera_msgs/msg
-- Installing: /home/dh/amr_ws/ros2_wb_camera/install/opencv_wb_camera_msgs/include/opencv_wb_camera_msgs/opencv_wb_camera_msgs/msg/rosidl_typesupport_fastrtps_c__visibility_control.h
-- Up-to-date: /home/dh/amr_ws/ros2_wb_camera/install/opencv_wb_camera_msgs/include/opencv_wb_camera_msgs/opencv_wb_camera_msgs/msg/detail
-- Installing: /home/dh/amr_ws/ros2_wb_camera/install/opencv_wb_camera_msgs/include/opencv_wb_camera_msgs/opencv_wb_camera_msgs/msg/detail/camera_still_shot__rosidl_typesupport_fastrtps_c.h
-- Installing: /home/dh/amr_ws/ros2_wb_camera/install/opencv_wb_camera_msgs/lib/libopencv_wb_camera_msgs__rosidl_typesupport_fastrtps_c.so
-- Set runtime path of "/home/dh/amr_ws/ros2_wb_camera/install/opencv_wb_camera_msgs/lib/libopencv_wb_camera_msgs__rosidl_typesupport_fastrtps_c.so" to ""
-- Up-to-date: /home/dh/amr_ws/ros2_wb_camera/install/opencv_wb_camera_msgs/include/opencv_wb_camera_msgs/opencv_wb_camera_msgs
-- Up-to-date: /home/dh/amr_ws/ros2_wb_camera/install/opencv_wb_camera_msgs/include/opencv_wb_camera_msgs/opencv_wb_camera_msgs/srv
-- Up-to-date: /home/dh/amr_ws/ros2_wb_camera/install/opencv_wb_camera_msgs/include/opencv_wb_camera_msgs/opencv_wb_camera_msgs/srv/detail
-- Installing: /home/dh/amr_ws/ros2_wb_camera/install/opencv_wb_camera_msgs/include/opencv_wb_camera_msgs/opencv_wb_camera_msgs/srv/detail/multi_spawn__type_support.c
-- Installing: /home/dh/amr_ws/ros2_wb_camera/install/opencv_wb_camera_msgs/include/opencv_wb_camera_msgs/opencv_wb_camera_msgs/srv/detail/multi_spawn__rosidl_typesupport_introspection_c.h
-- Up-to-date: /home/dh/amr_ws/ros2_wb_camera/install/opencv_wb_camera_msgs/include/opencv_wb_camera_msgs/opencv_wb_camera_msgs/msg
-- Up-to-date: /home/dh/amr_ws/ros2_wb_camera/install/opencv_wb_camera_msgs/include/opencv_wb_camera_msgs/opencv_wb_camera_msgs/msg/detail
-- Installing: /home/dh/amr_ws/ros2_wb_camera/install/opencv_wb_camera_msgs/include/opencv_wb_camera_msgs/opencv_wb_camera_msgs/msg/detail/camera_still_shot__rosidl_typesupport_introspection_c.h
-- Installing: /home/dh/amr_ws/ros2_wb_camera/install/opencv_wb_camera_msgs/include/opencv_wb_camera_msgs/opencv_wb_camera_msgs/msg/detail/camera_still_shot__type_support.c
-- Installing: /home/dh/amr_ws/ros2_wb_camera/install/opencv_wb_camera_msgs/include/opencv_wb_camera_msgs/opencv_wb_camera_msgs/msg/rosidl_typesupport_introspection_c__visibility_control.h
-- Installing: /home/dh/amr_ws/ros2_wb_camera/install/opencv_wb_camera_msgs/lib/libopencv_wb_camera_msgs__rosidl_typesupport_introspection_c.so
-- Set runtime path of "/home/dh/amr_ws/ros2_wb_camera/install/opencv_wb_camera_msgs/lib/libopencv_wb_camera_msgs__rosidl_typesupport_introspection_c.so" to ""
-- Installing: /home/dh/amr_ws/ros2_wb_camera/install/opencv_wb_camera_msgs/lib/libopencv_wb_camera_msgs__rosidl_typesupport_c.so
-- Set runtime path of "/home/dh/amr_ws/ros2_wb_camera/install/opencv_wb_camera_msgs/lib/libopencv_wb_camera_msgs__rosidl_typesupport_c.so" to ""
-- Up-to-date: /home/dh/amr_ws/ros2_wb_camera/install/opencv_wb_camera_msgs/include/opencv_wb_camera_msgs/opencv_wb_camera_msgs
-- Up-to-date: /home/dh/amr_ws/ros2_wb_camera/install/opencv_wb_camera_msgs/include/opencv_wb_camera_msgs/opencv_wb_camera_msgs/srv
-- Installing: /home/dh/amr_ws/ros2_wb_camera/install/opencv_wb_camera_msgs/include/opencv_wb_camera_msgs/opencv_wb_camera_msgs/srv/multi_spawn.hpp
-- Up-to-date: /home/dh/amr_ws/ros2_wb_camera/install/opencv_wb_camera_msgs/include/opencv_wb_camera_msgs/opencv_wb_camera_msgs/srv/detail
-- Installing: /home/dh/amr_ws/ros2_wb_camera/install/opencv_wb_camera_msgs/include/opencv_wb_camera_msgs/opencv_wb_camera_msgs/srv/detail/multi_spawn__traits.hpp
-- Installing: /home/dh/amr_ws/ros2_wb_camera/install/opencv_wb_camera_msgs/include/opencv_wb_camera_msgs/opencv_wb_camera_msgs/srv/detail/multi_spawn__struct.hpp
-- Installing: /home/dh/amr_ws/ros2_wb_camera/install/opencv_wb_camera_msgs/include/opencv_wb_camera_msgs/opencv_wb_camera_msgs/srv/detail/multi_spawn__builder.hpp
-- Up-to-date: /home/dh/amr_ws/ros2_wb_camera/install/opencv_wb_camera_msgs/include/opencv_wb_camera_msgs/opencv_wb_camera_msgs/msg
-- Up-to-date: /home/dh/amr_ws/ros2_wb_camera/install/opencv_wb_camera_msgs/include/opencv_wb_camera_msgs/opencv_wb_camera_msgs/msg/detail
-- Installing: /home/dh/amr_ws/ros2_wb_camera/install/opencv_wb_camera_msgs/include/opencv_wb_camera_msgs/opencv_wb_camera_msgs/msg/detail/camera_still_shot__struct.hpp
-- Installing: /home/dh/amr_ws/ros2_wb_camera/install/opencv_wb_camera_msgs/include/opencv_wb_camera_msgs/opencv_wb_camera_msgs/msg/detail/camera_still_shot__traits.hpp
-- Installing: /home/dh/amr_ws/ros2_wb_camera/install/opencv_wb_camera_msgs/include/opencv_wb_camera_msgs/opencv_wb_camera_msgs/msg/detail/camera_still_shot__builder.hpp
-- Installing: /home/dh/amr_ws/ros2_wb_camera/install/opencv_wb_camera_msgs/include/opencv_wb_camera_msgs/opencv_wb_camera_msgs/msg/camera_still_shot.hpp
-- Up-to-date: /home/dh/amr_ws/ros2_wb_camera/install/opencv_wb_camera_msgs/include/opencv_wb_camera_msgs/opencv_wb_camera_msgs
-- Up-to-date: /home/dh/amr_ws/ros2_wb_camera/install/opencv_wb_camera_msgs/include/opencv_wb_camera_msgs/opencv_wb_camera_msgs/srv
-- Up-to-date: /home/dh/amr_ws/ros2_wb_camera/install/opencv_wb_camera_msgs/include/opencv_wb_camera_msgs/opencv_wb_camera_msgs/srv/detail
-- Installing: /home/dh/amr_ws/ros2_wb_camera/install/opencv_wb_camera_msgs/include/opencv_wb_camera_msgs/opencv_wb_camera_msgs/srv/detail/dds_fastrtps
-- Installing: /home/dh/amr_ws/ros2_wb_camera/install/opencv_wb_camera_msgs/include/opencv_wb_camera_msgs/opencv_wb_camera_msgs/srv/detail/multi_spawn__rosidl_typesupport_fastrtps_cpp.hpp
-- Up-to-date: /home/dh/amr_ws/ros2_wb_camera/install/opencv_wb_camera_msgs/include/opencv_wb_camera_msgs/opencv_wb_camera_msgs/msg
-- Up-to-date: /home/dh/amr_ws/ros2_wb_camera/install/opencv_wb_camera_msgs/include/opencv_wb_camera_msgs/opencv_wb_camera_msgs/msg/detail
-- Installing: /home/dh/amr_ws/ros2_wb_camera/install/opencv_wb_camera_msgs/include/opencv_wb_camera_msgs/opencv_wb_camera_msgs/msg/detail/dds_fastrtps
-- Installing: /home/dh/amr_ws/ros2_wb_camera/install/opencv_wb_camera_msgs/include/opencv_wb_camera_msgs/opencv_wb_camera_msgs/msg/detail/camera_still_shot__rosidl_typesupport_fastrtps_cpp.hpp
-- Installing: /home/dh/amr_ws/ros2_wb_camera/install/opencv_wb_camera_msgs/include/opencv_wb_camera_msgs/opencv_wb_camera_msgs/msg/rosidl_typesupport_fastrtps_cpp__visibility_control.h
-- Installing: /home/dh/amr_ws/ros2_wb_camera/install/opencv_wb_camera_msgs/lib/libopencv_wb_camera_msgs__rosidl_typesupport_fastrtps_cpp.so
-- Set runtime path of "/home/dh/amr_ws/ros2_wb_camera/install/opencv_wb_camera_msgs/lib/libopencv_wb_camera_msgs__rosidl_typesupport_fastrtps_cpp.so" to ""
-- Up-to-date: /home/dh/amr_ws/ros2_wb_camera/install/opencv_wb_camera_msgs/include/opencv_wb_camera_msgs/opencv_wb_camera_msgs
-- Up-to-date: /home/dh/amr_ws/ros2_wb_camera/install/opencv_wb_camera_msgs/include/opencv_wb_camera_msgs/opencv_wb_camera_msgs/srv
-- Up-to-date: /home/dh/amr_ws/ros2_wb_camera/install/opencv_wb_camera_msgs/include/opencv_wb_camera_msgs/opencv_wb_camera_msgs/srv/detail
-- Installing: /home/dh/amr_ws/ros2_wb_camera/install/opencv_wb_camera_msgs/include/opencv_wb_camera_msgs/opencv_wb_camera_msgs/srv/detail/multi_spawn__rosidl_typesupport_introspection_cpp.hpp
-- Installing: /home/dh/amr_ws/ros2_wb_camera/install/opencv_wb_camera_msgs/include/opencv_wb_camera_msgs/opencv_wb_camera_msgs/srv/detail/multi_spawn__type_support.cpp
-- Up-to-date: /home/dh/amr_ws/ros2_wb_camera/install/opencv_wb_camera_msgs/include/opencv_wb_camera_msgs/opencv_wb_camera_msgs/msg
-- Up-to-date: /home/dh/amr_ws/ros2_wb_camera/install/opencv_wb_camera_msgs/include/opencv_wb_camera_msgs/opencv_wb_camera_msgs/msg/detail
-- Installing: /home/dh/amr_ws/ros2_wb_camera/install/opencv_wb_camera_msgs/include/opencv_wb_camera_msgs/opencv_wb_camera_msgs/msg/detail/camera_still_shot__rosidl_typesupport_introspection_cpp.hpp
-- Installing: /home/dh/amr_ws/ros2_wb_camera/install/opencv_wb_camera_msgs/include/opencv_wb_camera_msgs/opencv_wb_camera_msgs/msg/detail/camera_still_shot__type_support.cpp
-- Installing: /home/dh/amr_ws/ros2_wb_camera/install/opencv_wb_camera_msgs/lib/libopencv_wb_camera_msgs__rosidl_typesupport_introspection_cpp.so
-- Set runtime path of "/home/dh/amr_ws/ros2_wb_camera/install/opencv_wb_camera_msgs/lib/libopencv_wb_camera_msgs__rosidl_typesupport_introspection_cpp.so" to ""
-- Installing: /home/dh/amr_ws/ros2_wb_camera/install/opencv_wb_camera_msgs/lib/libopencv_wb_camera_msgs__rosidl_typesupport_cpp.so
-- Set runtime path of "/home/dh/amr_ws/ros2_wb_camera/install/opencv_wb_camera_msgs/lib/libopencv_wb_camera_msgs__rosidl_typesupport_cpp.so" to ""
-- Installing: /home/dh/amr_ws/ros2_wb_camera/install/opencv_wb_camera_msgs/share/opencv_wb_camera_msgs/environment/pythonpath.sh
-- Installing: /home/dh/amr_ws/ros2_wb_camera/install/opencv_wb_camera_msgs/share/opencv_wb_camera_msgs/environment/pythonpath.dsv
-- Installing: /home/dh/amr_ws/ros2_wb_camera/install/opencv_wb_camera_msgs/local/lib/python3.10/dist-packages/opencv_wb_camera_msgs-0.0.0-py3.10.egg-info
-- Installing: /home/dh/amr_ws/ros2_wb_camera/install/opencv_wb_camera_msgs/local/lib/python3.10/dist-packages/opencv_wb_camera_msgs-0.0.0-py3.10.egg-info/SOURCES.txt
-- Installing: /home/dh/amr_ws/ros2_wb_camera/install/opencv_wb_camera_msgs/local/lib/python3.10/dist-packages/opencv_wb_camera_msgs-0.0.0-py3.10.egg-info/top_level.txt
-- Installing: /home/dh/amr_ws/ros2_wb_camera/install/opencv_wb_camera_msgs/local/lib/python3.10/dist-packages/opencv_wb_camera_msgs-0.0.0-py3.10.egg-info/PKG-INFO
-- Installing: /home/dh/amr_ws/ros2_wb_camera/install/opencv_wb_camera_msgs/local/lib/python3.10/dist-packages/opencv_wb_camera_msgs-0.0.0-py3.10.egg-info/dependency_links.txt
-- Installing: /home/dh/amr_ws/ros2_wb_camera/install/opencv_wb_camera_msgs/local/lib/python3.10/dist-packages/opencv_wb_camera_msgs
-- Installing: /home/dh/amr_ws/ros2_wb_camera/install/opencv_wb_camera_msgs/local/lib/python3.10/dist-packages/opencv_wb_camera_msgs/opencv_wb_camera_msgs_s__rosidl_typesupport_fastrtps_c.cpython-310-x86_64-linux-gnu.so
-- Installing: /home/dh/amr_ws/ros2_wb_camera/install/opencv_wb_camera_msgs/local/lib/python3.10/dist-packages/opencv_wb_camera_msgs/opencv_wb_camera_msgs_s__rosidl_typesupport_introspection_c.cpython-310-x86_64-linux-gnu.so
-- Installing: /home/dh/amr_ws/ros2_wb_camera/install/opencv_wb_camera_msgs/local/lib/python3.10/dist-packages/opencv_wb_camera_msgs/_opencv_wb_camera_msgs_s.ep.rosidl_typesupport_fastrtps_c.c
-- Installing: /home/dh/amr_ws/ros2_wb_camera/install/opencv_wb_camera_msgs/local/lib/python3.10/dist-packages/opencv_wb_camera_msgs/opencv_wb_camera_msgs_s__rosidl_typesupport_c.cpython-310-x86_64-linux-gnu.so
-- Installing: /home/dh/amr_ws/ros2_wb_camera/install/opencv_wb_camera_msgs/local/lib/python3.10/dist-packages/opencv_wb_camera_msgs/srv
-- Installing: /home/dh/amr_ws/ros2_wb_camera/install/opencv_wb_camera_msgs/local/lib/python3.10/dist-packages/opencv_wb_camera_msgs/srv/_multi_spawn_s.c
-- Installing: /home/dh/amr_ws/ros2_wb_camera/install/opencv_wb_camera_msgs/local/lib/python3.10/dist-packages/opencv_wb_camera_msgs/srv/_multi_spawn.py
-- Installing: /home/dh/amr_ws/ros2_wb_camera/install/opencv_wb_camera_msgs/local/lib/python3.10/dist-packages/opencv_wb_camera_msgs/srv/__init__.py
-- Installing: /home/dh/amr_ws/ros2_wb_camera/install/opencv_wb_camera_msgs/local/lib/python3.10/dist-packages/opencv_wb_camera_msgs/libopencv_wb_camera_msgs__rosidl_generator_py.so
-- Installing: /home/dh/amr_ws/ros2_wb_camera/install/opencv_wb_camera_msgs/local/lib/python3.10/dist-packages/opencv_wb_camera_msgs/msg
-- Installing: /home/dh/amr_ws/ros2_wb_camera/install/opencv_wb_camera_msgs/local/lib/python3.10/dist-packages/opencv_wb_camera_msgs/msg/__init__.py
-- Installing: /home/dh/amr_ws/ros2_wb_camera/install/opencv_wb_camera_msgs/local/lib/python3.10/dist-packages/opencv_wb_camera_msgs/msg/_camera_still_shot.py
-- Installing: /home/dh/amr_ws/ros2_wb_camera/install/opencv_wb_camera_msgs/local/lib/python3.10/dist-packages/opencv_wb_camera_msgs/msg/_camera_still_shot_s.c
-- Installing: /home/dh/amr_ws/ros2_wb_camera/install/opencv_wb_camera_msgs/local/lib/python3.10/dist-packages/opencv_wb_camera_msgs/__init__.py
-- Installing: /home/dh/amr_ws/ros2_wb_camera/install/opencv_wb_camera_msgs/local/lib/python3.10/dist-packages/opencv_wb_camera_msgs/_opencv_wb_camera_msgs_s.ep.rosidl_typesupport_c.c
-- Installing: /home/dh/amr_ws/ros2_wb_camera/install/opencv_wb_camera_msgs/local/lib/python3.10/dist-packages/opencv_wb_camera_msgs/_opencv_wb_camera_msgs_s.ep.rosidl_typesupport_introspection_c.c
Listing '/home/dh/amr_ws/ros2_wb_camera/install/opencv_wb_camera_msgs/local/lib/python3.10/dist-packages/opencv_wb_camera_msgs'...
Compiling '/home/dh/amr_ws/ros2_wb_camera/install/opencv_wb_camera_msgs/local/lib/python3.10/dist-packages/opencv_wb_camera_msgs/__init__.py'...
Listing '/home/dh/amr_ws/ros2_wb_camera/install/opencv_wb_camera_msgs/local/lib/python3.10/dist-packages/opencv_wb_camera_msgs/msg'...
Compiling '/home/dh/amr_ws/ros2_wb_camera/install/opencv_wb_camera_msgs/local/lib/python3.10/dist-packages/opencv_wb_camera_msgs/msg/__init__.py'...
Compiling '/home/dh/amr_ws/ros2_wb_camera/install/opencv_wb_camera_msgs/local/lib/python3.10/dist-packages/opencv_wb_camera_msgs/msg/_camera_still_shot.py'...
Listing '/home/dh/amr_ws/ros2_wb_camera/install/opencv_wb_camera_msgs/local/lib/python3.10/dist-packages/opencv_wb_camera_msgs/srv'...
Compiling '/home/dh/amr_ws/ros2_wb_camera/install/opencv_wb_camera_msgs/local/lib/python3.10/dist-packages/opencv_wb_camera_msgs/srv/__init__.py'...
Compiling '/home/dh/amr_ws/ros2_wb_camera/install/opencv_wb_camera_msgs/local/lib/python3.10/dist-packages/opencv_wb_camera_msgs/srv/_multi_spawn.py'...
-- Installing: /home/dh/amr_ws/ros2_wb_camera/install/opencv_wb_camera_msgs/local/lib/python3.10/dist-packages/opencv_wb_camera_msgs/opencv_wb_camera_msgs_s__rosidl_typesupport_fastrtps_c.cpython-310-x86_64-linux-gnu.so
-- Set runtime path of "/home/dh/amr_ws/ros2_wb_camera/install/opencv_wb_camera_msgs/local/lib/python3.10/dist-packages/opencv_wb_camera_msgs/opencv_wb_camera_msgs_s__rosidl_typesupport_fastrtps_c.cpython-310-x86_64-linux-gnu.so" to ""
-- Installing: /home/dh/amr_ws/ros2_wb_camera/install/opencv_wb_camera_msgs/local/lib/python3.10/dist-packages/opencv_wb_camera_msgs/opencv_wb_camera_msgs_s__rosidl_typesupport_introspection_c.cpython-310-x86_64-linux-gnu.so
-- Set runtime path of "/home/dh/amr_ws/ros2_wb_camera/install/opencv_wb_camera_msgs/local/lib/python3.10/dist-packages/opencv_wb_camera_msgs/opencv_wb_camera_msgs_s__rosidl_typesupport_introspection_c.cpython-310-x86_64-linux-gnu.so" to ""
-- Installing: /home/dh/amr_ws/ros2_wb_camera/install/opencv_wb_camera_msgs/local/lib/python3.10/dist-packages/opencv_wb_camera_msgs/opencv_wb_camera_msgs_s__rosidl_typesupport_c.cpython-310-x86_64-linux-gnu.so
-- Set runtime path of "/home/dh/amr_ws/ros2_wb_camera/install/opencv_wb_camera_msgs/local/lib/python3.10/dist-packages/opencv_wb_camera_msgs/opencv_wb_camera_msgs_s__rosidl_typesupport_c.cpython-310-x86_64-linux-gnu.so" to ""
-- Installing: /home/dh/amr_ws/ros2_wb_camera/install/opencv_wb_camera_msgs/lib/libopencv_wb_camera_msgs__rosidl_generator_py.so
-- Set runtime path of "/home/dh/amr_ws/ros2_wb_camera/install/opencv_wb_camera_msgs/lib/libopencv_wb_camera_msgs__rosidl_generator_py.so" to ""
-- Installing: /home/dh/amr_ws/ros2_wb_camera/install/opencv_wb_camera_msgs/share/opencv_wb_camera_msgs/msg/CameraStillShot.idl
-- Installing: /home/dh/amr_ws/ros2_wb_camera/install/opencv_wb_camera_msgs/share/opencv_wb_camera_msgs/srv/MultiSpawn.idl
-- Installing: /home/dh/amr_ws/ros2_wb_camera/install/opencv_wb_camera_msgs/share/opencv_wb_camera_msgs/msg/CameraStillShot.msg
-- Installing: /home/dh/amr_ws/ros2_wb_camera/install/opencv_wb_camera_msgs/share/opencv_wb_camera_msgs/srv/MultiSpawn.srv
-- Installing: /home/dh/amr_ws/ros2_wb_camera/install/opencv_wb_camera_msgs/share/opencv_wb_camera_msgs/srv/MultiSpawn_Request.msg
-- Installing: /home/dh/amr_ws/ros2_wb_camera/install/opencv_wb_camera_msgs/share/opencv_wb_camera_msgs/srv/MultiSpawn_Response.msg
-- Installing: /home/dh/amr_ws/ros2_wb_camera/install/opencv_wb_camera_msgs/share/ament_index/resource_index/package_run_dependencies/opencv_wb_camera_msgs
-- Installing: /home/dh/amr_ws/ros2_wb_camera/install/opencv_wb_camera_msgs/share/ament_index/resource_index/parent_prefix_path/opencv_wb_camera_msgs
-- Installing: /home/dh/amr_ws/ros2_wb_camera/install/opencv_wb_camera_msgs/share/opencv_wb_camera_msgs/environment/ament_prefix_path.sh
-- Installing: /home/dh/amr_ws/ros2_wb_camera/install/opencv_wb_camera_msgs/share/opencv_wb_camera_msgs/environment/ament_prefix_path.dsv
-- Installing: /home/dh/amr_ws/ros2_wb_camera/install/opencv_wb_camera_msgs/share/opencv_wb_camera_msgs/environment/path.sh
-- Installing: /home/dh/amr_ws/ros2_wb_camera/install/opencv_wb_camera_msgs/share/opencv_wb_camera_msgs/environment/path.dsv
-- Installing: /home/dh/amr_ws/ros2_wb_camera/install/opencv_wb_camera_msgs/share/opencv_wb_camera_msgs/local_setup.bash
-- Installing: /home/dh/amr_ws/ros2_wb_camera/install/opencv_wb_camera_msgs/share/opencv_wb_camera_msgs/local_setup.sh
-- Installing: /home/dh/amr_ws/ros2_wb_camera/install/opencv_wb_camera_msgs/share/opencv_wb_camera_msgs/local_setup.zsh
-- Installing: /home/dh/amr_ws/ros2_wb_camera/install/opencv_wb_camera_msgs/share/opencv_wb_camera_msgs/local_setup.dsv
-- Installing: /home/dh/amr_ws/ros2_wb_camera/install/opencv_wb_camera_msgs/share/opencv_wb_camera_msgs/package.dsv
-- Installing: /home/dh/amr_ws/ros2_wb_camera/install/opencv_wb_camera_msgs/share/ament_index/resource_index/packages/opencv_wb_camera_msgs
-- Installing: /home/dh/amr_ws/ros2_wb_camera/install/opencv_wb_camera_msgs/share/opencv_wb_camera_msgs/cmake/export_opencv_wb_camera_msgs__rosidl_generator_cExport.cmake
-- Installing: /home/dh/amr_ws/ros2_wb_camera/install/opencv_wb_camera_msgs/share/opencv_wb_camera_msgs/cmake/export_opencv_wb_camera_msgs__rosidl_generator_cExport-noconfig.cmake
-- Installing: /home/dh/amr_ws/ros2_wb_camera/install/opencv_wb_camera_msgs/share/opencv_wb_camera_msgs/cmake/export_opencv_wb_camera_msgs__rosidl_typesupport_fastrtps_cExport.cmake
-- Installing: /home/dh/amr_ws/ros2_wb_camera/install/opencv_wb_camera_msgs/share/opencv_wb_camera_msgs/cmake/export_opencv_wb_camera_msgs__rosidl_typesupport_fastrtps_cExport-noconfig.cmake
-- Installing: /home/dh/amr_ws/ros2_wb_camera/install/opencv_wb_camera_msgs/share/opencv_wb_camera_msgs/cmake/opencv_wb_camera_msgs__rosidl_typesupport_introspection_cExport.cmake
-- Installing: /home/dh/amr_ws/ros2_wb_camera/install/opencv_wb_camera_msgs/share/opencv_wb_camera_msgs/cmake/opencv_wb_camera_msgs__rosidl_typesupport_introspection_cExport-noconfig.cmake
-- Installing: /home/dh/amr_ws/ros2_wb_camera/install/opencv_wb_camera_msgs/share/opencv_wb_camera_msgs/cmake/opencv_wb_camera_msgs__rosidl_typesupport_cExport.cmake
-- Installing: /home/dh/amr_ws/ros2_wb_camera/install/opencv_wb_camera_msgs/share/opencv_wb_camera_msgs/cmake/opencv_wb_camera_msgs__rosidl_typesupport_cExport-noconfig.cmake
-- Installing: /home/dh/amr_ws/ros2_wb_camera/install/opencv_wb_camera_msgs/share/opencv_wb_camera_msgs/cmake/export_opencv_wb_camera_msgs__rosidl_generator_cppExport.cmake
-- Installing: /home/dh/amr_ws/ros2_wb_camera/install/opencv_wb_camera_msgs/share/opencv_wb_camera_msgs/cmake/export_opencv_wb_camera_msgs__rosidl_typesupport_fastrtps_cppExport.cmake
-- Installing: /home/dh/amr_ws/ros2_wb_camera/install/opencv_wb_camera_msgs/share/opencv_wb_camera_msgs/cmake/export_opencv_wb_camera_msgs__rosidl_typesupport_fastrtps_cppExport-noconfig.cmake
-- Installing: /home/dh/amr_ws/ros2_wb_camera/install/opencv_wb_camera_msgs/share/opencv_wb_camera_msgs/cmake/opencv_wb_camera_msgs__rosidl_typesupport_introspection_cppExport.cmake
-- Installing: /home/dh/amr_ws/ros2_wb_camera/install/opencv_wb_camera_msgs/share/opencv_wb_camera_msgs/cmake/opencv_wb_camera_msgs__rosidl_typesupport_introspection_cppExport-noconfig.cmake
-- Installing: /home/dh/amr_ws/ros2_wb_camera/install/opencv_wb_camera_msgs/share/opencv_wb_camera_msgs/cmake/opencv_wb_camera_msgs__rosidl_typesupport_cppExport.cmake
-- Installing: /home/dh/amr_ws/ros2_wb_camera/install/opencv_wb_camera_msgs/share/opencv_wb_camera_msgs/cmake/opencv_wb_camera_msgs__rosidl_typesupport_cppExport-noconfig.cmake
-- Installing: /home/dh/amr_ws/ros2_wb_camera/install/opencv_wb_camera_msgs/share/opencv_wb_camera_msgs/cmake/export_opencv_wb_camera_msgs__rosidl_generator_pyExport.cmake
-- Installing: /home/dh/amr_ws/ros2_wb_camera/install/opencv_wb_camera_msgs/share/opencv_wb_camera_msgs/cmake/export_opencv_wb_camera_msgs__rosidl_generator_pyExport-noconfig.cmake
-- Installing: /home/dh/amr_ws/ros2_wb_camera/install/opencv_wb_camera_msgs/share/opencv_wb_camera_msgs/cmake/rosidl_cmake-extras.cmake
-- Installing: /home/dh/amr_ws/ros2_wb_camera/install/opencv_wb_camera_msgs/share/opencv_wb_camera_msgs/cmake/ament_cmake_export_include_directories-extras.cmake
-- Installing: /home/dh/amr_ws/ros2_wb_camera/install/opencv_wb_camera_msgs/share/opencv_wb_camera_msgs/cmake/ament_cmake_export_libraries-extras.cmake
-- Installing: /home/dh/amr_ws/ros2_wb_camera/install/opencv_wb_camera_msgs/share/opencv_wb_camera_msgs/cmake/ament_cmake_export_targets-extras.cmake
-- Installing: /home/dh/amr_ws/ros2_wb_camera/install/opencv_wb_camera_msgs/share/opencv_wb_camera_msgs/cmake/rosidl_cmake_export_typesupport_targets-extras.cmake
-- Installing: /home/dh/amr_ws/ros2_wb_camera/install/opencv_wb_camera_msgs/share/opencv_wb_camera_msgs/cmake/ament_cmake_export_dependencies-extras.cmake
-- Installing: /home/dh/amr_ws/ros2_wb_camera/install/opencv_wb_camera_msgs/share/opencv_wb_camera_msgs/cmake/rosidl_cmake_export_typesupport_libraries-extras.cmake
-- Installing: /home/dh/amr_ws/ros2_wb_camera/install/opencv_wb_camera_msgs/share/opencv_wb_camera_msgs/cmake/opencv_wb_camera_msgsConfig.cmake
-- Installing: /home/dh/amr_ws/ros2_wb_camera/install/opencv_wb_camera_msgs/share/opencv_wb_camera_msgs/cmake/opencv_wb_camera_msgsConfig-version.cmake
-- Installing: /home/dh/amr_ws/ros2_wb_camera/install/opencv_wb_camera_msgs/share/opencv_wb_camera_msgs/package.xml
