[0.136s] Invoking command in '/home/dh/amr_ws/ros2_wb_camera/build/opencv_wb_camera_msgs': CMAKE_PREFIX_PATH=/home/dh/amr_ws/ros2_wb_camera/install/opencv_wb_camera:/opt/ros/humble /usr/bin/cmake --build /home/dh/amr_ws/ros2_wb_camera/build/opencv_wb_camera_msgs -- -j8 -l8
[0.151s] -- Found ament_cmake: 1.3.8 (/opt/ros/humble/share/ament_cmake/cmake)
[0.230s] -- Found rosidl_default_generators: 1.2.0 (/opt/ros/humble/share/rosidl_default_generators/cmake)
[0.231s] -- Using all available rosidl_typesupport_c: rosidl_typesupport_fastrtps_c;rosidl_typesupport_introspection_c
[0.233s] -- Found rosidl_adapter: 3.1.5 (/opt/ros/humble/share/rosidl_adapter/cmake)
[0.251s] -- Using all available rosidl_typesupport_cpp: rosidl_typesupport_fastrtps_cpp;rosidl_typesupport_introspection_cpp
[0.428s] -- Found ament_cmake_ros: 0.10.0 (/opt/ros/humble/share/ament_cmake_ros/cmake)
[0.560s] -- Using all available rosidl_typesupport_c: rosidl_typesupport_fastrtps_c;rosidl_typesupport_introspection_c
[0.749s] -- Using all available rosidl_typesupport_cpp: rosidl_typesupport_fastrtps_cpp;rosidl_typesupport_introspection_cpp
[0.766s] -- Found python_cmake_module: 0.10.0 (/opt/ros/humble/share/python_cmake_module/cmake)
[0.782s] -- Using PYTHON_EXECUTABLE: /usr/bin/python3
[0.782s] -- Using PYTHON_INCLUDE_DIRS: /usr/include/python3.10
[0.782s] -- Using PYTHON_LIBRARIES: /usr/lib/x86_64-linux-gnu/libpython3.10.so
[0.792s] -- Found ament_lint_auto: 0.12.10 (/opt/ros/humble/share/ament_lint_auto/cmake)
[0.800s] -- Added test 'lint_cmake' to check CMake code style
[0.801s] -- Added test 'xmllint' to check XML markup files
[0.803s] -- Configuring done
[0.825s] -- Generating done
[0.826s] -- Build files have been written to: /home/dh/amr_ws/ros2_wb_camera/build/opencv_wb_camera_msgs
[0.845s] [  2%] [34m[1mGenerating C code for ROS interfaces[0m
[0.855s] [  5%] [34m[1mGenerating C++ code for ROS interfaces[0m
[0.860s] [  5%] Built target ament_cmake_python_copy_opencv_wb_camera_msgs
[1.014s] running egg_info
[1.027s] writing opencv_wb_camera_msgs.egg-info/PKG-INFO
[1.028s] writing dependency_links to opencv_wb_camera_msgs.egg-info/dependency_links.txt
[1.028s] writing top-level names to opencv_wb_camera_msgs.egg-info/top_level.txt
[1.064s] reading manifest file 'opencv_wb_camera_msgs.egg-info/SOURCES.txt'
[1.065s] writing manifest file 'opencv_wb_camera_msgs.egg-info/SOURCES.txt'
[1.084s] [  5%] Built target ament_cmake_python_build_opencv_wb_camera_msgs_egg
[1.105s] [  5%] Built target opencv_wb_camera_msgs__cpp
[1.112s] [ 10%] [34m[1mGenerating C++ type support for eProsima Fast-RTPS[0m
[1.112s] [ 10%] [34m[1mGenerating C++ introspection for ROS interfaces[0m
[1.113s] [ 12%] [34m[1mGenerating C++ type support dispatch for ROS interfaces[0m
[1.119s] [35m[1mConsolidate compiler generated dependencies of target opencv_wb_camera_msgs__rosidl_generator_c[0m
[1.128s] [ 15%] [32mBuilding C object CMakeFiles/opencv_wb_camera_msgs__rosidl_generator_c.dir/rosidl_generator_c/opencv_wb_camera_msgs/msg/detail/camera_still_shot__functions.c.o[0m
[1.131s] [ 17%] [32mBuilding C object CMakeFiles/opencv_wb_camera_msgs__rosidl_generator_c.dir/rosidl_generator_c/opencv_wb_camera_msgs/srv/detail/take_snapshot__functions.c.o[0m
[1.186s] [ 20%] [32m[1mLinking C shared library libopencv_wb_camera_msgs__rosidl_generator_c.so[0m
[1.213s] [ 20%] Built target opencv_wb_camera_msgs__rosidl_generator_c
[1.221s] [ 23%] [34m[1mGenerating C type support for eProsima Fast-RTPS[0m
[1.224s] [ 28%] [34m[1mGenerating C type support dispatch for ROS interfaces[0m
[1.226s] [ 28%] [34m[1mGenerating C introspection for ROS interfaces[0m
[1.343s] [35m[1mConsolidate compiler generated dependencies of target opencv_wb_camera_msgs__rosidl_typesupport_cpp[0m
[1.354s] [ 30%] [32mBuilding CXX object CMakeFiles/opencv_wb_camera_msgs__rosidl_typesupport_cpp.dir/rosidl_typesupport_cpp/opencv_wb_camera_msgs/srv/take_snapshot__type_support.cpp.o[0m
[1.358s] [ 33%] [32mBuilding CXX object CMakeFiles/opencv_wb_camera_msgs__rosidl_typesupport_cpp.dir/rosidl_typesupport_cpp/opencv_wb_camera_msgs/msg/camera_still_shot__type_support.cpp.o[0m
[1.470s] [35m[1mConsolidate compiler generated dependencies of target opencv_wb_camera_msgs__rosidl_typesupport_introspection_cpp[0m
[1.506s] [ 38%] [32mBuilding CXX object CMakeFiles/opencv_wb_camera_msgs__rosidl_typesupport_introspection_cpp.dir/rosidl_typesupport_introspection_cpp/opencv_wb_camera_msgs/msg/detail/camera_still_shot__type_support.cpp.o[0m
[1.507s] [ 38%] [32mBuilding CXX object CMakeFiles/opencv_wb_camera_msgs__rosidl_typesupport_introspection_cpp.dir/rosidl_typesupport_introspection_cpp/opencv_wb_camera_msgs/srv/detail/take_snapshot__type_support.cpp.o[0m
[1.515s] [35m[1mConsolidate compiler generated dependencies of target opencv_wb_camera_msgs__rosidl_typesupport_fastrtps_cpp[0m
[1.531s] [ 41%] [32mBuilding CXX object CMakeFiles/opencv_wb_camera_msgs__rosidl_typesupport_fastrtps_cpp.dir/rosidl_typesupport_fastrtps_cpp/opencv_wb_camera_msgs/msg/detail/dds_fastrtps/camera_still_shot__type_support.cpp.o[0m
[1.591s] [35m[1mConsolidate compiler generated dependencies of target opencv_wb_camera_msgs__rosidl_typesupport_fastrtps_c[0m
[1.604s] [ 43%] [32mBuilding CXX object CMakeFiles/opencv_wb_camera_msgs__rosidl_typesupport_fastrtps_cpp.dir/rosidl_typesupport_fastrtps_cpp/opencv_wb_camera_msgs/srv/detail/dds_fastrtps/take_snapshot__type_support.cpp.o[0m
[1.607s] [ 46%] [32mBuilding CXX object CMakeFiles/opencv_wb_camera_msgs__rosidl_typesupport_fastrtps_c.dir/rosidl_typesupport_fastrtps_c/opencv_wb_camera_msgs/msg/detail/camera_still_shot__type_support_c.cpp.o[0m
[1.610s] [35m[1mConsolidate compiler generated dependencies of target opencv_wb_camera_msgs__rosidl_typesupport_c[0m
[1.625s] [ 48%] [32mBuilding CXX object CMakeFiles/opencv_wb_camera_msgs__rosidl_typesupport_c.dir/rosidl_typesupport_c/opencv_wb_camera_msgs/msg/camera_still_shot__type_support.cpp.o[0m
[1.666s] [35m[1mConsolidate compiler generated dependencies of target opencv_wb_camera_msgs__rosidl_typesupport_introspection_c[0m
[1.669s] [ 51%] [32mBuilding CXX object CMakeFiles/opencv_wb_camera_msgs__rosidl_typesupport_c.dir/rosidl_typesupport_c/opencv_wb_camera_msgs/srv/take_snapshot__type_support.cpp.o[0m
[1.673s] [ 53%] [32m[1mLinking CXX shared library libopencv_wb_camera_msgs__rosidl_typesupport_cpp.so[0m
[1.679s] [ 56%] [32mBuilding C object CMakeFiles/opencv_wb_camera_msgs__rosidl_typesupport_introspection_c.dir/rosidl_typesupport_introspection_c/opencv_wb_camera_msgs/msg/detail/camera_still_shot__type_support.c.o[0m
[1.716s] [ 61%] [32m[1mLinking CXX shared library libopencv_wb_camera_msgs__rosidl_typesupport_c.so[0m
[1.716s] [ 61%] [32mBuilding C object CMakeFiles/opencv_wb_camera_msgs__rosidl_typesupport_introspection_c.dir/rosidl_typesupport_introspection_c/opencv_wb_camera_msgs/srv/detail/take_snapshot__type_support.c.o[0m
[1.720s] [ 61%] Built target opencv_wb_camera_msgs__rosidl_typesupport_cpp
[1.731s] [ 64%] [32mBuilding CXX object CMakeFiles/opencv_wb_camera_msgs__rosidl_typesupport_fastrtps_c.dir/rosidl_typesupport_fastrtps_c/opencv_wb_camera_msgs/srv/detail/take_snapshot__type_support_c.cpp.o[0m
[1.760s] [ 66%] [32m[1mLinking C shared library libopencv_wb_camera_msgs__rosidl_typesupport_introspection_c.so[0m
[1.766s] [ 66%] Built target opencv_wb_camera_msgs__rosidl_typesupport_c
[1.797s] [ 66%] Built target opencv_wb_camera_msgs__rosidl_typesupport_introspection_c
[1.971s] [ 69%] [32m[1mLinking CXX shared library libopencv_wb_camera_msgs__rosidl_typesupport_introspection_cpp.so[0m
[1.992s] [ 71%] [32m[1mLinking CXX shared library libopencv_wb_camera_msgs__rosidl_typesupport_fastrtps_cpp.so[0m
[2.016s] [ 74%] [32m[1mLinking CXX shared library libopencv_wb_camera_msgs__rosidl_typesupport_fastrtps_c.so[0m
[2.023s] [ 74%] Built target opencv_wb_camera_msgs__rosidl_typesupport_introspection_cpp
[2.054s] [ 74%] Built target opencv_wb_camera_msgs__rosidl_typesupport_fastrtps_cpp
[2.084s] [ 74%] Built target opencv_wb_camera_msgs__rosidl_typesupport_fastrtps_c
[2.101s] [ 74%] Built target opencv_wb_camera_msgs
[2.116s] [ 76%] [34m[1mGenerating Python code for ROS interfaces[0m
[2.536s] [ 76%] Built target opencv_wb_camera_msgs__py
[2.544s] [35m[1mConsolidate compiler generated dependencies of target opencv_wb_camera_msgs__rosidl_generator_py[0m
[2.555s] [ 82%] [32mBuilding C object CMakeFiles/opencv_wb_camera_msgs__rosidl_generator_py.dir/rosidl_generator_py/opencv_wb_camera_msgs/msg/_camera_still_shot_s.c.o[0m
[2.555s] [ 82%] [32mBuilding C object CMakeFiles/opencv_wb_camera_msgs__rosidl_generator_py.dir/rosidl_generator_py/opencv_wb_camera_msgs/srv/_take_snapshot_s.c.o[0m
[2.637s] [ 84%] [32m[1mLinking C shared library rosidl_generator_py/opencv_wb_camera_msgs/libopencv_wb_camera_msgs__rosidl_generator_py.so[0m
[2.674s] [ 84%] Built target opencv_wb_camera_msgs__rosidl_generator_py
[2.688s] [35m[1mConsolidate compiler generated dependencies of target opencv_wb_camera_msgs__rosidl_typesupport_fastrtps_c__pyext[0m
[2.688s] [35m[1mConsolidate compiler generated dependencies of target opencv_wb_camera_msgs__rosidl_typesupport_introspection_c__pyext[0m
[2.688s] [35m[1mConsolidate compiler generated dependencies of target opencv_wb_camera_msgs__rosidl_typesupport_c__pyext[0m
[2.697s] [ 87%] [32mBuilding C object CMakeFiles/opencv_wb_camera_msgs__rosidl_typesupport_fastrtps_c__pyext.dir/rosidl_generator_py/opencv_wb_camera_msgs/_opencv_wb_camera_msgs_s.ep.rosidl_typesupport_fastrtps_c.c.o[0m
[2.699s] [ 89%] [32mBuilding C object CMakeFiles/opencv_wb_camera_msgs__rosidl_typesupport_c__pyext.dir/rosidl_generator_py/opencv_wb_camera_msgs/_opencv_wb_camera_msgs_s.ep.rosidl_typesupport_c.c.o[0m
[2.699s] [ 92%] [32mBuilding C object CMakeFiles/opencv_wb_camera_msgs__rosidl_typesupport_introspection_c__pyext.dir/rosidl_generator_py/opencv_wb_camera_msgs/_opencv_wb_camera_msgs_s.ep.rosidl_typesupport_introspection_c.c.o[0m
[2.794s] [ 94%] [32m[1mLinking C shared library rosidl_generator_py/opencv_wb_camera_msgs/opencv_wb_camera_msgs_s__rosidl_typesupport_fastrtps_c.cpython-310-x86_64-linux-gnu.so[0m
[2.802s] [ 97%] [32m[1mLinking C shared library rosidl_generator_py/opencv_wb_camera_msgs/opencv_wb_camera_msgs_s__rosidl_typesupport_introspection_c.cpython-310-x86_64-linux-gnu.so[0m
[2.817s] [100%] [32m[1mLinking C shared library rosidl_generator_py/opencv_wb_camera_msgs/opencv_wb_camera_msgs_s__rosidl_typesupport_c.cpython-310-x86_64-linux-gnu.so[0m
[2.826s] [100%] Built target opencv_wb_camera_msgs__rosidl_typesupport_fastrtps_c__pyext
[2.833s] [100%] Built target opencv_wb_camera_msgs__rosidl_typesupport_introspection_c__pyext
[2.845s] [100%] Built target opencv_wb_camera_msgs__rosidl_typesupport_c__pyext
[2.854s] Invoked command in '/home/dh/amr_ws/ros2_wb_camera/build/opencv_wb_camera_msgs' returned '0': CMAKE_PREFIX_PATH=/home/dh/amr_ws/ros2_wb_camera/install/opencv_wb_camera:/opt/ros/humble /usr/bin/cmake --build /home/dh/amr_ws/ros2_wb_camera/build/opencv_wb_camera_msgs -- -j8 -l8
[2.911s] Invoking command in '/home/dh/amr_ws/ros2_wb_camera/build/opencv_wb_camera_msgs': CMAKE_PREFIX_PATH=/home/dh/amr_ws/ros2_wb_camera/install/opencv_wb_camera:/opt/ros/humble /usr/bin/cmake --install /home/dh/amr_ws/ros2_wb_camera/build/opencv_wb_camera_msgs
[2.919s] -- Install configuration: ""
[2.920s] -- Installing: /home/dh/amr_ws/ros2_wb_camera/install/opencv_wb_camera_msgs/share/ament_index/resource_index/rosidl_interfaces/opencv_wb_camera_msgs
[2.920s] -- Up-to-date: /home/dh/amr_ws/ros2_wb_camera/install/opencv_wb_camera_msgs/include/opencv_wb_camera_msgs/opencv_wb_camera_msgs
[2.920s] -- Up-to-date: /home/dh/amr_ws/ros2_wb_camera/install/opencv_wb_camera_msgs/include/opencv_wb_camera_msgs/opencv_wb_camera_msgs/srv
[2.920s] -- Up-to-date: /home/dh/amr_ws/ros2_wb_camera/install/opencv_wb_camera_msgs/include/opencv_wb_camera_msgs/opencv_wb_camera_msgs/srv/detail
[2.920s] -- Installing: /home/dh/amr_ws/ros2_wb_camera/install/opencv_wb_camera_msgs/include/opencv_wb_camera_msgs/opencv_wb_camera_msgs/srv/detail/take_snapshot__type_support.h
[2.920s] -- Up-to-date: /home/dh/amr_ws/ros2_wb_camera/install/opencv_wb_camera_msgs/include/opencv_wb_camera_msgs/opencv_wb_camera_msgs/srv/detail/multi_spawn__type_support.h
[2.920s] -- Installing: /home/dh/amr_ws/ros2_wb_camera/install/opencv_wb_camera_msgs/include/opencv_wb_camera_msgs/opencv_wb_camera_msgs/srv/detail/take_snapshot__functions.c
[2.920s] -- Up-to-date: /home/dh/amr_ws/ros2_wb_camera/install/opencv_wb_camera_msgs/include/opencv_wb_camera_msgs/opencv_wb_camera_msgs/srv/detail/multi_spawn__functions.c
[2.920s] -- Installing: /home/dh/amr_ws/ros2_wb_camera/install/opencv_wb_camera_msgs/include/opencv_wb_camera_msgs/opencv_wb_camera_msgs/srv/detail/take_snapshot__struct.h
[2.920s] -- Up-to-date: /home/dh/amr_ws/ros2_wb_camera/install/opencv_wb_camera_msgs/include/opencv_wb_camera_msgs/opencv_wb_camera_msgs/srv/detail/multi_spawn__functions.h
[2.921s] -- Up-to-date: /home/dh/amr_ws/ros2_wb_camera/install/opencv_wb_camera_msgs/include/opencv_wb_camera_msgs/opencv_wb_camera_msgs/srv/detail/multi_spawn__struct.h
[2.921s] -- Installing: /home/dh/amr_ws/ros2_wb_camera/install/opencv_wb_camera_msgs/include/opencv_wb_camera_msgs/opencv_wb_camera_msgs/srv/detail/take_snapshot__functions.h
[2.921s] -- Up-to-date: /home/dh/amr_ws/ros2_wb_camera/install/opencv_wb_camera_msgs/include/opencv_wb_camera_msgs/opencv_wb_camera_msgs/srv/multi_spawn.h
[2.921s] -- Installing: /home/dh/amr_ws/ros2_wb_camera/install/opencv_wb_camera_msgs/include/opencv_wb_camera_msgs/opencv_wb_camera_msgs/srv/take_snapshot.h
[2.921s] -- Up-to-date: /home/dh/amr_ws/ros2_wb_camera/install/opencv_wb_camera_msgs/include/opencv_wb_camera_msgs/opencv_wb_camera_msgs/msg
[2.921s] -- Installing: /home/dh/amr_ws/ros2_wb_camera/install/opencv_wb_camera_msgs/include/opencv_wb_camera_msgs/opencv_wb_camera_msgs/msg/camera_still_shot.h
[2.921s] -- Up-to-date: /home/dh/amr_ws/ros2_wb_camera/install/opencv_wb_camera_msgs/include/opencv_wb_camera_msgs/opencv_wb_camera_msgs/msg/detail
[2.921s] -- Installing: /home/dh/amr_ws/ros2_wb_camera/install/opencv_wb_camera_msgs/include/opencv_wb_camera_msgs/opencv_wb_camera_msgs/msg/detail/camera_still_shot__type_support.h
[2.921s] -- Installing: /home/dh/amr_ws/ros2_wb_camera/install/opencv_wb_camera_msgs/include/opencv_wb_camera_msgs/opencv_wb_camera_msgs/msg/detail/camera_still_shot__functions.h
[2.921s] -- Installing: /home/dh/amr_ws/ros2_wb_camera/install/opencv_wb_camera_msgs/include/opencv_wb_camera_msgs/opencv_wb_camera_msgs/msg/detail/camera_still_shot__functions.c
[2.921s] -- Installing: /home/dh/amr_ws/ros2_wb_camera/install/opencv_wb_camera_msgs/include/opencv_wb_camera_msgs/opencv_wb_camera_msgs/msg/detail/camera_still_shot__struct.h
[2.921s] -- Up-to-date: /home/dh/amr_ws/ros2_wb_camera/install/opencv_wb_camera_msgs/include/opencv_wb_camera_msgs/opencv_wb_camera_msgs/msg/rosidl_generator_c__visibility_control.h
[2.921s] -- Up-to-date: /home/dh/amr_ws/ros2_wb_camera/install/opencv_wb_camera_msgs/share/opencv_wb_camera_msgs/environment/library_path.sh
[2.921s] -- Installing: /home/dh/amr_ws/ros2_wb_camera/install/opencv_wb_camera_msgs/share/opencv_wb_camera_msgs/environment/library_path.dsv
[2.922s] -- Installing: /home/dh/amr_ws/ros2_wb_camera/install/opencv_wb_camera_msgs/lib/libopencv_wb_camera_msgs__rosidl_generator_c.so
[2.922s] -- Set runtime path of "/home/dh/amr_ws/ros2_wb_camera/install/opencv_wb_camera_msgs/lib/libopencv_wb_camera_msgs__rosidl_generator_c.so" to ""
[2.922s] -- Up-to-date: /home/dh/amr_ws/ros2_wb_camera/install/opencv_wb_camera_msgs/include/opencv_wb_camera_msgs/opencv_wb_camera_msgs
[2.922s] -- Up-to-date: /home/dh/amr_ws/ros2_wb_camera/install/opencv_wb_camera_msgs/include/opencv_wb_camera_msgs/opencv_wb_camera_msgs/srv
[2.922s] -- Up-to-date: /home/dh/amr_ws/ros2_wb_camera/install/opencv_wb_camera_msgs/include/opencv_wb_camera_msgs/opencv_wb_camera_msgs/srv/detail
[2.923s] -- Up-to-date: /home/dh/amr_ws/ros2_wb_camera/install/opencv_wb_camera_msgs/include/opencv_wb_camera_msgs/opencv_wb_camera_msgs/srv/detail/multi_spawn__rosidl_typesupport_fastrtps_c.h
[2.923s] -- Installing: /home/dh/amr_ws/ros2_wb_camera/install/opencv_wb_camera_msgs/include/opencv_wb_camera_msgs/opencv_wb_camera_msgs/srv/detail/take_snapshot__rosidl_typesupport_fastrtps_c.h
[2.923s] -- Up-to-date: /home/dh/amr_ws/ros2_wb_camera/install/opencv_wb_camera_msgs/include/opencv_wb_camera_msgs/opencv_wb_camera_msgs/msg
[2.923s] -- Up-to-date: /home/dh/amr_ws/ros2_wb_camera/install/opencv_wb_camera_msgs/include/opencv_wb_camera_msgs/opencv_wb_camera_msgs/msg/rosidl_typesupport_fastrtps_c__visibility_control.h
[2.923s] -- Up-to-date: /home/dh/amr_ws/ros2_wb_camera/install/opencv_wb_camera_msgs/include/opencv_wb_camera_msgs/opencv_wb_camera_msgs/msg/detail
[2.923s] -- Installing: /home/dh/amr_ws/ros2_wb_camera/install/opencv_wb_camera_msgs/include/opencv_wb_camera_msgs/opencv_wb_camera_msgs/msg/detail/camera_still_shot__rosidl_typesupport_fastrtps_c.h
[2.923s] -- Installing: /home/dh/amr_ws/ros2_wb_camera/install/opencv_wb_camera_msgs/lib/libopencv_wb_camera_msgs__rosidl_typesupport_fastrtps_c.so
[2.923s] -- Set runtime path of "/home/dh/amr_ws/ros2_wb_camera/install/opencv_wb_camera_msgs/lib/libopencv_wb_camera_msgs__rosidl_typesupport_fastrtps_c.so" to ""
[2.923s] -- Up-to-date: /home/dh/amr_ws/ros2_wb_camera/install/opencv_wb_camera_msgs/include/opencv_wb_camera_msgs/opencv_wb_camera_msgs
[2.923s] -- Up-to-date: /home/dh/amr_ws/ros2_wb_camera/install/opencv_wb_camera_msgs/include/opencv_wb_camera_msgs/opencv_wb_camera_msgs/srv
[2.923s] -- Up-to-date: /home/dh/amr_ws/ros2_wb_camera/install/opencv_wb_camera_msgs/include/opencv_wb_camera_msgs/opencv_wb_camera_msgs/srv/detail
[2.924s] -- Installing: /home/dh/amr_ws/ros2_wb_camera/install/opencv_wb_camera_msgs/include/opencv_wb_camera_msgs/opencv_wb_camera_msgs/srv/detail/take_snapshot__type_support.c
[2.924s] -- Up-to-date: /home/dh/amr_ws/ros2_wb_camera/install/opencv_wb_camera_msgs/include/opencv_wb_camera_msgs/opencv_wb_camera_msgs/srv/detail/multi_spawn__type_support.c
[2.924s] -- Up-to-date: /home/dh/amr_ws/ros2_wb_camera/install/opencv_wb_camera_msgs/include/opencv_wb_camera_msgs/opencv_wb_camera_msgs/srv/detail/multi_spawn__rosidl_typesupport_introspection_c.h
[2.924s] -- Installing: /home/dh/amr_ws/ros2_wb_camera/install/opencv_wb_camera_msgs/include/opencv_wb_camera_msgs/opencv_wb_camera_msgs/srv/detail/take_snapshot__rosidl_typesupport_introspection_c.h
[2.924s] -- Up-to-date: /home/dh/amr_ws/ros2_wb_camera/install/opencv_wb_camera_msgs/include/opencv_wb_camera_msgs/opencv_wb_camera_msgs/msg
[2.924s] -- Up-to-date: /home/dh/amr_ws/ros2_wb_camera/install/opencv_wb_camera_msgs/include/opencv_wb_camera_msgs/opencv_wb_camera_msgs/msg/detail
[2.924s] -- Installing: /home/dh/amr_ws/ros2_wb_camera/install/opencv_wb_camera_msgs/include/opencv_wb_camera_msgs/opencv_wb_camera_msgs/msg/detail/camera_still_shot__rosidl_typesupport_introspection_c.h
[2.924s] -- Installing: /home/dh/amr_ws/ros2_wb_camera/install/opencv_wb_camera_msgs/include/opencv_wb_camera_msgs/opencv_wb_camera_msgs/msg/detail/camera_still_shot__type_support.c
[2.924s] -- Up-to-date: /home/dh/amr_ws/ros2_wb_camera/install/opencv_wb_camera_msgs/include/opencv_wb_camera_msgs/opencv_wb_camera_msgs/msg/rosidl_typesupport_introspection_c__visibility_control.h
[2.924s] -- Installing: /home/dh/amr_ws/ros2_wb_camera/install/opencv_wb_camera_msgs/lib/libopencv_wb_camera_msgs__rosidl_typesupport_introspection_c.so
[2.924s] -- Set runtime path of "/home/dh/amr_ws/ros2_wb_camera/install/opencv_wb_camera_msgs/lib/libopencv_wb_camera_msgs__rosidl_typesupport_introspection_c.so" to ""
[2.924s] -- Installing: /home/dh/amr_ws/ros2_wb_camera/install/opencv_wb_camera_msgs/lib/libopencv_wb_camera_msgs__rosidl_typesupport_c.so
[2.924s] -- Set runtime path of "/home/dh/amr_ws/ros2_wb_camera/install/opencv_wb_camera_msgs/lib/libopencv_wb_camera_msgs__rosidl_typesupport_c.so" to ""
[2.924s] -- Up-to-date: /home/dh/amr_ws/ros2_wb_camera/install/opencv_wb_camera_msgs/include/opencv_wb_camera_msgs/opencv_wb_camera_msgs
[2.924s] -- Up-to-date: /home/dh/amr_ws/ros2_wb_camera/install/opencv_wb_camera_msgs/include/opencv_wb_camera_msgs/opencv_wb_camera_msgs/srv
[2.924s] -- Up-to-date: /home/dh/amr_ws/ros2_wb_camera/install/opencv_wb_camera_msgs/include/opencv_wb_camera_msgs/opencv_wb_camera_msgs/srv/multi_spawn.hpp
[2.925s] -- Up-to-date: /home/dh/amr_ws/ros2_wb_camera/install/opencv_wb_camera_msgs/include/opencv_wb_camera_msgs/opencv_wb_camera_msgs/srv/detail
[2.925s] -- Installing: /home/dh/amr_ws/ros2_wb_camera/install/opencv_wb_camera_msgs/include/opencv_wb_camera_msgs/opencv_wb_camera_msgs/srv/detail/take_snapshot__struct.hpp
[2.925s] -- Installing: /home/dh/amr_ws/ros2_wb_camera/install/opencv_wb_camera_msgs/include/opencv_wb_camera_msgs/opencv_wb_camera_msgs/srv/detail/take_snapshot__builder.hpp
[2.925s] -- Up-to-date: /home/dh/amr_ws/ros2_wb_camera/install/opencv_wb_camera_msgs/include/opencv_wb_camera_msgs/opencv_wb_camera_msgs/srv/detail/multi_spawn__traits.hpp
[2.925s] -- Up-to-date: /home/dh/amr_ws/ros2_wb_camera/install/opencv_wb_camera_msgs/include/opencv_wb_camera_msgs/opencv_wb_camera_msgs/srv/detail/multi_spawn__struct.hpp
[2.925s] -- Installing: /home/dh/amr_ws/ros2_wb_camera/install/opencv_wb_camera_msgs/include/opencv_wb_camera_msgs/opencv_wb_camera_msgs/srv/detail/take_snapshot__traits.hpp
[2.925s] -- Up-to-date: /home/dh/amr_ws/ros2_wb_camera/install/opencv_wb_camera_msgs/include/opencv_wb_camera_msgs/opencv_wb_camera_msgs/srv/detail/multi_spawn__builder.hpp
[2.925s] -- Installing: /home/dh/amr_ws/ros2_wb_camera/install/opencv_wb_camera_msgs/include/opencv_wb_camera_msgs/opencv_wb_camera_msgs/srv/take_snapshot.hpp
[2.925s] -- Up-to-date: /home/dh/amr_ws/ros2_wb_camera/install/opencv_wb_camera_msgs/include/opencv_wb_camera_msgs/opencv_wb_camera_msgs/msg
[2.925s] -- Up-to-date: /home/dh/amr_ws/ros2_wb_camera/install/opencv_wb_camera_msgs/include/opencv_wb_camera_msgs/opencv_wb_camera_msgs/msg/detail
[2.925s] -- Installing: /home/dh/amr_ws/ros2_wb_camera/install/opencv_wb_camera_msgs/include/opencv_wb_camera_msgs/opencv_wb_camera_msgs/msg/detail/camera_still_shot__struct.hpp
[2.926s] -- Installing: /home/dh/amr_ws/ros2_wb_camera/install/opencv_wb_camera_msgs/include/opencv_wb_camera_msgs/opencv_wb_camera_msgs/msg/detail/camera_still_shot__traits.hpp
[2.926s] -- Installing: /home/dh/amr_ws/ros2_wb_camera/install/opencv_wb_camera_msgs/include/opencv_wb_camera_msgs/opencv_wb_camera_msgs/msg/detail/camera_still_shot__builder.hpp
[2.926s] -- Installing: /home/dh/amr_ws/ros2_wb_camera/install/opencv_wb_camera_msgs/include/opencv_wb_camera_msgs/opencv_wb_camera_msgs/msg/camera_still_shot.hpp
[2.926s] -- Up-to-date: /home/dh/amr_ws/ros2_wb_camera/install/opencv_wb_camera_msgs/include/opencv_wb_camera_msgs/opencv_wb_camera_msgs
[2.926s] -- Up-to-date: /home/dh/amr_ws/ros2_wb_camera/install/opencv_wb_camera_msgs/include/opencv_wb_camera_msgs/opencv_wb_camera_msgs/srv
[2.926s] -- Up-to-date: /home/dh/amr_ws/ros2_wb_camera/install/opencv_wb_camera_msgs/include/opencv_wb_camera_msgs/opencv_wb_camera_msgs/srv/detail
[2.926s] -- Up-to-date: /home/dh/amr_ws/ros2_wb_camera/install/opencv_wb_camera_msgs/include/opencv_wb_camera_msgs/opencv_wb_camera_msgs/srv/detail/dds_fastrtps
[2.926s] -- Installing: /home/dh/amr_ws/ros2_wb_camera/install/opencv_wb_camera_msgs/include/opencv_wb_camera_msgs/opencv_wb_camera_msgs/srv/detail/take_snapshot__rosidl_typesupport_fastrtps_cpp.hpp
[2.926s] -- Up-to-date: /home/dh/amr_ws/ros2_wb_camera/install/opencv_wb_camera_msgs/include/opencv_wb_camera_msgs/opencv_wb_camera_msgs/srv/detail/multi_spawn__rosidl_typesupport_fastrtps_cpp.hpp
[2.926s] -- Up-to-date: /home/dh/amr_ws/ros2_wb_camera/install/opencv_wb_camera_msgs/include/opencv_wb_camera_msgs/opencv_wb_camera_msgs/msg
[2.926s] -- Up-to-date: /home/dh/amr_ws/ros2_wb_camera/install/opencv_wb_camera_msgs/include/opencv_wb_camera_msgs/opencv_wb_camera_msgs/msg/detail
[2.926s] -- Up-to-date: /home/dh/amr_ws/ros2_wb_camera/install/opencv_wb_camera_msgs/include/opencv_wb_camera_msgs/opencv_wb_camera_msgs/msg/detail/dds_fastrtps
[2.926s] -- Installing: /home/dh/amr_ws/ros2_wb_camera/install/opencv_wb_camera_msgs/include/opencv_wb_camera_msgs/opencv_wb_camera_msgs/msg/detail/camera_still_shot__rosidl_typesupport_fastrtps_cpp.hpp
[2.927s] -- Up-to-date: /home/dh/amr_ws/ros2_wb_camera/install/opencv_wb_camera_msgs/include/opencv_wb_camera_msgs/opencv_wb_camera_msgs/msg/rosidl_typesupport_fastrtps_cpp__visibility_control.h
[2.927s] -- Installing: /home/dh/amr_ws/ros2_wb_camera/install/opencv_wb_camera_msgs/lib/libopencv_wb_camera_msgs__rosidl_typesupport_fastrtps_cpp.so
[2.927s] -- Set runtime path of "/home/dh/amr_ws/ros2_wb_camera/install/opencv_wb_camera_msgs/lib/libopencv_wb_camera_msgs__rosidl_typesupport_fastrtps_cpp.so" to ""
[2.927s] -- Up-to-date: /home/dh/amr_ws/ros2_wb_camera/install/opencv_wb_camera_msgs/include/opencv_wb_camera_msgs/opencv_wb_camera_msgs
[2.927s] -- Up-to-date: /home/dh/amr_ws/ros2_wb_camera/install/opencv_wb_camera_msgs/include/opencv_wb_camera_msgs/opencv_wb_camera_msgs/srv
[2.927s] -- Up-to-date: /home/dh/amr_ws/ros2_wb_camera/install/opencv_wb_camera_msgs/include/opencv_wb_camera_msgs/opencv_wb_camera_msgs/srv/detail
[2.927s] -- Installing: /home/dh/amr_ws/ros2_wb_camera/install/opencv_wb_camera_msgs/include/opencv_wb_camera_msgs/opencv_wb_camera_msgs/srv/detail/take_snapshot__rosidl_typesupport_introspection_cpp.hpp
[2.927s] -- Up-to-date: /home/dh/amr_ws/ros2_wb_camera/install/opencv_wb_camera_msgs/include/opencv_wb_camera_msgs/opencv_wb_camera_msgs/srv/detail/multi_spawn__rosidl_typesupport_introspection_cpp.hpp
[2.927s] -- Up-to-date: /home/dh/amr_ws/ros2_wb_camera/install/opencv_wb_camera_msgs/include/opencv_wb_camera_msgs/opencv_wb_camera_msgs/srv/detail/multi_spawn__type_support.cpp
[2.927s] -- Installing: /home/dh/amr_ws/ros2_wb_camera/install/opencv_wb_camera_msgs/include/opencv_wb_camera_msgs/opencv_wb_camera_msgs/srv/detail/take_snapshot__type_support.cpp
[2.927s] -- Up-to-date: /home/dh/amr_ws/ros2_wb_camera/install/opencv_wb_camera_msgs/include/opencv_wb_camera_msgs/opencv_wb_camera_msgs/msg
[2.928s] -- Up-to-date: /home/dh/amr_ws/ros2_wb_camera/install/opencv_wb_camera_msgs/include/opencv_wb_camera_msgs/opencv_wb_camera_msgs/msg/detail
[2.928s] -- Installing: /home/dh/amr_ws/ros2_wb_camera/install/opencv_wb_camera_msgs/include/opencv_wb_camera_msgs/opencv_wb_camera_msgs/msg/detail/camera_still_shot__rosidl_typesupport_introspection_cpp.hpp
[2.928s] -- Installing: /home/dh/amr_ws/ros2_wb_camera/install/opencv_wb_camera_msgs/include/opencv_wb_camera_msgs/opencv_wb_camera_msgs/msg/detail/camera_still_shot__type_support.cpp
[2.928s] -- Installing: /home/dh/amr_ws/ros2_wb_camera/install/opencv_wb_camera_msgs/lib/libopencv_wb_camera_msgs__rosidl_typesupport_introspection_cpp.so
[2.928s] -- Set runtime path of "/home/dh/amr_ws/ros2_wb_camera/install/opencv_wb_camera_msgs/lib/libopencv_wb_camera_msgs__rosidl_typesupport_introspection_cpp.so" to ""
[2.928s] -- Installing: /home/dh/amr_ws/ros2_wb_camera/install/opencv_wb_camera_msgs/lib/libopencv_wb_camera_msgs__rosidl_typesupport_cpp.so
[2.928s] -- Set runtime path of "/home/dh/amr_ws/ros2_wb_camera/install/opencv_wb_camera_msgs/lib/libopencv_wb_camera_msgs__rosidl_typesupport_cpp.so" to ""
[2.928s] -- Up-to-date: /home/dh/amr_ws/ros2_wb_camera/install/opencv_wb_camera_msgs/share/opencv_wb_camera_msgs/environment/pythonpath.sh
[2.928s] -- Installing: /home/dh/amr_ws/ros2_wb_camera/install/opencv_wb_camera_msgs/share/opencv_wb_camera_msgs/environment/pythonpath.dsv
[2.928s] -- Up-to-date: /home/dh/amr_ws/ros2_wb_camera/install/opencv_wb_camera_msgs/local/lib/python3.10/dist-packages/opencv_wb_camera_msgs-0.0.0-py3.10.egg-info
[2.928s] -- Installing: /home/dh/amr_ws/ros2_wb_camera/install/opencv_wb_camera_msgs/local/lib/python3.10/dist-packages/opencv_wb_camera_msgs-0.0.0-py3.10.egg-info/SOURCES.txt
[2.928s] -- Installing: /home/dh/amr_ws/ros2_wb_camera/install/opencv_wb_camera_msgs/local/lib/python3.10/dist-packages/opencv_wb_camera_msgs-0.0.0-py3.10.egg-info/top_level.txt
[2.929s] -- Installing: /home/dh/amr_ws/ros2_wb_camera/install/opencv_wb_camera_msgs/local/lib/python3.10/dist-packages/opencv_wb_camera_msgs-0.0.0-py3.10.egg-info/PKG-INFO
[2.929s] -- Installing: /home/dh/amr_ws/ros2_wb_camera/install/opencv_wb_camera_msgs/local/lib/python3.10/dist-packages/opencv_wb_camera_msgs-0.0.0-py3.10.egg-info/dependency_links.txt
[2.929s] -- Up-to-date: /home/dh/amr_ws/ros2_wb_camera/install/opencv_wb_camera_msgs/local/lib/python3.10/dist-packages/opencv_wb_camera_msgs
[2.929s] -- Installing: /home/dh/amr_ws/ros2_wb_camera/install/opencv_wb_camera_msgs/local/lib/python3.10/dist-packages/opencv_wb_camera_msgs/opencv_wb_camera_msgs_s__rosidl_typesupport_fastrtps_c.cpython-310-x86_64-linux-gnu.so
[2.929s] -- Installing: /home/dh/amr_ws/ros2_wb_camera/install/opencv_wb_camera_msgs/local/lib/python3.10/dist-packages/opencv_wb_camera_msgs/opencv_wb_camera_msgs_s__rosidl_typesupport_introspection_c.cpython-310-x86_64-linux-gnu.so
[2.929s] -- Installing: /home/dh/amr_ws/ros2_wb_camera/install/opencv_wb_camera_msgs/local/lib/python3.10/dist-packages/opencv_wb_camera_msgs/_opencv_wb_camera_msgs_s.ep.rosidl_typesupport_fastrtps_c.c
[2.929s] -- Installing: /home/dh/amr_ws/ros2_wb_camera/install/opencv_wb_camera_msgs/local/lib/python3.10/dist-packages/opencv_wb_camera_msgs/opencv_wb_camera_msgs_s__rosidl_typesupport_c.cpython-310-x86_64-linux-gnu.so
[2.929s] -- Up-to-date: /home/dh/amr_ws/ros2_wb_camera/install/opencv_wb_camera_msgs/local/lib/python3.10/dist-packages/opencv_wb_camera_msgs/srv
[2.929s] -- Installing: /home/dh/amr_ws/ros2_wb_camera/install/opencv_wb_camera_msgs/local/lib/python3.10/dist-packages/opencv_wb_camera_msgs/srv/_take_snapshot_s.c
[2.929s] -- Up-to-date: /home/dh/amr_ws/ros2_wb_camera/install/opencv_wb_camera_msgs/local/lib/python3.10/dist-packages/opencv_wb_camera_msgs/srv/_multi_spawn_s.c
[2.929s] -- Up-to-date: /home/dh/amr_ws/ros2_wb_camera/install/opencv_wb_camera_msgs/local/lib/python3.10/dist-packages/opencv_wb_camera_msgs/srv/_multi_spawn.py
[2.929s] -- Installing: /home/dh/amr_ws/ros2_wb_camera/install/opencv_wb_camera_msgs/local/lib/python3.10/dist-packages/opencv_wb_camera_msgs/srv/__init__.py
[2.930s] -- Installing: /home/dh/amr_ws/ros2_wb_camera/install/opencv_wb_camera_msgs/local/lib/python3.10/dist-packages/opencv_wb_camera_msgs/srv/_take_snapshot.py
[2.930s] -- Installing: /home/dh/amr_ws/ros2_wb_camera/install/opencv_wb_camera_msgs/local/lib/python3.10/dist-packages/opencv_wb_camera_msgs/libopencv_wb_camera_msgs__rosidl_generator_py.so
[2.930s] -- Up-to-date: /home/dh/amr_ws/ros2_wb_camera/install/opencv_wb_camera_msgs/local/lib/python3.10/dist-packages/opencv_wb_camera_msgs/msg
[2.930s] -- Installing: /home/dh/amr_ws/ros2_wb_camera/install/opencv_wb_camera_msgs/local/lib/python3.10/dist-packages/opencv_wb_camera_msgs/msg/__init__.py
[2.930s] -- Installing: /home/dh/amr_ws/ros2_wb_camera/install/opencv_wb_camera_msgs/local/lib/python3.10/dist-packages/opencv_wb_camera_msgs/msg/_camera_still_shot.py
[2.930s] -- Installing: /home/dh/amr_ws/ros2_wb_camera/install/opencv_wb_camera_msgs/local/lib/python3.10/dist-packages/opencv_wb_camera_msgs/msg/_camera_still_shot_s.c
[2.930s] -- Installing: /home/dh/amr_ws/ros2_wb_camera/install/opencv_wb_camera_msgs/local/lib/python3.10/dist-packages/opencv_wb_camera_msgs/__init__.py
[2.930s] -- Installing: /home/dh/amr_ws/ros2_wb_camera/install/opencv_wb_camera_msgs/local/lib/python3.10/dist-packages/opencv_wb_camera_msgs/_opencv_wb_camera_msgs_s.ep.rosidl_typesupport_c.c
[2.930s] -- Installing: /home/dh/amr_ws/ros2_wb_camera/install/opencv_wb_camera_msgs/local/lib/python3.10/dist-packages/opencv_wb_camera_msgs/_opencv_wb_camera_msgs_s.ep.rosidl_typesupport_introspection_c.c
[2.959s] Listing '/home/dh/amr_ws/ros2_wb_camera/install/opencv_wb_camera_msgs/local/lib/python3.10/dist-packages/opencv_wb_camera_msgs'...
[2.960s] Compiling '/home/dh/amr_ws/ros2_wb_camera/install/opencv_wb_camera_msgs/local/lib/python3.10/dist-packages/opencv_wb_camera_msgs/__init__.py'...
[2.960s] Listing '/home/dh/amr_ws/ros2_wb_camera/install/opencv_wb_camera_msgs/local/lib/python3.10/dist-packages/opencv_wb_camera_msgs/msg'...
[2.960s] Compiling '/home/dh/amr_ws/ros2_wb_camera/install/opencv_wb_camera_msgs/local/lib/python3.10/dist-packages/opencv_wb_camera_msgs/msg/__init__.py'...
[2.960s] Compiling '/home/dh/amr_ws/ros2_wb_camera/install/opencv_wb_camera_msgs/local/lib/python3.10/dist-packages/opencv_wb_camera_msgs/msg/_camera_still_shot.py'...
[2.960s] Listing '/home/dh/amr_ws/ros2_wb_camera/install/opencv_wb_camera_msgs/local/lib/python3.10/dist-packages/opencv_wb_camera_msgs/srv'...
[2.960s] Compiling '/home/dh/amr_ws/ros2_wb_camera/install/opencv_wb_camera_msgs/local/lib/python3.10/dist-packages/opencv_wb_camera_msgs/srv/__init__.py'...
[2.960s] Compiling '/home/dh/amr_ws/ros2_wb_camera/install/opencv_wb_camera_msgs/local/lib/python3.10/dist-packages/opencv_wb_camera_msgs/srv/_take_snapshot.py'...
[2.963s] -- Installing: /home/dh/amr_ws/ros2_wb_camera/install/opencv_wb_camera_msgs/local/lib/python3.10/dist-packages/opencv_wb_camera_msgs/opencv_wb_camera_msgs_s__rosidl_typesupport_fastrtps_c.cpython-310-x86_64-linux-gnu.so
[2.963s] -- Set runtime path of "/home/dh/amr_ws/ros2_wb_camera/install/opencv_wb_camera_msgs/local/lib/python3.10/dist-packages/opencv_wb_camera_msgs/opencv_wb_camera_msgs_s__rosidl_typesupport_fastrtps_c.cpython-310-x86_64-linux-gnu.so" to ""
[2.963s] -- Installing: /home/dh/amr_ws/ros2_wb_camera/install/opencv_wb_camera_msgs/local/lib/python3.10/dist-packages/opencv_wb_camera_msgs/opencv_wb_camera_msgs_s__rosidl_typesupport_introspection_c.cpython-310-x86_64-linux-gnu.so
[2.963s] -- Set runtime path of "/home/dh/amr_ws/ros2_wb_camera/install/opencv_wb_camera_msgs/local/lib/python3.10/dist-packages/opencv_wb_camera_msgs/opencv_wb_camera_msgs_s__rosidl_typesupport_introspection_c.cpython-310-x86_64-linux-gnu.so" to ""
[2.963s] -- Installing: /home/dh/amr_ws/ros2_wb_camera/install/opencv_wb_camera_msgs/local/lib/python3.10/dist-packages/opencv_wb_camera_msgs/opencv_wb_camera_msgs_s__rosidl_typesupport_c.cpython-310-x86_64-linux-gnu.so
[2.963s] -- Set runtime path of "/home/dh/amr_ws/ros2_wb_camera/install/opencv_wb_camera_msgs/local/lib/python3.10/dist-packages/opencv_wb_camera_msgs/opencv_wb_camera_msgs_s__rosidl_typesupport_c.cpython-310-x86_64-linux-gnu.so" to ""
[2.963s] -- Installing: /home/dh/amr_ws/ros2_wb_camera/install/opencv_wb_camera_msgs/lib/libopencv_wb_camera_msgs__rosidl_generator_py.so
[2.964s] -- Set runtime path of "/home/dh/amr_ws/ros2_wb_camera/install/opencv_wb_camera_msgs/lib/libopencv_wb_camera_msgs__rosidl_generator_py.so" to ""
[2.964s] -- Up-to-date: /home/dh/amr_ws/ros2_wb_camera/install/opencv_wb_camera_msgs/share/opencv_wb_camera_msgs/msg/CameraStillShot.idl
[2.964s] -- Installing: /home/dh/amr_ws/ros2_wb_camera/install/opencv_wb_camera_msgs/share/opencv_wb_camera_msgs/srv/TakeSnapshot.idl
[2.964s] -- Up-to-date: /home/dh/amr_ws/ros2_wb_camera/install/opencv_wb_camera_msgs/share/opencv_wb_camera_msgs/msg/CameraStillShot.msg
[2.964s] -- Installing: /home/dh/amr_ws/ros2_wb_camera/install/opencv_wb_camera_msgs/share/opencv_wb_camera_msgs/srv/TakeSnapshot.srv
[2.964s] -- Installing: /home/dh/amr_ws/ros2_wb_camera/install/opencv_wb_camera_msgs/share/opencv_wb_camera_msgs/srv/TakeSnapshot_Request.msg
[2.964s] -- Installing: /home/dh/amr_ws/ros2_wb_camera/install/opencv_wb_camera_msgs/share/opencv_wb_camera_msgs/srv/TakeSnapshot_Response.msg
[2.964s] -- Up-to-date: /home/dh/amr_ws/ros2_wb_camera/install/opencv_wb_camera_msgs/share/ament_index/resource_index/package_run_dependencies/opencv_wb_camera_msgs
[2.964s] -- Up-to-date: /home/dh/amr_ws/ros2_wb_camera/install/opencv_wb_camera_msgs/share/ament_index/resource_index/parent_prefix_path/opencv_wb_camera_msgs
[2.964s] -- Up-to-date: /home/dh/amr_ws/ros2_wb_camera/install/opencv_wb_camera_msgs/share/opencv_wb_camera_msgs/environment/ament_prefix_path.sh
[2.964s] -- Installing: /home/dh/amr_ws/ros2_wb_camera/install/opencv_wb_camera_msgs/share/opencv_wb_camera_msgs/environment/ament_prefix_path.dsv
[2.964s] -- Up-to-date: /home/dh/amr_ws/ros2_wb_camera/install/opencv_wb_camera_msgs/share/opencv_wb_camera_msgs/environment/path.sh
[2.965s] -- Installing: /home/dh/amr_ws/ros2_wb_camera/install/opencv_wb_camera_msgs/share/opencv_wb_camera_msgs/environment/path.dsv
[2.965s] -- Up-to-date: /home/dh/amr_ws/ros2_wb_camera/install/opencv_wb_camera_msgs/share/opencv_wb_camera_msgs/local_setup.bash
[2.965s] -- Up-to-date: /home/dh/amr_ws/ros2_wb_camera/install/opencv_wb_camera_msgs/share/opencv_wb_camera_msgs/local_setup.sh
[2.965s] -- Up-to-date: /home/dh/amr_ws/ros2_wb_camera/install/opencv_wb_camera_msgs/share/opencv_wb_camera_msgs/local_setup.zsh
[2.965s] -- Installing: /home/dh/amr_ws/ros2_wb_camera/install/opencv_wb_camera_msgs/share/opencv_wb_camera_msgs/local_setup.dsv
[2.965s] -- Installing: /home/dh/amr_ws/ros2_wb_camera/install/opencv_wb_camera_msgs/share/opencv_wb_camera_msgs/package.dsv
[2.965s] -- Up-to-date: /home/dh/amr_ws/ros2_wb_camera/install/opencv_wb_camera_msgs/share/ament_index/resource_index/packages/opencv_wb_camera_msgs
[2.965s] -- Up-to-date: /home/dh/amr_ws/ros2_wb_camera/install/opencv_wb_camera_msgs/share/opencv_wb_camera_msgs/cmake/export_opencv_wb_camera_msgs__rosidl_generator_cExport.cmake
[2.965s] -- Up-to-date: /home/dh/amr_ws/ros2_wb_camera/install/opencv_wb_camera_msgs/share/opencv_wb_camera_msgs/cmake/export_opencv_wb_camera_msgs__rosidl_generator_cExport-noconfig.cmake
[2.965s] -- Up-to-date: /home/dh/amr_ws/ros2_wb_camera/install/opencv_wb_camera_msgs/share/opencv_wb_camera_msgs/cmake/export_opencv_wb_camera_msgs__rosidl_typesupport_fastrtps_cExport.cmake
[2.965s] -- Up-to-date: /home/dh/amr_ws/ros2_wb_camera/install/opencv_wb_camera_msgs/share/opencv_wb_camera_msgs/cmake/export_opencv_wb_camera_msgs__rosidl_typesupport_fastrtps_cExport-noconfig.cmake
[2.966s] -- Up-to-date: /home/dh/amr_ws/ros2_wb_camera/install/opencv_wb_camera_msgs/share/opencv_wb_camera_msgs/cmake/opencv_wb_camera_msgs__rosidl_typesupport_introspection_cExport.cmake
[2.966s] -- Up-to-date: /home/dh/amr_ws/ros2_wb_camera/install/opencv_wb_camera_msgs/share/opencv_wb_camera_msgs/cmake/opencv_wb_camera_msgs__rosidl_typesupport_introspection_cExport-noconfig.cmake
[2.966s] -- Up-to-date: /home/dh/amr_ws/ros2_wb_camera/install/opencv_wb_camera_msgs/share/opencv_wb_camera_msgs/cmake/opencv_wb_camera_msgs__rosidl_typesupport_cExport.cmake
[2.966s] -- Up-to-date: /home/dh/amr_ws/ros2_wb_camera/install/opencv_wb_camera_msgs/share/opencv_wb_camera_msgs/cmake/opencv_wb_camera_msgs__rosidl_typesupport_cExport-noconfig.cmake
[2.966s] -- Up-to-date: /home/dh/amr_ws/ros2_wb_camera/install/opencv_wb_camera_msgs/share/opencv_wb_camera_msgs/cmake/export_opencv_wb_camera_msgs__rosidl_generator_cppExport.cmake
[2.966s] -- Up-to-date: /home/dh/amr_ws/ros2_wb_camera/install/opencv_wb_camera_msgs/share/opencv_wb_camera_msgs/cmake/export_opencv_wb_camera_msgs__rosidl_typesupport_fastrtps_cppExport.cmake
[2.966s] -- Up-to-date: /home/dh/amr_ws/ros2_wb_camera/install/opencv_wb_camera_msgs/share/opencv_wb_camera_msgs/cmake/export_opencv_wb_camera_msgs__rosidl_typesupport_fastrtps_cppExport-noconfig.cmake
[2.966s] -- Up-to-date: /home/dh/amr_ws/ros2_wb_camera/install/opencv_wb_camera_msgs/share/opencv_wb_camera_msgs/cmake/opencv_wb_camera_msgs__rosidl_typesupport_introspection_cppExport.cmake
[2.966s] -- Up-to-date: /home/dh/amr_ws/ros2_wb_camera/install/opencv_wb_camera_msgs/share/opencv_wb_camera_msgs/cmake/opencv_wb_camera_msgs__rosidl_typesupport_introspection_cppExport-noconfig.cmake
[2.966s] -- Up-to-date: /home/dh/amr_ws/ros2_wb_camera/install/opencv_wb_camera_msgs/share/opencv_wb_camera_msgs/cmake/opencv_wb_camera_msgs__rosidl_typesupport_cppExport.cmake
[2.966s] -- Up-to-date: /home/dh/amr_ws/ros2_wb_camera/install/opencv_wb_camera_msgs/share/opencv_wb_camera_msgs/cmake/opencv_wb_camera_msgs__rosidl_typesupport_cppExport-noconfig.cmake
[2.966s] -- Up-to-date: /home/dh/amr_ws/ros2_wb_camera/install/opencv_wb_camera_msgs/share/opencv_wb_camera_msgs/cmake/export_opencv_wb_camera_msgs__rosidl_generator_pyExport.cmake
[2.966s] -- Up-to-date: /home/dh/amr_ws/ros2_wb_camera/install/opencv_wb_camera_msgs/share/opencv_wb_camera_msgs/cmake/export_opencv_wb_camera_msgs__rosidl_generator_pyExport-noconfig.cmake
[2.966s] -- Installing: /home/dh/amr_ws/ros2_wb_camera/install/opencv_wb_camera_msgs/share/opencv_wb_camera_msgs/cmake/rosidl_cmake-extras.cmake
[2.966s] -- Up-to-date: /home/dh/amr_ws/ros2_wb_camera/install/opencv_wb_camera_msgs/share/opencv_wb_camera_msgs/cmake/ament_cmake_export_include_directories-extras.cmake
[2.967s] -- Up-to-date: /home/dh/amr_ws/ros2_wb_camera/install/opencv_wb_camera_msgs/share/opencv_wb_camera_msgs/cmake/ament_cmake_export_libraries-extras.cmake
[2.968s] -- Up-to-date: /home/dh/amr_ws/ros2_wb_camera/install/opencv_wb_camera_msgs/share/opencv_wb_camera_msgs/cmake/ament_cmake_export_targets-extras.cmake
[2.968s] -- Up-to-date: /home/dh/amr_ws/ros2_wb_camera/install/opencv_wb_camera_msgs/share/opencv_wb_camera_msgs/cmake/rosidl_cmake_export_typesupport_targets-extras.cmake
[2.968s] -- Up-to-date: /home/dh/amr_ws/ros2_wb_camera/install/opencv_wb_camera_msgs/share/opencv_wb_camera_msgs/cmake/ament_cmake_export_dependencies-extras.cmake
[2.969s] -- Up-to-date: /home/dh/amr_ws/ros2_wb_camera/install/opencv_wb_camera_msgs/share/opencv_wb_camera_msgs/cmake/rosidl_cmake_export_typesupport_libraries-extras.cmake
[2.969s] -- Up-to-date: /home/dh/amr_ws/ros2_wb_camera/install/opencv_wb_camera_msgs/share/opencv_wb_camera_msgs/cmake/opencv_wb_camera_msgsConfig.cmake
[2.969s] -- Up-to-date: /home/dh/amr_ws/ros2_wb_camera/install/opencv_wb_camera_msgs/share/opencv_wb_camera_msgs/cmake/opencv_wb_camera_msgsConfig-version.cmake
[2.969s] -- Up-to-date: /home/dh/amr_ws/ros2_wb_camera/install/opencv_wb_camera_msgs/share/opencv_wb_camera_msgs/package.xml
[2.969s] Invoked command in '/home/dh/amr_ws/ros2_wb_camera/build/opencv_wb_camera_msgs' returned '0': CMAKE_PREFIX_PATH=/home/dh/amr_ws/ros2_wb_camera/install/opencv_wb_camera:/opt/ros/humble /usr/bin/cmake --install /home/dh/amr_ws/ros2_wb_camera/build/opencv_wb_camera_msgs
