[0.090s] DEBUG:colcon:Command line arguments: ['/usr/bin/colcon', 'build']
[0.090s] DEBUG:colcon:Parsed command line arguments: Namespace(log_base=None, log_level=None, verb_name='build', build_base='build', install_base='install', merge_install=False, symlink_install=False, test_result_base=None, continue_on_error=False, executor='parallel', parallel_workers=8, event_handlers=None, ignore_user_meta=False, metas=['./colcon.meta'], base_paths=['.'], packages_ignore=None, packages_ignore_regex=None, paths=None, packages_up_to=None, packages_up_to_regex=None, packages_above=None, packages_above_and_dependencies=None, packages_above_depth=None, packages_select_by_dep=None, packages_skip_by_dep=None, packages_skip_up_to=None, packages_select_build_failed=False, packages_skip_build_finished=False, packages_select_test_failures=False, packages_skip_test_passed=False, packages_select=None, packages_skip=None, packages_select_regex=None, packages_skip_regex=None, packages_start=None, packages_end=None, allow_overriding=[], cmake_args=None, cmake_target=None, cmake_target_skip_unavailable=False, cmake_clean_cache=False, cmake_clean_first=False, cmake_force_configure=False, ament_cmake_args=None, catkin_cmake_args=None, catkin_skip_building_tests=False, verb_parser=<colcon_defaults.argument_parser.defaults.DefaultArgumentsDecorator object at 0x79bf4863e320>, verb_extension=<colcon_core.verb.build.BuildVerb object at 0x79bf4873ef20>, main=<bound method BuildVerb.main of <colcon_core.verb.build.BuildVerb object at 0x79bf4873ef20>>)
[0.116s] Level 1:colcon.colcon_core.package_discovery:discover_packages(colcon_meta) check parameters
[0.116s] Level 1:colcon.colcon_core.package_discovery:discover_packages(recursive) check parameters
[0.116s] Level 1:colcon.colcon_core.package_discovery:discover_packages(ignore) check parameters
[0.116s] Level 1:colcon.colcon_core.package_discovery:discover_packages(path) check parameters
[0.116s] Level 1:colcon.colcon_core.package_discovery:discover_packages(colcon_meta) discover
[0.116s] Level 1:colcon.colcon_core.package_discovery:discover_packages(recursive) discover
[0.116s] INFO:colcon.colcon_core.package_discovery:Crawling recursively for packages in '/home/dh/amr_ws/ros2_wb_camera'
[0.116s] Level 1:colcon.colcon_core.package_identification:_identify(.) by extensions ['ignore', 'ignore_ament_install']
[0.116s] Level 1:colcon.colcon_core.package_identification:_identify(.) by extension 'ignore'
[0.116s] Level 1:colcon.colcon_core.package_identification:_identify(.) by extension 'ignore_ament_install'
[0.116s] Level 1:colcon.colcon_core.package_identification:_identify(.) by extensions ['colcon_pkg']
[0.116s] Level 1:colcon.colcon_core.package_identification:_identify(.) by extension 'colcon_pkg'
[0.116s] Level 1:colcon.colcon_core.package_identification:_identify(.) by extensions ['colcon_meta']
[0.116s] Level 1:colcon.colcon_core.package_identification:_identify(.) by extension 'colcon_meta'
[0.116s] Level 1:colcon.colcon_core.package_identification:_identify(.) by extensions ['ros']
[0.116s] Level 1:colcon.colcon_core.package_identification:_identify(.) by extension 'ros'
[0.126s] Level 1:colcon.colcon_core.package_identification:_identify(.) by extensions ['cmake', 'python']
[0.126s] Level 1:colcon.colcon_core.package_identification:_identify(.) by extension 'cmake'
[0.126s] Level 1:colcon.colcon_core.package_identification:_identify(.) by extension 'python'
[0.126s] Level 1:colcon.colcon_core.package_identification:_identify(.) by extensions ['python_setup_py']
[0.126s] Level 1:colcon.colcon_core.package_identification:_identify(.) by extension 'python_setup_py'
[0.126s] Level 1:colcon.colcon_core.package_identification:_identify(build) by extensions ['ignore', 'ignore_ament_install']
[0.126s] Level 1:colcon.colcon_core.package_identification:_identify(build) by extension 'ignore'
[0.126s] Level 1:colcon.colcon_core.package_identification:_identify(build) ignored
[0.126s] Level 1:colcon.colcon_core.package_identification:_identify(install) by extensions ['ignore', 'ignore_ament_install']
[0.126s] Level 1:colcon.colcon_core.package_identification:_identify(install) by extension 'ignore'
[0.126s] Level 1:colcon.colcon_core.package_identification:_identify(install) ignored
[0.126s] Level 1:colcon.colcon_core.package_identification:_identify(log) by extensions ['ignore', 'ignore_ament_install']
[0.126s] Level 1:colcon.colcon_core.package_identification:_identify(log) by extension 'ignore'
[0.126s] Level 1:colcon.colcon_core.package_identification:_identify(log) ignored
[0.126s] Level 1:colcon.colcon_core.package_identification:_identify(src) by extensions ['ignore', 'ignore_ament_install']
[0.126s] Level 1:colcon.colcon_core.package_identification:_identify(src) by extension 'ignore'
[0.126s] Level 1:colcon.colcon_core.package_identification:_identify(src) by extension 'ignore_ament_install'
[0.126s] Level 1:colcon.colcon_core.package_identification:_identify(src) by extensions ['colcon_pkg']
[0.126s] Level 1:colcon.colcon_core.package_identification:_identify(src) by extension 'colcon_pkg'
[0.126s] Level 1:colcon.colcon_core.package_identification:_identify(src) by extensions ['colcon_meta']
[0.126s] Level 1:colcon.colcon_core.package_identification:_identify(src) by extension 'colcon_meta'
[0.126s] Level 1:colcon.colcon_core.package_identification:_identify(src) by extensions ['ros']
[0.126s] Level 1:colcon.colcon_core.package_identification:_identify(src) by extension 'ros'
[0.126s] Level 1:colcon.colcon_core.package_identification:_identify(src) by extensions ['cmake', 'python']
[0.126s] Level 1:colcon.colcon_core.package_identification:_identify(src) by extension 'cmake'
[0.126s] Level 1:colcon.colcon_core.package_identification:_identify(src) by extension 'python'
[0.126s] Level 1:colcon.colcon_core.package_identification:_identify(src) by extensions ['python_setup_py']
[0.127s] Level 1:colcon.colcon_core.package_identification:_identify(src) by extension 'python_setup_py'
[0.127s] Level 1:colcon.colcon_core.package_identification:_identify(src/opencv_wb_camera) by extensions ['ignore', 'ignore_ament_install']
[0.127s] Level 1:colcon.colcon_core.package_identification:_identify(src/opencv_wb_camera) by extension 'ignore'
[0.127s] Level 1:colcon.colcon_core.package_identification:_identify(src/opencv_wb_camera) by extension 'ignore_ament_install'
[0.127s] Level 1:colcon.colcon_core.package_identification:_identify(src/opencv_wb_camera) by extensions ['colcon_pkg']
[0.127s] Level 1:colcon.colcon_core.package_identification:_identify(src/opencv_wb_camera) by extension 'colcon_pkg'
[0.127s] Level 1:colcon.colcon_core.package_identification:_identify(src/opencv_wb_camera) by extensions ['colcon_meta']
[0.127s] Level 1:colcon.colcon_core.package_identification:_identify(src/opencv_wb_camera) by extension 'colcon_meta'
[0.127s] Level 1:colcon.colcon_core.package_identification:_identify(src/opencv_wb_camera) by extensions ['ros']
[0.127s] Level 1:colcon.colcon_core.package_identification:_identify(src/opencv_wb_camera) by extension 'ros'
[0.129s] DEBUG:colcon.colcon_core.package_identification:Package 'src/opencv_wb_camera' with type 'ros.ament_python' and name 'opencv_wb_camera'
[0.129s] Level 1:colcon.colcon_core.package_identification:_identify(src/opencv_wb_camera_msgs) by extensions ['ignore', 'ignore_ament_install']
[0.129s] Level 1:colcon.colcon_core.package_identification:_identify(src/opencv_wb_camera_msgs) by extension 'ignore'
[0.129s] Level 1:colcon.colcon_core.package_identification:_identify(src/opencv_wb_camera_msgs) by extension 'ignore_ament_install'
[0.129s] Level 1:colcon.colcon_core.package_identification:_identify(src/opencv_wb_camera_msgs) by extensions ['colcon_pkg']
[0.129s] Level 1:colcon.colcon_core.package_identification:_identify(src/opencv_wb_camera_msgs) by extension 'colcon_pkg'
[0.129s] Level 1:colcon.colcon_core.package_identification:_identify(src/opencv_wb_camera_msgs) by extensions ['colcon_meta']
[0.129s] Level 1:colcon.colcon_core.package_identification:_identify(src/opencv_wb_camera_msgs) by extension 'colcon_meta'
[0.129s] Level 1:colcon.colcon_core.package_identification:_identify(src/opencv_wb_camera_msgs) by extensions ['ros']
[0.129s] Level 1:colcon.colcon_core.package_identification:_identify(src/opencv_wb_camera_msgs) by extension 'ros'
[0.129s] DEBUG:colcon.colcon_core.package_identification:Package 'src/opencv_wb_camera_msgs' with type 'ros.ament_cmake' and name 'opencv_wb_camera_msgs'
[0.129s] Level 1:colcon.colcon_core.package_discovery:discover_packages(recursive) using defaults
[0.130s] Level 1:colcon.colcon_core.package_discovery:discover_packages(ignore) discover
[0.130s] Level 1:colcon.colcon_core.package_discovery:discover_packages(ignore) using defaults
[0.130s] Level 1:colcon.colcon_core.package_discovery:discover_packages(path) discover
[0.130s] Level 1:colcon.colcon_core.package_discovery:discover_packages(path) using defaults
[0.146s] Level 1:colcon.colcon_core.package_discovery:discover_packages(prefix_path) check parameters
[0.146s] Level 1:colcon.colcon_core.package_discovery:discover_packages(prefix_path) discover
[0.148s] DEBUG:colcon.colcon_installed_package_information.package_discovery:Found 1 installed packages in /home/dh/amr_ws/ros2_wb_camera/install
[0.149s] DEBUG:colcon.colcon_installed_package_information.package_discovery:Found 298 installed packages in /opt/ros/humble
[0.150s] Level 1:colcon.colcon_core.package_discovery:discover_packages(prefix_path) using defaults
[0.174s] Level 5:colcon.colcon_core.verb:set package 'opencv_wb_camera' build argument 'cmake_args' from command line to 'None'
[0.174s] Level 5:colcon.colcon_core.verb:set package 'opencv_wb_camera' build argument 'cmake_target' from command line to 'None'
[0.174s] Level 5:colcon.colcon_core.verb:set package 'opencv_wb_camera' build argument 'cmake_target_skip_unavailable' from command line to 'False'
[0.174s] Level 5:colcon.colcon_core.verb:set package 'opencv_wb_camera' build argument 'cmake_clean_cache' from command line to 'False'
[0.174s] Level 5:colcon.colcon_core.verb:set package 'opencv_wb_camera' build argument 'cmake_clean_first' from command line to 'False'
[0.174s] Level 5:colcon.colcon_core.verb:set package 'opencv_wb_camera' build argument 'cmake_force_configure' from command line to 'False'
[0.174s] Level 5:colcon.colcon_core.verb:set package 'opencv_wb_camera' build argument 'ament_cmake_args' from command line to 'None'
[0.174s] Level 5:colcon.colcon_core.verb:set package 'opencv_wb_camera' build argument 'catkin_cmake_args' from command line to 'None'
[0.174s] Level 5:colcon.colcon_core.verb:set package 'opencv_wb_camera' build argument 'catkin_skip_building_tests' from command line to 'False'
[0.174s] DEBUG:colcon.colcon_core.verb:Building package 'opencv_wb_camera' with the following arguments: {'ament_cmake_args': None, 'build_base': '/home/dh/amr_ws/ros2_wb_camera/build/opencv_wb_camera', 'catkin_cmake_args': None, 'catkin_skip_building_tests': False, 'cmake_args': None, 'cmake_clean_cache': False, 'cmake_clean_first': False, 'cmake_force_configure': False, 'cmake_target': None, 'cmake_target_skip_unavailable': False, 'install_base': '/home/dh/amr_ws/ros2_wb_camera/install/opencv_wb_camera', 'merge_install': False, 'path': '/home/dh/amr_ws/ros2_wb_camera/src/opencv_wb_camera', 'symlink_install': False, 'test_result_base': None}
[0.174s] Level 5:colcon.colcon_core.verb:set package 'opencv_wb_camera_msgs' build argument 'cmake_args' from command line to 'None'
[0.174s] Level 5:colcon.colcon_core.verb:set package 'opencv_wb_camera_msgs' build argument 'cmake_target' from command line to 'None'
[0.174s] Level 5:colcon.colcon_core.verb:set package 'opencv_wb_camera_msgs' build argument 'cmake_target_skip_unavailable' from command line to 'False'
[0.174s] Level 5:colcon.colcon_core.verb:set package 'opencv_wb_camera_msgs' build argument 'cmake_clean_cache' from command line to 'False'
[0.174s] Level 5:colcon.colcon_core.verb:set package 'opencv_wb_camera_msgs' build argument 'cmake_clean_first' from command line to 'False'
[0.174s] Level 5:colcon.colcon_core.verb:set package 'opencv_wb_camera_msgs' build argument 'cmake_force_configure' from command line to 'False'
[0.174s] Level 5:colcon.colcon_core.verb:set package 'opencv_wb_camera_msgs' build argument 'ament_cmake_args' from command line to 'None'
[0.174s] Level 5:colcon.colcon_core.verb:set package 'opencv_wb_camera_msgs' build argument 'catkin_cmake_args' from command line to 'None'
[0.174s] Level 5:colcon.colcon_core.verb:set package 'opencv_wb_camera_msgs' build argument 'catkin_skip_building_tests' from command line to 'False'
[0.174s] DEBUG:colcon.colcon_core.verb:Building package 'opencv_wb_camera_msgs' with the following arguments: {'ament_cmake_args': None, 'build_base': '/home/dh/amr_ws/ros2_wb_camera/build/opencv_wb_camera_msgs', 'catkin_cmake_args': None, 'catkin_skip_building_tests': False, 'cmake_args': None, 'cmake_clean_cache': False, 'cmake_clean_first': False, 'cmake_force_configure': False, 'cmake_target': None, 'cmake_target_skip_unavailable': False, 'install_base': '/home/dh/amr_ws/ros2_wb_camera/install/opencv_wb_camera_msgs', 'merge_install': False, 'path': '/home/dh/amr_ws/ros2_wb_camera/src/opencv_wb_camera_msgs', 'symlink_install': False, 'test_result_base': None}
[0.174s] INFO:colcon.colcon_core.executor:Executing jobs using 'parallel' executor
[0.175s] DEBUG:colcon.colcon_parallel_executor.executor.parallel:run_until_complete
[0.175s] INFO:colcon.colcon_ros.task.ament_python.build:Building ROS package in '/home/dh/amr_ws/ros2_wb_camera/src/opencv_wb_camera' with build type 'ament_python'
[0.175s] Level 1:colcon.colcon_core.shell:create_environment_hook('opencv_wb_camera', 'ament_prefix_path')
[0.178s] INFO:colcon.colcon_core.plugin_system:Skipping extension 'colcon_core.shell.bat': Not used on non-Windows systems
[0.178s] INFO:colcon.colcon_core.shell:Creating environment hook '/home/dh/amr_ws/ros2_wb_camera/install/opencv_wb_camera/share/opencv_wb_camera/hook/ament_prefix_path.ps1'
[0.179s] INFO:colcon.colcon_core.shell:Creating environment descriptor '/home/dh/amr_ws/ros2_wb_camera/install/opencv_wb_camera/share/opencv_wb_camera/hook/ament_prefix_path.dsv'
[0.179s] INFO:colcon.colcon_core.shell:Creating environment hook '/home/dh/amr_ws/ros2_wb_camera/install/opencv_wb_camera/share/opencv_wb_camera/hook/ament_prefix_path.sh'
[0.180s] INFO:colcon.colcon_core.shell:Skip shell extension 'powershell' for command environment: Not usable outside of PowerShell
[0.180s] DEBUG:colcon.colcon_core.shell:Skip shell extension 'dsv' for command environment
[0.182s] INFO:colcon.colcon_ros.task.ament_cmake.build:Building ROS package in '/home/dh/amr_ws/ros2_wb_camera/src/opencv_wb_camera_msgs' with build type 'ament_cmake'
[0.183s] INFO:colcon.colcon_cmake.task.cmake.build:Building CMake package in '/home/dh/amr_ws/ros2_wb_camera/src/opencv_wb_camera_msgs'
[0.183s] INFO:colcon.colcon_core.shell:Skip shell extension 'powershell' for command environment: Not usable outside of PowerShell
[0.183s] DEBUG:colcon.colcon_core.shell:Skip shell extension 'dsv' for command environment
[0.315s] INFO:colcon.colcon_core.task.python.build:Building Python package in '/home/dh/amr_ws/ros2_wb_camera/src/opencv_wb_camera'
[0.315s] INFO:colcon.colcon_core.shell:Skip shell extension 'powershell' for command environment: Not usable outside of PowerShell
[0.315s] DEBUG:colcon.colcon_core.shell:Skip shell extension 'dsv' for command environment
[0.319s] DEBUG:colcon.colcon_core.event_handler.log_command:Invoking command in '/home/dh/amr_ws/ros2_wb_camera/build/opencv_wb_camera_msgs': CMAKE_PREFIX_PATH=/home/dh/amr_ws/ros2_wb_camera/install/opencv_wb_camera:/opt/ros/humble /usr/bin/cmake /home/dh/amr_ws/ros2_wb_camera/src/opencv_wb_camera_msgs -DCMAKE_INSTALL_PREFIX=/home/dh/amr_ws/ros2_wb_camera/install/opencv_wb_camera_msgs
[0.804s] DEBUG:colcon.colcon_core.event_handler.log_command:Invoking command in '/home/dh/amr_ws/ros2_wb_camera/src/opencv_wb_camera': PYTHONPATH=/home/dh/amr_ws/ros2_wb_camera/build/opencv_wb_camera/prefix_override:/home/dh/amr_ws/ros2_wb_camera/install/opencv_wb_camera/lib/python3.10/site-packages:${PYTHONPATH} /usr/bin/python3 -W ignore:setup.py install is deprecated setup.py egg_info --egg-base ../../build/opencv_wb_camera build --build-base /home/dh/amr_ws/ros2_wb_camera/build/opencv_wb_camera/build install --record /home/dh/amr_ws/ros2_wb_camera/build/opencv_wb_camera/install.log --single-version-externally-managed install_data
[0.949s] DEBUG:colcon.colcon_core.event_handler.log_command:Invoked command in '/home/dh/amr_ws/ros2_wb_camera/build/opencv_wb_camera_msgs' returned '1': CMAKE_PREFIX_PATH=/home/dh/amr_ws/ros2_wb_camera/install/opencv_wb_camera:/opt/ros/humble /usr/bin/cmake /home/dh/amr_ws/ros2_wb_camera/src/opencv_wb_camera_msgs -DCMAKE_INSTALL_PREFIX=/home/dh/amr_ws/ros2_wb_camera/install/opencv_wb_camera_msgs
[0.958s] Level 1:colcon.colcon_core.environment:create_environment_scripts_only(opencv_wb_camera_msgs)
[0.961s] Level 1:colcon.colcon_core.environment:checking '/home/dh/amr_ws/ros2_wb_camera/install/opencv_wb_camera_msgs' for CMake module files
[0.962s] Level 1:colcon.colcon_core.environment:checking '/home/dh/amr_ws/ros2_wb_camera/install/opencv_wb_camera_msgs' for CMake config files
[0.962s] Level 1:colcon.colcon_core.environment:checking '/home/dh/amr_ws/ros2_wb_camera/install/opencv_wb_camera_msgs/bin'
[0.962s] Level 1:colcon.colcon_core.environment:checking '/home/dh/amr_ws/ros2_wb_camera/install/opencv_wb_camera_msgs/lib/pkgconfig/opencv_wb_camera_msgs.pc'
[0.962s] Level 1:colcon.colcon_core.environment:checking '/home/dh/amr_ws/ros2_wb_camera/install/opencv_wb_camera_msgs/lib/python3.10/site-packages'
[0.962s] Level 1:colcon.colcon_core.environment:checking '/home/dh/amr_ws/ros2_wb_camera/install/opencv_wb_camera_msgs/bin'
[0.962s] INFO:colcon.colcon_core.shell:Creating package script '/home/dh/amr_ws/ros2_wb_camera/install/opencv_wb_camera_msgs/share/opencv_wb_camera_msgs/package.ps1'
[0.963s] INFO:colcon.colcon_core.shell:Creating package descriptor '/home/dh/amr_ws/ros2_wb_camera/install/opencv_wb_camera_msgs/share/opencv_wb_camera_msgs/package.dsv'
[0.963s] INFO:colcon.colcon_core.shell:Creating package script '/home/dh/amr_ws/ros2_wb_camera/install/opencv_wb_camera_msgs/share/opencv_wb_camera_msgs/package.sh'
[0.964s] INFO:colcon.colcon_core.shell:Creating package script '/home/dh/amr_ws/ros2_wb_camera/install/opencv_wb_camera_msgs/share/opencv_wb_camera_msgs/package.bash'
[0.965s] INFO:colcon.colcon_core.shell:Creating package script '/home/dh/amr_ws/ros2_wb_camera/install/opencv_wb_camera_msgs/share/opencv_wb_camera_msgs/package.zsh'
[0.965s] Level 1:colcon.colcon_core.environment:create_file_with_runtime_dependencies(/home/dh/amr_ws/ros2_wb_camera/install/opencv_wb_camera_msgs/share/colcon-core/packages/opencv_wb_camera_msgs)
[1.160s] DEBUG:colcon.colcon_parallel_executor.executor.parallel:closing loop
[1.160s] DEBUG:colcon.colcon_parallel_executor.executor.parallel:loop closed
[1.160s] DEBUG:colcon.colcon_parallel_executor.executor.parallel:run_until_complete finished with '1'
[1.160s] DEBUG:colcon.colcon_core.event_reactor:joining thread
[1.165s] INFO:colcon.colcon_core.plugin_system:Skipping extension 'colcon_notification.desktop_notification.terminal_notifier': Not used on non-Darwin systems
[1.165s] INFO:colcon.colcon_core.plugin_system:Skipping extension 'colcon_notification.desktop_notification.win32': Not used on non-Windows systems
[1.165s] INFO:colcon.colcon_notification.desktop_notification:Sending desktop notification using 'notify2'
[1.175s] DEBUG:colcon.colcon_core.event_reactor:joined thread
[1.175s] INFO:colcon.colcon_core.shell:Creating prefix script '/home/dh/amr_ws/ros2_wb_camera/install/local_setup.ps1'
[1.176s] INFO:colcon.colcon_core.shell:Creating prefix util module '/home/dh/amr_ws/ros2_wb_camera/install/_local_setup_util_ps1.py'
[1.177s] INFO:colcon.colcon_core.shell:Creating prefix chain script '/home/dh/amr_ws/ros2_wb_camera/install/setup.ps1'
[1.178s] INFO:colcon.colcon_core.shell:Creating prefix script '/home/dh/amr_ws/ros2_wb_camera/install/local_setup.sh'
[1.178s] INFO:colcon.colcon_core.shell:Creating prefix util module '/home/dh/amr_ws/ros2_wb_camera/install/_local_setup_util_sh.py'
[1.179s] INFO:colcon.colcon_core.shell:Creating prefix chain script '/home/dh/amr_ws/ros2_wb_camera/install/setup.sh'
[1.179s] INFO:colcon.colcon_core.shell:Creating prefix script '/home/dh/amr_ws/ros2_wb_camera/install/local_setup.bash'
[1.180s] INFO:colcon.colcon_core.shell:Creating prefix chain script '/home/dh/amr_ws/ros2_wb_camera/install/setup.bash'
[1.180s] INFO:colcon.colcon_core.shell:Creating prefix script '/home/dh/amr_ws/ros2_wb_camera/install/local_setup.zsh'
[1.181s] INFO:colcon.colcon_core.shell:Creating prefix chain script '/home/dh/amr_ws/ros2_wb_camera/install/setup.zsh'
