[  2%] Built target opencv_wb_camera_msgs__cpp
[ 12%] Built target opencv_wb_camera_msgs__rosidl_generator_c
[ 12%] Built target ament_cmake_python_copy_opencv_wb_camera_msgs
[ 23%] Built target opencv_wb_camera_msgs__rosidl_typesupport_cpp
[ 33%] Built target opencv_wb_camera_msgs__rosidl_typesupport_fastrtps_cpp
[ 43%] Built target opencv_wb_camera_msgs__rosidl_typesupport_introspection_cpp
[ 53%] Built target opencv_wb_camera_msgs__rosidl_typesupport_fastrtps_c
[ 64%] Built target opencv_wb_camera_msgs__rosidl_typesupport_c
[ 74%] Built target opencv_wb_camera_msgs__rosidl_typesupport_introspection_c
[ 74%] Built target opencv_wb_camera_msgs
[ 76%] Built target opencv_wb_camera_msgs__py
[ 84%] Built target opencv_wb_camera_msgs__rosidl_generator_py
[ 89%] Built target opencv_wb_camera_msgs__rosidl_typesupport_fastrtps_c__pyext
[ 94%] Built target opencv_wb_camera_msgs__rosidl_typesupport_introspection_c__pyext
[100%] Built target opencv_wb_camera_msgs__rosidl_typesupport_c__pyext
running egg_info
writing opencv_wb_camera_msgs.egg-info/PKG-INFO
writing dependency_links to opencv_wb_camera_msgs.egg-info/dependency_links.txt
writing top-level names to opencv_wb_camera_msgs.egg-info/top_level.txt
reading manifest file 'opencv_wb_camera_msgs.egg-info/SOURCES.txt'
writing manifest file 'opencv_wb_camera_msgs.egg-info/SOURCES.txt'
[100%] Built target ament_cmake_python_build_opencv_wb_camera_msgs_egg
-- Install configuration: ""
-- Up-to-date: /home/dh/amr_ws/ros2_wb_camera/install/opencv_wb_camera_msgs/share/ament_index/resource_index/rosidl_interfaces/opencv_wb_camera_msgs
-- Up-to-date: /home/dh/amr_ws/ros2_wb_camera/install/opencv_wb_camera_msgs/include/opencv_wb_camera_msgs/opencv_wb_camera_msgs
-- Up-to-date: /home/dh/amr_ws/ros2_wb_camera/install/opencv_wb_camera_msgs/include/opencv_wb_camera_msgs/opencv_wb_camera_msgs/srv
-- Up-to-date: /home/dh/amr_ws/ros2_wb_camera/install/opencv_wb_camera_msgs/include/opencv_wb_camera_msgs/opencv_wb_camera_msgs/srv/detail
-- Up-to-date: /home/dh/amr_ws/ros2_wb_camera/install/opencv_wb_camera_msgs/include/opencv_wb_camera_msgs/opencv_wb_camera_msgs/srv/detail/take_snapshot__type_support.h
-- Up-to-date: /home/dh/amr_ws/ros2_wb_camera/install/opencv_wb_camera_msgs/include/opencv_wb_camera_msgs/opencv_wb_camera_msgs/srv/detail/multi_spawn__type_support.h
-- Up-to-date: /home/dh/amr_ws/ros2_wb_camera/install/opencv_wb_camera_msgs/include/opencv_wb_camera_msgs/opencv_wb_camera_msgs/srv/detail/take_snapshot__functions.c
-- Up-to-date: /home/dh/amr_ws/ros2_wb_camera/install/opencv_wb_camera_msgs/include/opencv_wb_camera_msgs/opencv_wb_camera_msgs/srv/detail/multi_spawn__functions.c
-- Up-to-date: /home/dh/amr_ws/ros2_wb_camera/install/opencv_wb_camera_msgs/include/opencv_wb_camera_msgs/opencv_wb_camera_msgs/srv/detail/take_snapshot__struct.h
-- Up-to-date: /home/dh/amr_ws/ros2_wb_camera/install/opencv_wb_camera_msgs/include/opencv_wb_camera_msgs/opencv_wb_camera_msgs/srv/detail/multi_spawn__functions.h
-- Up-to-date: /home/dh/amr_ws/ros2_wb_camera/install/opencv_wb_camera_msgs/include/opencv_wb_camera_msgs/opencv_wb_camera_msgs/srv/detail/multi_spawn__struct.h
-- Up-to-date: /home/dh/amr_ws/ros2_wb_camera/install/opencv_wb_camera_msgs/include/opencv_wb_camera_msgs/opencv_wb_camera_msgs/srv/detail/take_snapshot__functions.h
-- Up-to-date: /home/dh/amr_ws/ros2_wb_camera/install/opencv_wb_camera_msgs/include/opencv_wb_camera_msgs/opencv_wb_camera_msgs/srv/multi_spawn.h
-- Up-to-date: /home/dh/amr_ws/ros2_wb_camera/install/opencv_wb_camera_msgs/include/opencv_wb_camera_msgs/opencv_wb_camera_msgs/srv/take_snapshot.h
-- Up-to-date: /home/dh/amr_ws/ros2_wb_camera/install/opencv_wb_camera_msgs/include/opencv_wb_camera_msgs/opencv_wb_camera_msgs/msg
-- Up-to-date: /home/dh/amr_ws/ros2_wb_camera/install/opencv_wb_camera_msgs/include/opencv_wb_camera_msgs/opencv_wb_camera_msgs/msg/camera_still_shot.h
-- Up-to-date: /home/dh/amr_ws/ros2_wb_camera/install/opencv_wb_camera_msgs/include/opencv_wb_camera_msgs/opencv_wb_camera_msgs/msg/detail
-- Up-to-date: /home/dh/amr_ws/ros2_wb_camera/install/opencv_wb_camera_msgs/include/opencv_wb_camera_msgs/opencv_wb_camera_msgs/msg/detail/camera_still_shot__type_support.h
-- Up-to-date: /home/dh/amr_ws/ros2_wb_camera/install/opencv_wb_camera_msgs/include/opencv_wb_camera_msgs/opencv_wb_camera_msgs/msg/detail/camera_still_shot__functions.h
-- Up-to-date: /home/dh/amr_ws/ros2_wb_camera/install/opencv_wb_camera_msgs/include/opencv_wb_camera_msgs/opencv_wb_camera_msgs/msg/detail/camera_still_shot__functions.c
-- Up-to-date: /home/dh/amr_ws/ros2_wb_camera/install/opencv_wb_camera_msgs/include/opencv_wb_camera_msgs/opencv_wb_camera_msgs/msg/detail/camera_still_shot__struct.h
-- Up-to-date: /home/dh/amr_ws/ros2_wb_camera/install/opencv_wb_camera_msgs/include/opencv_wb_camera_msgs/opencv_wb_camera_msgs/msg/rosidl_generator_c__visibility_control.h
-- Up-to-date: /home/dh/amr_ws/ros2_wb_camera/install/opencv_wb_camera_msgs/share/opencv_wb_camera_msgs/environment/library_path.sh
-- Up-to-date: /home/dh/amr_ws/ros2_wb_camera/install/opencv_wb_camera_msgs/share/opencv_wb_camera_msgs/environment/library_path.dsv
-- Up-to-date: /home/dh/amr_ws/ros2_wb_camera/install/opencv_wb_camera_msgs/lib/libopencv_wb_camera_msgs__rosidl_generator_c.so
-- Up-to-date: /home/dh/amr_ws/ros2_wb_camera/install/opencv_wb_camera_msgs/include/opencv_wb_camera_msgs/opencv_wb_camera_msgs
-- Up-to-date: /home/dh/amr_ws/ros2_wb_camera/install/opencv_wb_camera_msgs/include/opencv_wb_camera_msgs/opencv_wb_camera_msgs/srv
-- Up-to-date: /home/dh/amr_ws/ros2_wb_camera/install/opencv_wb_camera_msgs/include/opencv_wb_camera_msgs/opencv_wb_camera_msgs/srv/detail
-- Up-to-date: /home/dh/amr_ws/ros2_wb_camera/install/opencv_wb_camera_msgs/include/opencv_wb_camera_msgs/opencv_wb_camera_msgs/srv/detail/multi_spawn__rosidl_typesupport_fastrtps_c.h
-- Up-to-date: /home/dh/amr_ws/ros2_wb_camera/install/opencv_wb_camera_msgs/include/opencv_wb_camera_msgs/opencv_wb_camera_msgs/srv/detail/take_snapshot__rosidl_typesupport_fastrtps_c.h
-- Up-to-date: /home/dh/amr_ws/ros2_wb_camera/install/opencv_wb_camera_msgs/include/opencv_wb_camera_msgs/opencv_wb_camera_msgs/msg
-- Up-to-date: /home/dh/amr_ws/ros2_wb_camera/install/opencv_wb_camera_msgs/include/opencv_wb_camera_msgs/opencv_wb_camera_msgs/msg/rosidl_typesupport_fastrtps_c__visibility_control.h
-- Up-to-date: /home/dh/amr_ws/ros2_wb_camera/install/opencv_wb_camera_msgs/include/opencv_wb_camera_msgs/opencv_wb_camera_msgs/msg/detail
-- Up-to-date: /home/dh/amr_ws/ros2_wb_camera/install/opencv_wb_camera_msgs/include/opencv_wb_camera_msgs/opencv_wb_camera_msgs/msg/detail/camera_still_shot__rosidl_typesupport_fastrtps_c.h
-- Up-to-date: /home/dh/amr_ws/ros2_wb_camera/install/opencv_wb_camera_msgs/lib/libopencv_wb_camera_msgs__rosidl_typesupport_fastrtps_c.so
-- Up-to-date: /home/dh/amr_ws/ros2_wb_camera/install/opencv_wb_camera_msgs/include/opencv_wb_camera_msgs/opencv_wb_camera_msgs
-- Up-to-date: /home/dh/amr_ws/ros2_wb_camera/install/opencv_wb_camera_msgs/include/opencv_wb_camera_msgs/opencv_wb_camera_msgs/srv
-- Up-to-date: /home/dh/amr_ws/ros2_wb_camera/install/opencv_wb_camera_msgs/include/opencv_wb_camera_msgs/opencv_wb_camera_msgs/srv/detail
-- Up-to-date: /home/dh/amr_ws/ros2_wb_camera/install/opencv_wb_camera_msgs/include/opencv_wb_camera_msgs/opencv_wb_camera_msgs/srv/detail/take_snapshot__type_support.c
-- Up-to-date: /home/dh/amr_ws/ros2_wb_camera/install/opencv_wb_camera_msgs/include/opencv_wb_camera_msgs/opencv_wb_camera_msgs/srv/detail/multi_spawn__type_support.c
-- Up-to-date: /home/dh/amr_ws/ros2_wb_camera/install/opencv_wb_camera_msgs/include/opencv_wb_camera_msgs/opencv_wb_camera_msgs/srv/detail/multi_spawn__rosidl_typesupport_introspection_c.h
-- Up-to-date: /home/dh/amr_ws/ros2_wb_camera/install/opencv_wb_camera_msgs/include/opencv_wb_camera_msgs/opencv_wb_camera_msgs/srv/detail/take_snapshot__rosidl_typesupport_introspection_c.h
-- Up-to-date: /home/dh/amr_ws/ros2_wb_camera/install/opencv_wb_camera_msgs/include/opencv_wb_camera_msgs/opencv_wb_camera_msgs/msg
-- Up-to-date: /home/dh/amr_ws/ros2_wb_camera/install/opencv_wb_camera_msgs/include/opencv_wb_camera_msgs/opencv_wb_camera_msgs/msg/detail
-- Up-to-date: /home/dh/amr_ws/ros2_wb_camera/install/opencv_wb_camera_msgs/include/opencv_wb_camera_msgs/opencv_wb_camera_msgs/msg/detail/camera_still_shot__rosidl_typesupport_introspection_c.h
-- Up-to-date: /home/dh/amr_ws/ros2_wb_camera/install/opencv_wb_camera_msgs/include/opencv_wb_camera_msgs/opencv_wb_camera_msgs/msg/detail/camera_still_shot__type_support.c
-- Up-to-date: /home/dh/amr_ws/ros2_wb_camera/install/opencv_wb_camera_msgs/include/opencv_wb_camera_msgs/opencv_wb_camera_msgs/msg/rosidl_typesupport_introspection_c__visibility_control.h
-- Up-to-date: /home/dh/amr_ws/ros2_wb_camera/install/opencv_wb_camera_msgs/lib/libopencv_wb_camera_msgs__rosidl_typesupport_introspection_c.so
-- Up-to-date: /home/dh/amr_ws/ros2_wb_camera/install/opencv_wb_camera_msgs/lib/libopencv_wb_camera_msgs__rosidl_typesupport_c.so
-- Up-to-date: /home/dh/amr_ws/ros2_wb_camera/install/opencv_wb_camera_msgs/include/opencv_wb_camera_msgs/opencv_wb_camera_msgs
-- Up-to-date: /home/dh/amr_ws/ros2_wb_camera/install/opencv_wb_camera_msgs/include/opencv_wb_camera_msgs/opencv_wb_camera_msgs/srv
-- Up-to-date: /home/dh/amr_ws/ros2_wb_camera/install/opencv_wb_camera_msgs/include/opencv_wb_camera_msgs/opencv_wb_camera_msgs/srv/multi_spawn.hpp
-- Up-to-date: /home/dh/amr_ws/ros2_wb_camera/install/opencv_wb_camera_msgs/include/opencv_wb_camera_msgs/opencv_wb_camera_msgs/srv/detail
-- Up-to-date: /home/dh/amr_ws/ros2_wb_camera/install/opencv_wb_camera_msgs/include/opencv_wb_camera_msgs/opencv_wb_camera_msgs/srv/detail/take_snapshot__struct.hpp
-- Up-to-date: /home/dh/amr_ws/ros2_wb_camera/install/opencv_wb_camera_msgs/include/opencv_wb_camera_msgs/opencv_wb_camera_msgs/srv/detail/take_snapshot__builder.hpp
-- Up-to-date: /home/dh/amr_ws/ros2_wb_camera/install/opencv_wb_camera_msgs/include/opencv_wb_camera_msgs/opencv_wb_camera_msgs/srv/detail/multi_spawn__traits.hpp
-- Up-to-date: /home/dh/amr_ws/ros2_wb_camera/install/opencv_wb_camera_msgs/include/opencv_wb_camera_msgs/opencv_wb_camera_msgs/srv/detail/multi_spawn__struct.hpp
-- Up-to-date: /home/dh/amr_ws/ros2_wb_camera/install/opencv_wb_camera_msgs/include/opencv_wb_camera_msgs/opencv_wb_camera_msgs/srv/detail/take_snapshot__traits.hpp
-- Up-to-date: /home/dh/amr_ws/ros2_wb_camera/install/opencv_wb_camera_msgs/include/opencv_wb_camera_msgs/opencv_wb_camera_msgs/srv/detail/multi_spawn__builder.hpp
-- Up-to-date: /home/dh/amr_ws/ros2_wb_camera/install/opencv_wb_camera_msgs/include/opencv_wb_camera_msgs/opencv_wb_camera_msgs/srv/take_snapshot.hpp
-- Up-to-date: /home/dh/amr_ws/ros2_wb_camera/install/opencv_wb_camera_msgs/include/opencv_wb_camera_msgs/opencv_wb_camera_msgs/msg
-- Up-to-date: /home/dh/amr_ws/ros2_wb_camera/install/opencv_wb_camera_msgs/include/opencv_wb_camera_msgs/opencv_wb_camera_msgs/msg/detail
-- Up-to-date: /home/dh/amr_ws/ros2_wb_camera/install/opencv_wb_camera_msgs/include/opencv_wb_camera_msgs/opencv_wb_camera_msgs/msg/detail/camera_still_shot__struct.hpp
-- Up-to-date: /home/dh/amr_ws/ros2_wb_camera/install/opencv_wb_camera_msgs/include/opencv_wb_camera_msgs/opencv_wb_camera_msgs/msg/detail/camera_still_shot__traits.hpp
-- Up-to-date: /home/dh/amr_ws/ros2_wb_camera/install/opencv_wb_camera_msgs/include/opencv_wb_camera_msgs/opencv_wb_camera_msgs/msg/detail/camera_still_shot__builder.hpp
-- Up-to-date: /home/dh/amr_ws/ros2_wb_camera/install/opencv_wb_camera_msgs/include/opencv_wb_camera_msgs/opencv_wb_camera_msgs/msg/camera_still_shot.hpp
-- Up-to-date: /home/dh/amr_ws/ros2_wb_camera/install/opencv_wb_camera_msgs/include/opencv_wb_camera_msgs/opencv_wb_camera_msgs
-- Up-to-date: /home/dh/amr_ws/ros2_wb_camera/install/opencv_wb_camera_msgs/include/opencv_wb_camera_msgs/opencv_wb_camera_msgs/srv
-- Up-to-date: /home/dh/amr_ws/ros2_wb_camera/install/opencv_wb_camera_msgs/include/opencv_wb_camera_msgs/opencv_wb_camera_msgs/srv/detail
-- Up-to-date: /home/dh/amr_ws/ros2_wb_camera/install/opencv_wb_camera_msgs/include/opencv_wb_camera_msgs/opencv_wb_camera_msgs/srv/detail/dds_fastrtps
-- Up-to-date: /home/dh/amr_ws/ros2_wb_camera/install/opencv_wb_camera_msgs/include/opencv_wb_camera_msgs/opencv_wb_camera_msgs/srv/detail/take_snapshot__rosidl_typesupport_fastrtps_cpp.hpp
-- Up-to-date: /home/dh/amr_ws/ros2_wb_camera/install/opencv_wb_camera_msgs/include/opencv_wb_camera_msgs/opencv_wb_camera_msgs/srv/detail/multi_spawn__rosidl_typesupport_fastrtps_cpp.hpp
-- Up-to-date: /home/dh/amr_ws/ros2_wb_camera/install/opencv_wb_camera_msgs/include/opencv_wb_camera_msgs/opencv_wb_camera_msgs/msg
-- Up-to-date: /home/dh/amr_ws/ros2_wb_camera/install/opencv_wb_camera_msgs/include/opencv_wb_camera_msgs/opencv_wb_camera_msgs/msg/detail
-- Up-to-date: /home/dh/amr_ws/ros2_wb_camera/install/opencv_wb_camera_msgs/include/opencv_wb_camera_msgs/opencv_wb_camera_msgs/msg/detail/dds_fastrtps
-- Up-to-date: /home/dh/amr_ws/ros2_wb_camera/install/opencv_wb_camera_msgs/include/opencv_wb_camera_msgs/opencv_wb_camera_msgs/msg/detail/camera_still_shot__rosidl_typesupport_fastrtps_cpp.hpp
-- Up-to-date: /home/dh/amr_ws/ros2_wb_camera/install/opencv_wb_camera_msgs/include/opencv_wb_camera_msgs/opencv_wb_camera_msgs/msg/rosidl_typesupport_fastrtps_cpp__visibility_control.h
-- Up-to-date: /home/dh/amr_ws/ros2_wb_camera/install/opencv_wb_camera_msgs/lib/libopencv_wb_camera_msgs__rosidl_typesupport_fastrtps_cpp.so
-- Up-to-date: /home/dh/amr_ws/ros2_wb_camera/install/opencv_wb_camera_msgs/include/opencv_wb_camera_msgs/opencv_wb_camera_msgs
-- Up-to-date: /home/dh/amr_ws/ros2_wb_camera/install/opencv_wb_camera_msgs/include/opencv_wb_camera_msgs/opencv_wb_camera_msgs/srv
-- Up-to-date: /home/dh/amr_ws/ros2_wb_camera/install/opencv_wb_camera_msgs/include/opencv_wb_camera_msgs/opencv_wb_camera_msgs/srv/detail
-- Up-to-date: /home/dh/amr_ws/ros2_wb_camera/install/opencv_wb_camera_msgs/include/opencv_wb_camera_msgs/opencv_wb_camera_msgs/srv/detail/take_snapshot__rosidl_typesupport_introspection_cpp.hpp
-- Up-to-date: /home/dh/amr_ws/ros2_wb_camera/install/opencv_wb_camera_msgs/include/opencv_wb_camera_msgs/opencv_wb_camera_msgs/srv/detail/multi_spawn__rosidl_typesupport_introspection_cpp.hpp
-- Up-to-date: /home/dh/amr_ws/ros2_wb_camera/install/opencv_wb_camera_msgs/include/opencv_wb_camera_msgs/opencv_wb_camera_msgs/srv/detail/multi_spawn__type_support.cpp
-- Up-to-date: /home/dh/amr_ws/ros2_wb_camera/install/opencv_wb_camera_msgs/include/opencv_wb_camera_msgs/opencv_wb_camera_msgs/srv/detail/take_snapshot__type_support.cpp
-- Up-to-date: /home/dh/amr_ws/ros2_wb_camera/install/opencv_wb_camera_msgs/include/opencv_wb_camera_msgs/opencv_wb_camera_msgs/msg
-- Up-to-date: /home/dh/amr_ws/ros2_wb_camera/install/opencv_wb_camera_msgs/include/opencv_wb_camera_msgs/opencv_wb_camera_msgs/msg/detail
-- Up-to-date: /home/dh/amr_ws/ros2_wb_camera/install/opencv_wb_camera_msgs/include/opencv_wb_camera_msgs/opencv_wb_camera_msgs/msg/detail/camera_still_shot__rosidl_typesupport_introspection_cpp.hpp
-- Up-to-date: /home/dh/amr_ws/ros2_wb_camera/install/opencv_wb_camera_msgs/include/opencv_wb_camera_msgs/opencv_wb_camera_msgs/msg/detail/camera_still_shot__type_support.cpp
-- Up-to-date: /home/dh/amr_ws/ros2_wb_camera/install/opencv_wb_camera_msgs/lib/libopencv_wb_camera_msgs__rosidl_typesupport_introspection_cpp.so
-- Up-to-date: /home/dh/amr_ws/ros2_wb_camera/install/opencv_wb_camera_msgs/lib/libopencv_wb_camera_msgs__rosidl_typesupport_cpp.so
-- Up-to-date: /home/dh/amr_ws/ros2_wb_camera/install/opencv_wb_camera_msgs/share/opencv_wb_camera_msgs/environment/pythonpath.sh
-- Up-to-date: /home/dh/amr_ws/ros2_wb_camera/install/opencv_wb_camera_msgs/share/opencv_wb_camera_msgs/environment/pythonpath.dsv
-- Up-to-date: /home/dh/amr_ws/ros2_wb_camera/install/opencv_wb_camera_msgs/local/lib/python3.10/dist-packages/opencv_wb_camera_msgs-0.0.0-py3.10.egg-info
-- Installing: /home/dh/amr_ws/ros2_wb_camera/install/opencv_wb_camera_msgs/local/lib/python3.10/dist-packages/opencv_wb_camera_msgs-0.0.0-py3.10.egg-info/SOURCES.txt
-- Installing: /home/dh/amr_ws/ros2_wb_camera/install/opencv_wb_camera_msgs/local/lib/python3.10/dist-packages/opencv_wb_camera_msgs-0.0.0-py3.10.egg-info/top_level.txt
-- Installing: /home/dh/amr_ws/ros2_wb_camera/install/opencv_wb_camera_msgs/local/lib/python3.10/dist-packages/opencv_wb_camera_msgs-0.0.0-py3.10.egg-info/PKG-INFO
-- Installing: /home/dh/amr_ws/ros2_wb_camera/install/opencv_wb_camera_msgs/local/lib/python3.10/dist-packages/opencv_wb_camera_msgs-0.0.0-py3.10.egg-info/dependency_links.txt
-- Up-to-date: /home/dh/amr_ws/ros2_wb_camera/install/opencv_wb_camera_msgs/local/lib/python3.10/dist-packages/opencv_wb_camera_msgs
-- Up-to-date: /home/dh/amr_ws/ros2_wb_camera/install/opencv_wb_camera_msgs/local/lib/python3.10/dist-packages/opencv_wb_camera_msgs/opencv_wb_camera_msgs_s__rosidl_typesupport_fastrtps_c.cpython-310-x86_64-linux-gnu.so
-- Up-to-date: /home/dh/amr_ws/ros2_wb_camera/install/opencv_wb_camera_msgs/local/lib/python3.10/dist-packages/opencv_wb_camera_msgs/opencv_wb_camera_msgs_s__rosidl_typesupport_introspection_c.cpython-310-x86_64-linux-gnu.so
-- Up-to-date: /home/dh/amr_ws/ros2_wb_camera/install/opencv_wb_camera_msgs/local/lib/python3.10/dist-packages/opencv_wb_camera_msgs/_opencv_wb_camera_msgs_s.ep.rosidl_typesupport_fastrtps_c.c
-- Up-to-date: /home/dh/amr_ws/ros2_wb_camera/install/opencv_wb_camera_msgs/local/lib/python3.10/dist-packages/opencv_wb_camera_msgs/opencv_wb_camera_msgs_s__rosidl_typesupport_c.cpython-310-x86_64-linux-gnu.so
-- Up-to-date: /home/dh/amr_ws/ros2_wb_camera/install/opencv_wb_camera_msgs/local/lib/python3.10/dist-packages/opencv_wb_camera_msgs/srv
-- Up-to-date: /home/dh/amr_ws/ros2_wb_camera/install/opencv_wb_camera_msgs/local/lib/python3.10/dist-packages/opencv_wb_camera_msgs/srv/_take_snapshot_s.c
-- Up-to-date: /home/dh/amr_ws/ros2_wb_camera/install/opencv_wb_camera_msgs/local/lib/python3.10/dist-packages/opencv_wb_camera_msgs/srv/_multi_spawn_s.c
-- Up-to-date: /home/dh/amr_ws/ros2_wb_camera/install/opencv_wb_camera_msgs/local/lib/python3.10/dist-packages/opencv_wb_camera_msgs/srv/_multi_spawn.py
-- Up-to-date: /home/dh/amr_ws/ros2_wb_camera/install/opencv_wb_camera_msgs/local/lib/python3.10/dist-packages/opencv_wb_camera_msgs/srv/__init__.py
-- Up-to-date: /home/dh/amr_ws/ros2_wb_camera/install/opencv_wb_camera_msgs/local/lib/python3.10/dist-packages/opencv_wb_camera_msgs/srv/_take_snapshot.py
-- Up-to-date: /home/dh/amr_ws/ros2_wb_camera/install/opencv_wb_camera_msgs/local/lib/python3.10/dist-packages/opencv_wb_camera_msgs/libopencv_wb_camera_msgs__rosidl_generator_py.so
-- Up-to-date: /home/dh/amr_ws/ros2_wb_camera/install/opencv_wb_camera_msgs/local/lib/python3.10/dist-packages/opencv_wb_camera_msgs/msg
-- Up-to-date: /home/dh/amr_ws/ros2_wb_camera/install/opencv_wb_camera_msgs/local/lib/python3.10/dist-packages/opencv_wb_camera_msgs/msg/__init__.py
-- Up-to-date: /home/dh/amr_ws/ros2_wb_camera/install/opencv_wb_camera_msgs/local/lib/python3.10/dist-packages/opencv_wb_camera_msgs/msg/_camera_still_shot.py
-- Up-to-date: /home/dh/amr_ws/ros2_wb_camera/install/opencv_wb_camera_msgs/local/lib/python3.10/dist-packages/opencv_wb_camera_msgs/msg/_camera_still_shot_s.c
-- Up-to-date: /home/dh/amr_ws/ros2_wb_camera/install/opencv_wb_camera_msgs/local/lib/python3.10/dist-packages/opencv_wb_camera_msgs/__init__.py
-- Up-to-date: /home/dh/amr_ws/ros2_wb_camera/install/opencv_wb_camera_msgs/local/lib/python3.10/dist-packages/opencv_wb_camera_msgs/_opencv_wb_camera_msgs_s.ep.rosidl_typesupport_c.c
-- Up-to-date: /home/dh/amr_ws/ros2_wb_camera/install/opencv_wb_camera_msgs/local/lib/python3.10/dist-packages/opencv_wb_camera_msgs/_opencv_wb_camera_msgs_s.ep.rosidl_typesupport_introspection_c.c
Listing '/home/dh/amr_ws/ros2_wb_camera/install/opencv_wb_camera_msgs/local/lib/python3.10/dist-packages/opencv_wb_camera_msgs'...
Listing '/home/dh/amr_ws/ros2_wb_camera/install/opencv_wb_camera_msgs/local/lib/python3.10/dist-packages/opencv_wb_camera_msgs/msg'...
Listing '/home/dh/amr_ws/ros2_wb_camera/install/opencv_wb_camera_msgs/local/lib/python3.10/dist-packages/opencv_wb_camera_msgs/srv'...
-- Up-to-date: /home/dh/amr_ws/ros2_wb_camera/install/opencv_wb_camera_msgs/local/lib/python3.10/dist-packages/opencv_wb_camera_msgs/opencv_wb_camera_msgs_s__rosidl_typesupport_fastrtps_c.cpython-310-x86_64-linux-gnu.so
-- Up-to-date: /home/dh/amr_ws/ros2_wb_camera/install/opencv_wb_camera_msgs/local/lib/python3.10/dist-packages/opencv_wb_camera_msgs/opencv_wb_camera_msgs_s__rosidl_typesupport_introspection_c.cpython-310-x86_64-linux-gnu.so
-- Up-to-date: /home/dh/amr_ws/ros2_wb_camera/install/opencv_wb_camera_msgs/local/lib/python3.10/dist-packages/opencv_wb_camera_msgs/opencv_wb_camera_msgs_s__rosidl_typesupport_c.cpython-310-x86_64-linux-gnu.so
-- Up-to-date: /home/dh/amr_ws/ros2_wb_camera/install/opencv_wb_camera_msgs/lib/libopencv_wb_camera_msgs__rosidl_generator_py.so
-- Up-to-date: /home/dh/amr_ws/ros2_wb_camera/install/opencv_wb_camera_msgs/share/opencv_wb_camera_msgs/msg/CameraStillShot.idl
-- Up-to-date: /home/dh/amr_ws/ros2_wb_camera/install/opencv_wb_camera_msgs/share/opencv_wb_camera_msgs/srv/TakeSnapshot.idl
-- Up-to-date: /home/dh/amr_ws/ros2_wb_camera/install/opencv_wb_camera_msgs/share/opencv_wb_camera_msgs/msg/CameraStillShot.msg
-- Up-to-date: /home/dh/amr_ws/ros2_wb_camera/install/opencv_wb_camera_msgs/share/opencv_wb_camera_msgs/srv/TakeSnapshot.srv
-- Up-to-date: /home/dh/amr_ws/ros2_wb_camera/install/opencv_wb_camera_msgs/share/opencv_wb_camera_msgs/srv/TakeSnapshot_Request.msg
-- Up-to-date: /home/dh/amr_ws/ros2_wb_camera/install/opencv_wb_camera_msgs/share/opencv_wb_camera_msgs/srv/TakeSnapshot_Response.msg
-- Up-to-date: /home/dh/amr_ws/ros2_wb_camera/install/opencv_wb_camera_msgs/share/ament_index/resource_index/package_run_dependencies/opencv_wb_camera_msgs
-- Up-to-date: /home/dh/amr_ws/ros2_wb_camera/install/opencv_wb_camera_msgs/share/ament_index/resource_index/parent_prefix_path/opencv_wb_camera_msgs
-- Up-to-date: /home/dh/amr_ws/ros2_wb_camera/install/opencv_wb_camera_msgs/share/opencv_wb_camera_msgs/environment/ament_prefix_path.sh
-- Up-to-date: /home/dh/amr_ws/ros2_wb_camera/install/opencv_wb_camera_msgs/share/opencv_wb_camera_msgs/environment/ament_prefix_path.dsv
-- Up-to-date: /home/dh/amr_ws/ros2_wb_camera/install/opencv_wb_camera_msgs/share/opencv_wb_camera_msgs/environment/path.sh
-- Up-to-date: /home/dh/amr_ws/ros2_wb_camera/install/opencv_wb_camera_msgs/share/opencv_wb_camera_msgs/environment/path.dsv
-- Up-to-date: /home/dh/amr_ws/ros2_wb_camera/install/opencv_wb_camera_msgs/share/opencv_wb_camera_msgs/local_setup.bash
-- Up-to-date: /home/dh/amr_ws/ros2_wb_camera/install/opencv_wb_camera_msgs/share/opencv_wb_camera_msgs/local_setup.sh
-- Up-to-date: /home/dh/amr_ws/ros2_wb_camera/install/opencv_wb_camera_msgs/share/opencv_wb_camera_msgs/local_setup.zsh
-- Up-to-date: /home/dh/amr_ws/ros2_wb_camera/install/opencv_wb_camera_msgs/share/opencv_wb_camera_msgs/local_setup.dsv
-- Installing: /home/dh/amr_ws/ros2_wb_camera/install/opencv_wb_camera_msgs/share/opencv_wb_camera_msgs/package.dsv
-- Up-to-date: /home/dh/amr_ws/ros2_wb_camera/install/opencv_wb_camera_msgs/share/ament_index/resource_index/packages/opencv_wb_camera_msgs
-- Up-to-date: /home/dh/amr_ws/ros2_wb_camera/install/opencv_wb_camera_msgs/share/opencv_wb_camera_msgs/cmake/export_opencv_wb_camera_msgs__rosidl_generator_cExport.cmake
-- Up-to-date: /home/dh/amr_ws/ros2_wb_camera/install/opencv_wb_camera_msgs/share/opencv_wb_camera_msgs/cmake/export_opencv_wb_camera_msgs__rosidl_generator_cExport-noconfig.cmake
-- Up-to-date: /home/dh/amr_ws/ros2_wb_camera/install/opencv_wb_camera_msgs/share/opencv_wb_camera_msgs/cmake/export_opencv_wb_camera_msgs__rosidl_typesupport_fastrtps_cExport.cmake
-- Up-to-date: /home/dh/amr_ws/ros2_wb_camera/install/opencv_wb_camera_msgs/share/opencv_wb_camera_msgs/cmake/export_opencv_wb_camera_msgs__rosidl_typesupport_fastrtps_cExport-noconfig.cmake
-- Up-to-date: /home/dh/amr_ws/ros2_wb_camera/install/opencv_wb_camera_msgs/share/opencv_wb_camera_msgs/cmake/opencv_wb_camera_msgs__rosidl_typesupport_introspection_cExport.cmake
-- Up-to-date: /home/dh/amr_ws/ros2_wb_camera/install/opencv_wb_camera_msgs/share/opencv_wb_camera_msgs/cmake/opencv_wb_camera_msgs__rosidl_typesupport_introspection_cExport-noconfig.cmake
-- Up-to-date: /home/dh/amr_ws/ros2_wb_camera/install/opencv_wb_camera_msgs/share/opencv_wb_camera_msgs/cmake/opencv_wb_camera_msgs__rosidl_typesupport_cExport.cmake
-- Up-to-date: /home/dh/amr_ws/ros2_wb_camera/install/opencv_wb_camera_msgs/share/opencv_wb_camera_msgs/cmake/opencv_wb_camera_msgs__rosidl_typesupport_cExport-noconfig.cmake
-- Up-to-date: /home/dh/amr_ws/ros2_wb_camera/install/opencv_wb_camera_msgs/share/opencv_wb_camera_msgs/cmake/export_opencv_wb_camera_msgs__rosidl_generator_cppExport.cmake
-- Up-to-date: /home/dh/amr_ws/ros2_wb_camera/install/opencv_wb_camera_msgs/share/opencv_wb_camera_msgs/cmake/export_opencv_wb_camera_msgs__rosidl_typesupport_fastrtps_cppExport.cmake
-- Up-to-date: /home/dh/amr_ws/ros2_wb_camera/install/opencv_wb_camera_msgs/share/opencv_wb_camera_msgs/cmake/export_opencv_wb_camera_msgs__rosidl_typesupport_fastrtps_cppExport-noconfig.cmake
-- Up-to-date: /home/dh/amr_ws/ros2_wb_camera/install/opencv_wb_camera_msgs/share/opencv_wb_camera_msgs/cmake/opencv_wb_camera_msgs__rosidl_typesupport_introspection_cppExport.cmake
-- Up-to-date: /home/dh/amr_ws/ros2_wb_camera/install/opencv_wb_camera_msgs/share/opencv_wb_camera_msgs/cmake/opencv_wb_camera_msgs__rosidl_typesupport_introspection_cppExport-noconfig.cmake
-- Up-to-date: /home/dh/amr_ws/ros2_wb_camera/install/opencv_wb_camera_msgs/share/opencv_wb_camera_msgs/cmake/opencv_wb_camera_msgs__rosidl_typesupport_cppExport.cmake
-- Up-to-date: /home/dh/amr_ws/ros2_wb_camera/install/opencv_wb_camera_msgs/share/opencv_wb_camera_msgs/cmake/opencv_wb_camera_msgs__rosidl_typesupport_cppExport-noconfig.cmake
-- Up-to-date: /home/dh/amr_ws/ros2_wb_camera/install/opencv_wb_camera_msgs/share/opencv_wb_camera_msgs/cmake/export_opencv_wb_camera_msgs__rosidl_generator_pyExport.cmake
-- Up-to-date: /home/dh/amr_ws/ros2_wb_camera/install/opencv_wb_camera_msgs/share/opencv_wb_camera_msgs/cmake/export_opencv_wb_camera_msgs__rosidl_generator_pyExport-noconfig.cmake
-- Up-to-date: /home/dh/amr_ws/ros2_wb_camera/install/opencv_wb_camera_msgs/share/opencv_wb_camera_msgs/cmake/rosidl_cmake-extras.cmake
-- Up-to-date: /home/dh/amr_ws/ros2_wb_camera/install/opencv_wb_camera_msgs/share/opencv_wb_camera_msgs/cmake/ament_cmake_export_include_directories-extras.cmake
-- Up-to-date: /home/dh/amr_ws/ros2_wb_camera/install/opencv_wb_camera_msgs/share/opencv_wb_camera_msgs/cmake/ament_cmake_export_libraries-extras.cmake
-- Up-to-date: /home/dh/amr_ws/ros2_wb_camera/install/opencv_wb_camera_msgs/share/opencv_wb_camera_msgs/cmake/ament_cmake_export_targets-extras.cmake
-- Up-to-date: /home/dh/amr_ws/ros2_wb_camera/install/opencv_wb_camera_msgs/share/opencv_wb_camera_msgs/cmake/rosidl_cmake_export_typesupport_targets-extras.cmake
-- Up-to-date: /home/dh/amr_ws/ros2_wb_camera/install/opencv_wb_camera_msgs/share/opencv_wb_camera_msgs/cmake/ament_cmake_export_dependencies-extras.cmake
-- Up-to-date: /home/dh/amr_ws/ros2_wb_camera/install/opencv_wb_camera_msgs/share/opencv_wb_camera_msgs/cmake/rosidl_cmake_export_typesupport_libraries-extras.cmake
-- Up-to-date: /home/dh/amr_ws/ros2_wb_camera/install/opencv_wb_camera_msgs/share/opencv_wb_camera_msgs/cmake/opencv_wb_camera_msgsConfig.cmake
-- Up-to-date: /home/dh/amr_ws/ros2_wb_camera/install/opencv_wb_camera_msgs/share/opencv_wb_camera_msgs/cmake/opencv_wb_camera_msgsConfig-version.cmake
-- Up-to-date: /home/dh/amr_ws/ros2_wb_camera/install/opencv_wb_camera_msgs/share/opencv_wb_camera_msgs/package.xml
