[0.638s] Invoking command in '/home/dh/amr_ws/ros2_wb_camera/src/opencv_wb_camera': PYTHONPATH=/home/dh/amr_ws/ros2_wb_camera/build/opencv_wb_camera/prefix_override:/home/dh/amr_ws/ros2_wb_camera/install/opencv_wb_camera/lib/python3.10/site-packages:${PYTHONPATH} /usr/bin/python3 -W ignore:setup.py install is deprecated setup.py egg_info --egg-base ../../build/opencv_wb_camera build --build-base /home/dh/amr_ws/ros2_wb_camera/build/opencv_wb_camera/build install --record /home/dh/amr_ws/ros2_wb_camera/build/opencv_wb_camera/install.log --single-version-externally-managed install_data
[0.796s] running egg_info
[0.806s] writing ../../build/opencv_wb_camera/opencv_wb_camera.egg-info/PKG-INFO
[0.806s] writing dependency_links to ../../build/opencv_wb_camera/opencv_wb_camera.egg-info/dependency_links.txt
[0.806s] writing entry points to ../../build/opencv_wb_camera/opencv_wb_camera.egg-info/entry_points.txt
[0.806s] writing requirements to ../../build/opencv_wb_camera/opencv_wb_camera.egg-info/requires.txt
[0.807s] writing top-level names to ../../build/opencv_wb_camera/opencv_wb_camera.egg-info/top_level.txt
[0.828s] reading manifest file '../../build/opencv_wb_camera/opencv_wb_camera.egg-info/SOURCES.txt'
[0.828s] writing manifest file '../../build/opencv_wb_camera/opencv_wb_camera.egg-info/SOURCES.txt'
[0.828s] running build
[0.828s] running build_py
[0.828s] copying opencv_wb_camera/CameraServer.py -> /home/dh/amr_ws/ros2_wb_camera/build/opencv_wb_camera/build/lib/opencv_wb_camera
[0.829s] copying opencv_wb_camera/img_publisher.py -> /home/dh/amr_ws/ros2_wb_camera/build/opencv_wb_camera/build/lib/opencv_wb_camera
[0.829s] copying opencv_wb_camera/edge.py -> /home/dh/amr_ws/ros2_wb_camera/build/opencv_wb_camera/build/lib/opencv_wb_camera
[0.829s] copying opencv_wb_camera/__init__.py -> /home/dh/amr_ws/ros2_wb_camera/build/opencv_wb_camera/build/lib/opencv_wb_camera
[0.829s] copying opencv_wb_camera/mirror.py -> /home/dh/amr_ws/ros2_wb_camera/build/opencv_wb_camera/build/lib/opencv_wb_camera
[0.829s] running install
[0.833s] running install_lib
[0.844s] copying /home/dh/amr_ws/ros2_wb_camera/build/opencv_wb_camera/build/lib/opencv_wb_camera/CameraServer.py -> /home/dh/amr_ws/ros2_wb_camera/install/opencv_wb_camera/lib/python3.10/site-packages/opencv_wb_camera
[0.845s] byte-compiling /home/dh/amr_ws/ros2_wb_camera/install/opencv_wb_camera/lib/python3.10/site-packages/opencv_wb_camera/CameraServer.py to CameraServer.cpython-310.pyc
[0.845s] running install_data
[0.845s] copying resource/opencv_wb_camera -> /home/dh/amr_ws/ros2_wb_camera/install/opencv_wb_camera/share/ament_index/resource_index/packages
[0.845s] copying package.xml -> /home/dh/amr_ws/ros2_wb_camera/install/opencv_wb_camera/share/opencv_wb_camera
[0.845s] copying launch/edge.launch.py -> /home/dh/amr_ws/ros2_wb_camera/install/opencv_wb_camera/share/opencv_wb_camera/launch
[0.845s] copying launch/mirror.launch.py -> /home/dh/amr_ws/ros2_wb_camera/install/opencv_wb_camera/share/opencv_wb_camera/launch
[0.845s] copying launch/camera.launch.py -> /home/dh/amr_ws/ros2_wb_camera/install/opencv_wb_camera/share/opencv_wb_camera/launch
[0.845s] copying param/filter.yaml -> /home/dh/amr_ws/ros2_wb_camera/install/opencv_wb_camera/share/opencv_wb_camera/param
[0.845s] copying param/size.yaml -> /home/dh/amr_ws/ros2_wb_camera/install/opencv_wb_camera/share/opencv_wb_camera/param
[0.845s] running install_egg_info
[0.857s] removing '/home/dh/amr_ws/ros2_wb_camera/install/opencv_wb_camera/lib/python3.10/site-packages/opencv_wb_camera-0.0.0-py3.10.egg-info' (and everything under it)
[0.857s] Copying ../../build/opencv_wb_camera/opencv_wb_camera.egg-info to /home/dh/amr_ws/ros2_wb_camera/install/opencv_wb_camera/lib/python3.10/site-packages/opencv_wb_camera-0.0.0-py3.10.egg-info
[0.858s] running install_scripts
[0.955s] Installing CameraServer script to /home/dh/amr_ws/ros2_wb_camera/install/opencv_wb_camera/lib/opencv_wb_camera
[0.955s] Installing edge script to /home/dh/amr_ws/ros2_wb_camera/install/opencv_wb_camera/lib/opencv_wb_camera
[0.955s] Installing img_publisher script to /home/dh/amr_ws/ros2_wb_camera/install/opencv_wb_camera/lib/opencv_wb_camera
[0.955s] Installing mirror script to /home/dh/amr_ws/ros2_wb_camera/install/opencv_wb_camera/lib/opencv_wb_camera
[0.955s] writing list of installed files to '/home/dh/amr_ws/ros2_wb_camera/build/opencv_wb_camera/install.log'
[0.973s] Invoked command in '/home/dh/amr_ws/ros2_wb_camera/src/opencv_wb_camera' returned '0': PYTHONPATH=/home/dh/amr_ws/ros2_wb_camera/build/opencv_wb_camera/prefix_override:/home/dh/amr_ws/ros2_wb_camera/install/opencv_wb_camera/lib/python3.10/site-packages:${PYTHONPATH} /usr/bin/python3 -W ignore:setup.py install is deprecated setup.py egg_info --egg-base ../../build/opencv_wb_camera build --build-base /home/dh/amr_ws/ros2_wb_camera/build/opencv_wb_camera/build install --record /home/dh/amr_ws/ros2_wb_camera/build/opencv_wb_camera/install.log --single-version-externally-managed install_data
