[0.131s] Invoking command in '/home/dh/amr_ws/ros2_wb_camera/build/opencv_wb_camera_msgs': CMAKE_PREFIX_PATH=/home/dh/amr_ws/ros2_wb_camera/install/opencv_wb_camera:/opt/ros/humble /usr/bin/cmake /home/dh/amr_ws/ros2_wb_camera/src/opencv_wb_camera_msgs -DCMAKE_INSTALL_PREFIX=/home/dh/amr_ws/ros2_wb_camera/install/opencv_wb_camera_msgs
[0.139s] -- Found ament_cmake: 1.3.8 (/opt/ros/humble/share/ament_cmake/cmake)
[0.219s] -- Found rosidl_default_generators: 1.2.0 (/opt/ros/humble/share/rosidl_default_generators/cmake)
[0.220s] -- Using all available rosidl_typesupport_c: rosidl_typesupport_fastrtps_c;rosidl_typesupport_introspection_c
[0.222s] -- Found rosidl_adapter: 3.1.5 (/opt/ros/humble/share/rosidl_adapter/cmake)
[0.240s] -- Using all available rosidl_typesupport_cpp: rosidl_typesupport_fastrtps_cpp;rosidl_typesupport_introspection_cpp
[0.362s] [31mCMake Error at /opt/ros/humble/share/rosidl_adapter/cmake/rosidl_adapt_interfaces.cmake:59 (message):
[0.362s]   execute_process(/usr/bin/python3 -m rosidl_adapter --package-name
[0.362s]   opencv_wb_camera_msgs --arguments-file
[0.362s]   /home/dh/amr_ws/ros2_wb_camera/build/opencv_wb_camera_msgs/rosidl_adapter__arguments__opencv_wb_camera_msgs.json
[0.362s]   --output-dir
[0.362s]   /home/dh/amr_ws/ros2_wb_camera/build/opencv_wb_camera_msgs/rosidl_adapter/opencv_wb_camera_msgs
[0.362s]   --output-file
[0.362s]   /home/dh/amr_ws/ros2_wb_camera/build/opencv_wb_camera_msgs/rosidl_adapter/opencv_wb_camera_msgs.idls)
[0.362s]   returned error code 1:
[0.362s] 
[0.362s]   Error with: opencv_wb_camera_msgs camera_still_shot float32
[0.362s] 
[0.362s]   Traceback (most recent call last):
[0.362s] 
[0.362s]     File "/usr/lib/python3.10/runpy.py", line 196, in _run_module_as_main
[0.362s]       return _run_code(code, main_globals, None,
[0.362s]     File "/usr/lib/python3.10/runpy.py", line 86, in _run_code
[0.362s]       exec(code, run_globals)
[0.362s]     File "/opt/ros/humble/local/lib/python3.10/dist-packages/rosidl_adapter/__main__.py", line 19, in <module>
[0.362s]       sys.exit(main())
[0.362s]     File "/opt/ros/humble/local/lib/python3.10/dist-packages/rosidl_adapter/main.py", line 53, in main
[0.362s]       abs_idl_file = convert_to_idl(
[0.362s]     File "/opt/ros/humble/local/lib/python3.10/dist-packages/rosidl_adapter/__init__.py", line 19, in convert_to_idl
[0.362s]       return convert_msg_to_idl(
[0.362s]     File "/opt/ros/humble/local/lib/python3.10/dist-packages/rosidl_adapter/msg/__init__.py", line 28, in convert_msg_to_idl
[0.363s]       msg = parse_message_string(package_name, input_file.stem, content)
[0.363s]     File "/opt/ros/humble/local/lib/python3.10/dist-packages/rosidl_adapter/parser.py", line 510, in parse_message_string
[0.363s]       raise InvalidFieldDefinition(line)
[0.363s] 
[0.363s]   rosidl_adapter.parser.InvalidFieldDefinition: float32
[0.363s] 
[0.363s] Call Stack (most recent call first):
[0.363s]   /opt/ros/humble/share/rosidl_cmake/cmake/rosidl_generate_interfaces.cmake:130 (rosidl_adapt_interfaces)
[0.363s]   CMakeLists.txt:16 (rosidl_generate_interfaces)
[0.363s] 
[0.363s] [0m
[0.363s] -- Configuring incomplete, errors occurred!
[0.363s] See also "/home/dh/amr_ws/ros2_wb_camera/build/opencv_wb_camera_msgs/CMakeFiles/CMakeOutput.log".
[0.367s] Invoked command in '/home/dh/amr_ws/ros2_wb_camera/build/opencv_wb_camera_msgs' returned '1': CMAKE_PREFIX_PATH=/home/dh/amr_ws/ros2_wb_camera/install/opencv_wb_camera:/opt/ros/humble /usr/bin/cmake /home/dh/amr_ws/ros2_wb_camera/src/opencv_wb_camera_msgs -DCMAKE_INSTALL_PREFIX=/home/dh/amr_ws/ros2_wb_camera/install/opencv_wb_camera_msgs
