running egg_info
creating ../../build/opencv_wb_camera/opencv_wb_camera.egg-info
writing ../../build/opencv_wb_camera/opencv_wb_camera.egg-info/PKG-INFO
writing dependency_links to ../../build/opencv_wb_camera/opencv_wb_camera.egg-info/dependency_links.txt
writing requirements to ../../build/opencv_wb_camera/opencv_wb_camera.egg-info/requires.txt
writing top-level names to ../../build/opencv_wb_camera/opencv_wb_camera.egg-info/top_level.txt
writing manifest file '../../build/opencv_wb_camera/opencv_wb_camera.egg-info/SOURCES.txt'
reading manifest file '../../build/opencv_wb_camera/opencv_wb_camera.egg-info/SOURCES.txt'
writing manifest file '../../build/opencv_wb_camera/opencv_wb_camera.egg-info/SOURCES.txt'
running build
running build_py
creating /home/dh/amr_ws/ros2_wb_camera/build/opencv_wb_camera/build
creating /home/dh/amr_ws/ros2_wb_camera/build/opencv_wb_camera/build/lib
creating /home/dh/amr_ws/ros2_wb_camera/build/opencv_wb_camera/build/lib/opencv_wb_camera
copying opencv_wb_camera/__init__.py -> /home/dh/amr_ws/ros2_wb_camera/build/opencv_wb_camera/build/lib/opencv_wb_camera
running install
running install_lib
creating /home/dh/amr_ws/ros2_wb_camera/install/opencv_wb_camera/lib/python3.10/site-packages/opencv_wb_camera
copying /home/dh/amr_ws/ros2_wb_camera/build/opencv_wb_camera/build/lib/opencv_wb_camera/__init__.py -> /home/dh/amr_ws/ros2_wb_camera/install/opencv_wb_camera/lib/python3.10/site-packages/opencv_wb_camera
byte-compiling /home/dh/amr_ws/ros2_wb_camera/install/opencv_wb_camera/lib/python3.10/site-packages/opencv_wb_camera/__init__.py to __init__.cpython-310.pyc
running install_data
creating /home/dh/amr_ws/ros2_wb_camera/install/opencv_wb_camera/share/ament_index
creating /home/dh/amr_ws/ros2_wb_camera/install/opencv_wb_camera/share/ament_index/resource_index
creating /home/dh/amr_ws/ros2_wb_camera/install/opencv_wb_camera/share/ament_index/resource_index/packages
copying resource/opencv_wb_camera -> /home/dh/amr_ws/ros2_wb_camera/install/opencv_wb_camera/share/ament_index/resource_index/packages
copying package.xml -> /home/dh/amr_ws/ros2_wb_camera/install/opencv_wb_camera/share/opencv_wb_camera
running install_egg_info
Copying ../../build/opencv_wb_camera/opencv_wb_camera.egg-info to /home/dh/amr_ws/ros2_wb_camera/install/opencv_wb_camera/lib/python3.10/site-packages/opencv_wb_camera-0.0.0-py3.10.egg-info
running install_scripts
writing list of installed files to '/home/dh/amr_ws/ros2_wb_camera/build/opencv_wb_camera/install.log'
