[0.064s] DEBUG:colcon:Command line arguments: ['/usr/bin/colcon', 'build']
[0.064s] DEBUG:colcon:Parsed command line arguments: Namespace(log_base=None, log_level=None, verb_name='build', build_base='build', install_base='install', merge_install=False, symlink_install=False, test_result_base=None, continue_on_error=False, executor='parallel', parallel_workers=8, event_handlers=None, ignore_user_meta=False, metas=['./colcon.meta'], base_paths=['.'], packages_ignore=None, packages_ignore_regex=None, paths=None, packages_up_to=None, packages_up_to_regex=None, packages_above=None, packages_above_and_dependencies=None, packages_above_depth=None, packages_select_by_dep=None, packages_skip_by_dep=None, packages_skip_up_to=None, packages_select_build_failed=False, packages_skip_build_finished=False, packages_select_test_failures=False, packages_skip_test_passed=False, packages_select=None, packages_skip=None, packages_select_regex=None, packages_skip_regex=None, packages_start=None, packages_end=None, allow_overriding=[], cmake_args=None, cmake_target=None, cmake_target_skip_unavailable=False, cmake_clean_cache=False, cmake_clean_first=False, cmake_force_configure=False, ament_cmake_args=None, catkin_cmake_args=None, catkin_skip_building_tests=False, verb_parser=<colcon_defaults.argument_parser.defaults.DefaultArgumentsDecorator object at 0x7fe00d43e350>, verb_extension=<colcon_core.verb.build.BuildVerb object at 0x7fe00d53ef50>, main=<bound method BuildVerb.main of <colcon_core.verb.build.BuildVerb object at 0x7fe00d53ef50>>)
[0.086s] Level 1:colcon.colcon_core.package_discovery:discover_packages(colcon_meta) check parameters
[0.087s] Level 1:colcon.colcon_core.package_discovery:discover_packages(recursive) check parameters
[0.087s] Level 1:colcon.colcon_core.package_discovery:discover_packages(ignore) check parameters
[0.087s] Level 1:colcon.colcon_core.package_discovery:discover_packages(path) check parameters
[0.087s] Level 1:colcon.colcon_core.package_discovery:discover_packages(colcon_meta) discover
[0.087s] Level 1:colcon.colcon_core.package_discovery:discover_packages(recursive) discover
[0.087s] INFO:colcon.colcon_core.package_discovery:Crawling recursively for packages in '/home/dh/amr_ws/ros2_wb_camera'
[0.087s] Level 1:colcon.colcon_core.package_identification:_identify(.) by extensions ['ignore', 'ignore_ament_install']
[0.087s] Level 1:colcon.colcon_core.package_identification:_identify(.) by extension 'ignore'
[0.087s] Level 1:colcon.colcon_core.package_identification:_identify(.) by extension 'ignore_ament_install'
[0.087s] Level 1:colcon.colcon_core.package_identification:_identify(.) by extensions ['colcon_pkg']
[0.087s] Level 1:colcon.colcon_core.package_identification:_identify(.) by extension 'colcon_pkg'
[0.087s] Level 1:colcon.colcon_core.package_identification:_identify(.) by extensions ['colcon_meta']
[0.087s] Level 1:colcon.colcon_core.package_identification:_identify(.) by extension 'colcon_meta'
[0.087s] Level 1:colcon.colcon_core.package_identification:_identify(.) by extensions ['ros']
[0.087s] Level 1:colcon.colcon_core.package_identification:_identify(.) by extension 'ros'
[0.096s] Level 1:colcon.colcon_core.package_identification:_identify(.) by extensions ['cmake', 'python']
[0.096s] Level 1:colcon.colcon_core.package_identification:_identify(.) by extension 'cmake'
[0.096s] Level 1:colcon.colcon_core.package_identification:_identify(.) by extension 'python'
[0.096s] Level 1:colcon.colcon_core.package_identification:_identify(.) by extensions ['python_setup_py']
[0.096s] Level 1:colcon.colcon_core.package_identification:_identify(.) by extension 'python_setup_py'
[0.096s] Level 1:colcon.colcon_core.package_identification:_identify(build) by extensions ['ignore', 'ignore_ament_install']
[0.096s] Level 1:colcon.colcon_core.package_identification:_identify(build) by extension 'ignore'
[0.096s] Level 1:colcon.colcon_core.package_identification:_identify(build) ignored
[0.097s] Level 1:colcon.colcon_core.package_identification:_identify(install) by extensions ['ignore', 'ignore_ament_install']
[0.097s] Level 1:colcon.colcon_core.package_identification:_identify(install) by extension 'ignore'
[0.097s] Level 1:colcon.colcon_core.package_identification:_identify(install) ignored
[0.097s] Level 1:colcon.colcon_core.package_identification:_identify(log) by extensions ['ignore', 'ignore_ament_install']
[0.097s] Level 1:colcon.colcon_core.package_identification:_identify(log) by extension 'ignore'
[0.097s] Level 1:colcon.colcon_core.package_identification:_identify(log) ignored
[0.097s] Level 1:colcon.colcon_core.package_identification:_identify(src) by extensions ['ignore', 'ignore_ament_install']
[0.097s] Level 1:colcon.colcon_core.package_identification:_identify(src) by extension 'ignore'
[0.097s] Level 1:colcon.colcon_core.package_identification:_identify(src) by extension 'ignore_ament_install'
[0.097s] Level 1:colcon.colcon_core.package_identification:_identify(src) by extensions ['colcon_pkg']
[0.097s] Level 1:colcon.colcon_core.package_identification:_identify(src) by extension 'colcon_pkg'
[0.097s] Level 1:colcon.colcon_core.package_identification:_identify(src) by extensions ['colcon_meta']
[0.097s] Level 1:colcon.colcon_core.package_identification:_identify(src) by extension 'colcon_meta'
[0.097s] Level 1:colcon.colcon_core.package_identification:_identify(src) by extensions ['ros']
[0.097s] Level 1:colcon.colcon_core.package_identification:_identify(src) by extension 'ros'
[0.097s] Level 1:colcon.colcon_core.package_identification:_identify(src) by extensions ['cmake', 'python']
[0.097s] Level 1:colcon.colcon_core.package_identification:_identify(src) by extension 'cmake'
[0.097s] Level 1:colcon.colcon_core.package_identification:_identify(src) by extension 'python'
[0.097s] Level 1:colcon.colcon_core.package_identification:_identify(src) by extensions ['python_setup_py']
[0.097s] Level 1:colcon.colcon_core.package_identification:_identify(src) by extension 'python_setup_py'
[0.097s] Level 1:colcon.colcon_core.package_identification:_identify(src/opencv_wb_camera) by extensions ['ignore', 'ignore_ament_install']
[0.097s] Level 1:colcon.colcon_core.package_identification:_identify(src/opencv_wb_camera) by extension 'ignore'
[0.097s] Level 1:colcon.colcon_core.package_identification:_identify(src/opencv_wb_camera) by extension 'ignore_ament_install'
[0.097s] Level 1:colcon.colcon_core.package_identification:_identify(src/opencv_wb_camera) by extensions ['colcon_pkg']
[0.097s] Level 1:colcon.colcon_core.package_identification:_identify(src/opencv_wb_camera) by extension 'colcon_pkg'
[0.097s] Level 1:colcon.colcon_core.package_identification:_identify(src/opencv_wb_camera) by extensions ['colcon_meta']
[0.097s] Level 1:colcon.colcon_core.package_identification:_identify(src/opencv_wb_camera) by extension 'colcon_meta'
[0.097s] Level 1:colcon.colcon_core.package_identification:_identify(src/opencv_wb_camera) by extensions ['ros']
[0.097s] Level 1:colcon.colcon_core.package_identification:_identify(src/opencv_wb_camera) by extension 'ros'
[0.099s] DEBUG:colcon.colcon_core.package_identification:Package 'src/opencv_wb_camera' with type 'ros.ament_python' and name 'opencv_wb_camera'
[0.099s] Level 1:colcon.colcon_core.package_identification:_identify(src/opencv_wb_camera_msgs) by extensions ['ignore', 'ignore_ament_install']
[0.099s] Level 1:colcon.colcon_core.package_identification:_identify(src/opencv_wb_camera_msgs) by extension 'ignore'
[0.099s] Level 1:colcon.colcon_core.package_identification:_identify(src/opencv_wb_camera_msgs) by extension 'ignore_ament_install'
[0.099s] Level 1:colcon.colcon_core.package_identification:_identify(src/opencv_wb_camera_msgs) by extensions ['colcon_pkg']
[0.099s] Level 1:colcon.colcon_core.package_identification:_identify(src/opencv_wb_camera_msgs) by extension 'colcon_pkg'
[0.099s] Level 1:colcon.colcon_core.package_identification:_identify(src/opencv_wb_camera_msgs) by extensions ['colcon_meta']
[0.099s] Level 1:colcon.colcon_core.package_identification:_identify(src/opencv_wb_camera_msgs) by extension 'colcon_meta'
[0.099s] Level 1:colcon.colcon_core.package_identification:_identify(src/opencv_wb_camera_msgs) by extensions ['ros']
[0.099s] Level 1:colcon.colcon_core.package_identification:_identify(src/opencv_wb_camera_msgs) by extension 'ros'
[0.099s] DEBUG:colcon.colcon_core.package_identification:Package 'src/opencv_wb_camera_msgs' with type 'ros.ament_cmake' and name 'opencv_wb_camera_msgs'
[0.099s] Level 1:colcon.colcon_core.package_discovery:discover_packages(recursive) using defaults
[0.100s] Level 1:colcon.colcon_core.package_discovery:discover_packages(ignore) discover
[0.100s] Level 1:colcon.colcon_core.package_discovery:discover_packages(ignore) using defaults
[0.100s] Level 1:colcon.colcon_core.package_discovery:discover_packages(path) discover
[0.100s] Level 1:colcon.colcon_core.package_discovery:discover_packages(path) using defaults
[0.111s] Level 1:colcon.colcon_core.package_discovery:discover_packages(prefix_path) check parameters
[0.111s] Level 1:colcon.colcon_core.package_discovery:discover_packages(prefix_path) discover
[0.112s] DEBUG:colcon.colcon_installed_package_information.package_discovery:Found 2 installed packages in /home/dh/amr_ws/ros2_wb_camera/install
[0.113s] DEBUG:colcon.colcon_installed_package_information.package_discovery:Found 298 installed packages in /opt/ros/humble
[0.114s] Level 1:colcon.colcon_core.package_discovery:discover_packages(prefix_path) using defaults
[0.137s] Level 5:colcon.colcon_core.verb:set package 'opencv_wb_camera' build argument 'cmake_args' from command line to 'None'
[0.137s] Level 5:colcon.colcon_core.verb:set package 'opencv_wb_camera' build argument 'cmake_target' from command line to 'None'
[0.137s] Level 5:colcon.colcon_core.verb:set package 'opencv_wb_camera' build argument 'cmake_target_skip_unavailable' from command line to 'False'
[0.137s] Level 5:colcon.colcon_core.verb:set package 'opencv_wb_camera' build argument 'cmake_clean_cache' from command line to 'False'
[0.137s] Level 5:colcon.colcon_core.verb:set package 'opencv_wb_camera' build argument 'cmake_clean_first' from command line to 'False'
[0.137s] Level 5:colcon.colcon_core.verb:set package 'opencv_wb_camera' build argument 'cmake_force_configure' from command line to 'False'
[0.137s] Level 5:colcon.colcon_core.verb:set package 'opencv_wb_camera' build argument 'ament_cmake_args' from command line to 'None'
[0.137s] Level 5:colcon.colcon_core.verb:set package 'opencv_wb_camera' build argument 'catkin_cmake_args' from command line to 'None'
[0.137s] Level 5:colcon.colcon_core.verb:set package 'opencv_wb_camera' build argument 'catkin_skip_building_tests' from command line to 'False'
[0.137s] DEBUG:colcon.colcon_core.verb:Building package 'opencv_wb_camera' with the following arguments: {'ament_cmake_args': None, 'build_base': '/home/dh/amr_ws/ros2_wb_camera/build/opencv_wb_camera', 'catkin_cmake_args': None, 'catkin_skip_building_tests': False, 'cmake_args': None, 'cmake_clean_cache': False, 'cmake_clean_first': False, 'cmake_force_configure': False, 'cmake_target': None, 'cmake_target_skip_unavailable': False, 'install_base': '/home/dh/amr_ws/ros2_wb_camera/install/opencv_wb_camera', 'merge_install': False, 'path': '/home/dh/amr_ws/ros2_wb_camera/src/opencv_wb_camera', 'symlink_install': False, 'test_result_base': None}
[0.138s] Level 5:colcon.colcon_core.verb:set package 'opencv_wb_camera_msgs' build argument 'cmake_args' from command line to 'None'
[0.138s] Level 5:colcon.colcon_core.verb:set package 'opencv_wb_camera_msgs' build argument 'cmake_target' from command line to 'None'
[0.138s] Level 5:colcon.colcon_core.verb:set package 'opencv_wb_camera_msgs' build argument 'cmake_target_skip_unavailable' from command line to 'False'
[0.138s] Level 5:colcon.colcon_core.verb:set package 'opencv_wb_camera_msgs' build argument 'cmake_clean_cache' from command line to 'False'
[0.138s] Level 5:colcon.colcon_core.verb:set package 'opencv_wb_camera_msgs' build argument 'cmake_clean_first' from command line to 'False'
[0.138s] Level 5:colcon.colcon_core.verb:set package 'opencv_wb_camera_msgs' build argument 'cmake_force_configure' from command line to 'False'
[0.138s] Level 5:colcon.colcon_core.verb:set package 'opencv_wb_camera_msgs' build argument 'ament_cmake_args' from command line to 'None'
[0.138s] Level 5:colcon.colcon_core.verb:set package 'opencv_wb_camera_msgs' build argument 'catkin_cmake_args' from command line to 'None'
[0.138s] Level 5:colcon.colcon_core.verb:set package 'opencv_wb_camera_msgs' build argument 'catkin_skip_building_tests' from command line to 'False'
[0.138s] DEBUG:colcon.colcon_core.verb:Building package 'opencv_wb_camera_msgs' with the following arguments: {'ament_cmake_args': None, 'build_base': '/home/dh/amr_ws/ros2_wb_camera/build/opencv_wb_camera_msgs', 'catkin_cmake_args': None, 'catkin_skip_building_tests': False, 'cmake_args': None, 'cmake_clean_cache': False, 'cmake_clean_first': False, 'cmake_force_configure': False, 'cmake_target': None, 'cmake_target_skip_unavailable': False, 'install_base': '/home/dh/amr_ws/ros2_wb_camera/install/opencv_wb_camera_msgs', 'merge_install': False, 'path': '/home/dh/amr_ws/ros2_wb_camera/src/opencv_wb_camera_msgs', 'symlink_install': False, 'test_result_base': None}
[0.138s] INFO:colcon.colcon_core.executor:Executing jobs using 'parallel' executor
[0.138s] DEBUG:colcon.colcon_parallel_executor.executor.parallel:run_until_complete
[0.139s] INFO:colcon.colcon_ros.task.ament_python.build:Building ROS package in '/home/dh/amr_ws/ros2_wb_camera/src/opencv_wb_camera' with build type 'ament_python'
[0.139s] Level 1:colcon.colcon_core.shell:create_environment_hook('opencv_wb_camera', 'ament_prefix_path')
[0.140s] INFO:colcon.colcon_core.plugin_system:Skipping extension 'colcon_core.shell.bat': Not used on non-Windows systems
[0.140s] INFO:colcon.colcon_core.shell:Creating environment hook '/home/dh/amr_ws/ros2_wb_camera/install/opencv_wb_camera/share/opencv_wb_camera/hook/ament_prefix_path.ps1'
[0.141s] INFO:colcon.colcon_core.shell:Creating environment descriptor '/home/dh/amr_ws/ros2_wb_camera/install/opencv_wb_camera/share/opencv_wb_camera/hook/ament_prefix_path.dsv'
[0.141s] INFO:colcon.colcon_core.shell:Creating environment hook '/home/dh/amr_ws/ros2_wb_camera/install/opencv_wb_camera/share/opencv_wb_camera/hook/ament_prefix_path.sh'
[0.141s] INFO:colcon.colcon_core.shell:Skip shell extension 'powershell' for command environment: Not usable outside of PowerShell
[0.141s] DEBUG:colcon.colcon_core.shell:Skip shell extension 'dsv' for command environment
[0.143s] INFO:colcon.colcon_ros.task.ament_cmake.build:Building ROS package in '/home/dh/amr_ws/ros2_wb_camera/src/opencv_wb_camera_msgs' with build type 'ament_cmake'
[0.143s] INFO:colcon.colcon_cmake.task.cmake.build:Building CMake package in '/home/dh/amr_ws/ros2_wb_camera/src/opencv_wb_camera_msgs'
[0.144s] INFO:colcon.colcon_core.shell:Skip shell extension 'powershell' for command environment: Not usable outside of PowerShell
[0.144s] DEBUG:colcon.colcon_core.shell:Skip shell extension 'dsv' for command environment
[0.277s] INFO:colcon.colcon_core.task.python.build:Building Python package in '/home/dh/amr_ws/ros2_wb_camera/src/opencv_wb_camera'
[0.278s] INFO:colcon.colcon_core.shell:Skip shell extension 'powershell' for command environment: Not usable outside of PowerShell
[0.278s] DEBUG:colcon.colcon_core.shell:Skip shell extension 'dsv' for command environment
[0.283s] DEBUG:colcon.colcon_core.event_handler.log_command:Invoking command in '/home/dh/amr_ws/ros2_wb_camera/build/opencv_wb_camera_msgs': CMAKE_PREFIX_PATH=/home/dh/amr_ws/ros2_wb_camera/install/opencv_wb_camera:/opt/ros/humble /usr/bin/cmake /home/dh/amr_ws/ros2_wb_camera/src/opencv_wb_camera_msgs -DCMAKE_INSTALL_PREFIX=/home/dh/amr_ws/ros2_wb_camera/install/opencv_wb_camera_msgs
[0.657s] DEBUG:colcon.colcon_core.event_handler.log_command:Invoking command in '/home/dh/amr_ws/ros2_wb_camera/src/opencv_wb_camera': PYTHONPATH=/home/dh/amr_ws/ros2_wb_camera/build/opencv_wb_camera/prefix_override:/home/dh/amr_ws/ros2_wb_camera/install/opencv_wb_camera/lib/python3.10/site-packages:${PYTHONPATH} /usr/bin/python3 -W ignore:setup.py install is deprecated setup.py egg_info --egg-base ../../build/opencv_wb_camera build --build-base /home/dh/amr_ws/ros2_wb_camera/build/opencv_wb_camera/build install --record /home/dh/amr_ws/ros2_wb_camera/build/opencv_wb_camera/install.log --single-version-externally-managed install_data
[1.021s] DEBUG:colcon.colcon_core.event_handler.log_command:Invoked command in '/home/dh/amr_ws/ros2_wb_camera/build/opencv_wb_camera_msgs' returned '0': CMAKE_PREFIX_PATH=/home/dh/amr_ws/ros2_wb_camera/install/opencv_wb_camera:/opt/ros/humble /usr/bin/cmake /home/dh/amr_ws/ros2_wb_camera/src/opencv_wb_camera_msgs -DCMAKE_INSTALL_PREFIX=/home/dh/amr_ws/ros2_wb_camera/install/opencv_wb_camera_msgs
[1.022s] DEBUG:colcon.colcon_core.event_handler.log_command:Invoking command in '/home/dh/amr_ws/ros2_wb_camera/build/opencv_wb_camera_msgs': CMAKE_PREFIX_PATH=/home/dh/amr_ws/ros2_wb_camera/install/opencv_wb_camera:/opt/ros/humble /usr/bin/cmake --build /home/dh/amr_ws/ros2_wb_camera/build/opencv_wb_camera_msgs -- -j8 -l8
[1.056s] DEBUG:colcon.colcon_core.event_handler.log_command:Invoked command in '/home/dh/amr_ws/ros2_wb_camera/src/opencv_wb_camera' returned '0': PYTHONPATH=/home/dh/amr_ws/ros2_wb_camera/build/opencv_wb_camera/prefix_override:/home/dh/amr_ws/ros2_wb_camera/install/opencv_wb_camera/lib/python3.10/site-packages:${PYTHONPATH} /usr/bin/python3 -W ignore:setup.py install is deprecated setup.py egg_info --egg-base ../../build/opencv_wb_camera build --build-base /home/dh/amr_ws/ros2_wb_camera/build/opencv_wb_camera/build install --record /home/dh/amr_ws/ros2_wb_camera/build/opencv_wb_camera/install.log --single-version-externally-managed install_data
[1.058s] Level 1:colcon.colcon_core.environment:checking '/home/dh/amr_ws/ros2_wb_camera/install/opencv_wb_camera' for CMake module files
[1.058s] Level 1:colcon.colcon_core.environment:checking '/home/dh/amr_ws/ros2_wb_camera/install/opencv_wb_camera' for CMake config files
[1.059s] Level 1:colcon.colcon_core.environment:checking '/home/dh/amr_ws/ros2_wb_camera/install/opencv_wb_camera/lib'
[1.059s] Level 1:colcon.colcon_core.environment:checking '/home/dh/amr_ws/ros2_wb_camera/install/opencv_wb_camera/bin'
[1.059s] Level 1:colcon.colcon_core.environment:checking '/home/dh/amr_ws/ros2_wb_camera/install/opencv_wb_camera/lib/pkgconfig/opencv_wb_camera.pc'
[1.059s] Level 1:colcon.colcon_core.environment:checking '/home/dh/amr_ws/ros2_wb_camera/install/opencv_wb_camera/lib/python3.10/site-packages'
[1.059s] Level 1:colcon.colcon_core.shell:create_environment_hook('opencv_wb_camera', 'pythonpath')
[1.060s] INFO:colcon.colcon_core.shell:Creating environment hook '/home/dh/amr_ws/ros2_wb_camera/install/opencv_wb_camera/share/opencv_wb_camera/hook/pythonpath.ps1'
[1.060s] INFO:colcon.colcon_core.shell:Creating environment descriptor '/home/dh/amr_ws/ros2_wb_camera/install/opencv_wb_camera/share/opencv_wb_camera/hook/pythonpath.dsv'
[1.060s] INFO:colcon.colcon_core.shell:Creating environment hook '/home/dh/amr_ws/ros2_wb_camera/install/opencv_wb_camera/share/opencv_wb_camera/hook/pythonpath.sh'
[1.060s] Level 1:colcon.colcon_core.environment:checking '/home/dh/amr_ws/ros2_wb_camera/install/opencv_wb_camera/bin'
[1.060s] Level 1:colcon.colcon_core.environment:create_environment_scripts_only(opencv_wb_camera)
[1.061s] INFO:colcon.colcon_core.shell:Creating package script '/home/dh/amr_ws/ros2_wb_camera/install/opencv_wb_camera/share/opencv_wb_camera/package.ps1'
[1.061s] INFO:colcon.colcon_core.shell:Creating package descriptor '/home/dh/amr_ws/ros2_wb_camera/install/opencv_wb_camera/share/opencv_wb_camera/package.dsv'
[1.062s] INFO:colcon.colcon_core.shell:Creating package script '/home/dh/amr_ws/ros2_wb_camera/install/opencv_wb_camera/share/opencv_wb_camera/package.sh'
[1.062s] INFO:colcon.colcon_core.shell:Creating package script '/home/dh/amr_ws/ros2_wb_camera/install/opencv_wb_camera/share/opencv_wb_camera/package.bash'
[1.063s] INFO:colcon.colcon_core.shell:Creating package script '/home/dh/amr_ws/ros2_wb_camera/install/opencv_wb_camera/share/opencv_wb_camera/package.zsh'
[1.063s] Level 1:colcon.colcon_core.environment:create_file_with_runtime_dependencies(/home/dh/amr_ws/ros2_wb_camera/install/opencv_wb_camera/share/colcon-core/packages/opencv_wb_camera)
[2.913s] DEBUG:colcon.colcon_core.event_handler.log_command:Invoked command in '/home/dh/amr_ws/ros2_wb_camera/build/opencv_wb_camera_msgs' returned '0': CMAKE_PREFIX_PATH=/home/dh/amr_ws/ros2_wb_camera/install/opencv_wb_camera:/opt/ros/humble /usr/bin/cmake --build /home/dh/amr_ws/ros2_wb_camera/build/opencv_wb_camera_msgs -- -j8 -l8
[2.969s] DEBUG:colcon.colcon_core.event_handler.log_command:Invoking command in '/home/dh/amr_ws/ros2_wb_camera/build/opencv_wb_camera_msgs': CMAKE_PREFIX_PATH=/home/dh/amr_ws/ros2_wb_camera/install/opencv_wb_camera:/opt/ros/humble /usr/bin/cmake --install /home/dh/amr_ws/ros2_wb_camera/build/opencv_wb_camera_msgs
[3.014s] Level 1:colcon.colcon_core.environment:create_environment_scripts_only(opencv_wb_camera_msgs)
[3.015s] DEBUG:colcon.colcon_core.event_handler.log_command:Invoked command in '/home/dh/amr_ws/ros2_wb_camera/build/opencv_wb_camera_msgs' returned '0': CMAKE_PREFIX_PATH=/home/dh/amr_ws/ros2_wb_camera/install/opencv_wb_camera:/opt/ros/humble /usr/bin/cmake --install /home/dh/amr_ws/ros2_wb_camera/build/opencv_wb_camera_msgs
[3.015s] Level 1:colcon.colcon_core.environment:checking '/home/dh/amr_ws/ros2_wb_camera/install/opencv_wb_camera_msgs' for CMake module files
[3.015s] Level 1:colcon.colcon_core.environment:checking '/home/dh/amr_ws/ros2_wb_camera/install/opencv_wb_camera_msgs' for CMake config files
[3.015s] Level 1:colcon.colcon_core.shell:create_environment_hook('opencv_wb_camera_msgs', 'cmake_prefix_path')
[3.016s] INFO:colcon.colcon_core.shell:Creating environment hook '/home/dh/amr_ws/ros2_wb_camera/install/opencv_wb_camera_msgs/share/opencv_wb_camera_msgs/hook/cmake_prefix_path.ps1'
[3.016s] INFO:colcon.colcon_core.shell:Creating environment descriptor '/home/dh/amr_ws/ros2_wb_camera/install/opencv_wb_camera_msgs/share/opencv_wb_camera_msgs/hook/cmake_prefix_path.dsv'
[3.016s] INFO:colcon.colcon_core.shell:Creating environment hook '/home/dh/amr_ws/ros2_wb_camera/install/opencv_wb_camera_msgs/share/opencv_wb_camera_msgs/hook/cmake_prefix_path.sh'
[3.016s] Level 1:colcon.colcon_core.environment:checking '/home/dh/amr_ws/ros2_wb_camera/install/opencv_wb_camera_msgs/lib'
[3.016s] Level 1:colcon.colcon_core.shell:create_environment_hook('opencv_wb_camera_msgs', 'ld_library_path_lib')
[3.016s] INFO:colcon.colcon_core.shell:Creating environment hook '/home/dh/amr_ws/ros2_wb_camera/install/opencv_wb_camera_msgs/share/opencv_wb_camera_msgs/hook/ld_library_path_lib.ps1'
[3.017s] INFO:colcon.colcon_core.shell:Creating environment descriptor '/home/dh/amr_ws/ros2_wb_camera/install/opencv_wb_camera_msgs/share/opencv_wb_camera_msgs/hook/ld_library_path_lib.dsv'
[3.017s] INFO:colcon.colcon_core.shell:Creating environment hook '/home/dh/amr_ws/ros2_wb_camera/install/opencv_wb_camera_msgs/share/opencv_wb_camera_msgs/hook/ld_library_path_lib.sh'
[3.017s] Level 1:colcon.colcon_core.environment:checking '/home/dh/amr_ws/ros2_wb_camera/install/opencv_wb_camera_msgs/bin'
[3.017s] Level 1:colcon.colcon_core.environment:checking '/home/dh/amr_ws/ros2_wb_camera/install/opencv_wb_camera_msgs/lib/pkgconfig/opencv_wb_camera_msgs.pc'
[3.017s] Level 1:colcon.colcon_core.environment:checking '/home/dh/amr_ws/ros2_wb_camera/install/opencv_wb_camera_msgs/lib/python3.10/site-packages'
[3.017s] Level 1:colcon.colcon_core.environment:checking '/home/dh/amr_ws/ros2_wb_camera/install/opencv_wb_camera_msgs/bin'
[3.018s] INFO:colcon.colcon_core.shell:Creating package script '/home/dh/amr_ws/ros2_wb_camera/install/opencv_wb_camera_msgs/share/opencv_wb_camera_msgs/package.ps1'
[3.018s] INFO:colcon.colcon_core.shell:Creating package descriptor '/home/dh/amr_ws/ros2_wb_camera/install/opencv_wb_camera_msgs/share/opencv_wb_camera_msgs/package.dsv'
[3.018s] INFO:colcon.colcon_core.shell:Creating package script '/home/dh/amr_ws/ros2_wb_camera/install/opencv_wb_camera_msgs/share/opencv_wb_camera_msgs/package.sh'
[3.018s] INFO:colcon.colcon_core.shell:Creating package script '/home/dh/amr_ws/ros2_wb_camera/install/opencv_wb_camera_msgs/share/opencv_wb_camera_msgs/package.bash'
[3.018s] INFO:colcon.colcon_core.shell:Creating package script '/home/dh/amr_ws/ros2_wb_camera/install/opencv_wb_camera_msgs/share/opencv_wb_camera_msgs/package.zsh'
[3.019s] Level 1:colcon.colcon_core.environment:create_file_with_runtime_dependencies(/home/dh/amr_ws/ros2_wb_camera/install/opencv_wb_camera_msgs/share/colcon-core/packages/opencv_wb_camera_msgs)
[3.066s] Level 1:colcon.colcon_core.environment:create_environment_scripts_only(opencv_wb_camera_msgs)
[3.066s] Level 1:colcon.colcon_core.environment:checking '/home/dh/amr_ws/ros2_wb_camera/install/opencv_wb_camera_msgs' for CMake module files
[3.067s] Level 1:colcon.colcon_core.environment:checking '/home/dh/amr_ws/ros2_wb_camera/install/opencv_wb_camera_msgs' for CMake config files
[3.067s] Level 1:colcon.colcon_core.shell:create_environment_hook('opencv_wb_camera_msgs', 'cmake_prefix_path')
[3.067s] INFO:colcon.colcon_core.shell:Creating environment hook '/home/dh/amr_ws/ros2_wb_camera/install/opencv_wb_camera_msgs/share/opencv_wb_camera_msgs/hook/cmake_prefix_path.ps1'
[3.068s] INFO:colcon.colcon_core.shell:Creating environment descriptor '/home/dh/amr_ws/ros2_wb_camera/install/opencv_wb_camera_msgs/share/opencv_wb_camera_msgs/hook/cmake_prefix_path.dsv'
[3.068s] INFO:colcon.colcon_core.shell:Creating environment hook '/home/dh/amr_ws/ros2_wb_camera/install/opencv_wb_camera_msgs/share/opencv_wb_camera_msgs/hook/cmake_prefix_path.sh'
[3.068s] Level 1:colcon.colcon_core.environment:checking '/home/dh/amr_ws/ros2_wb_camera/install/opencv_wb_camera_msgs/lib'
[3.068s] Level 1:colcon.colcon_core.shell:create_environment_hook('opencv_wb_camera_msgs', 'ld_library_path_lib')
[3.068s] INFO:colcon.colcon_core.shell:Creating environment hook '/home/dh/amr_ws/ros2_wb_camera/install/opencv_wb_camera_msgs/share/opencv_wb_camera_msgs/hook/ld_library_path_lib.ps1'
[3.068s] INFO:colcon.colcon_core.shell:Creating environment descriptor '/home/dh/amr_ws/ros2_wb_camera/install/opencv_wb_camera_msgs/share/opencv_wb_camera_msgs/hook/ld_library_path_lib.dsv'
[3.069s] INFO:colcon.colcon_core.shell:Creating environment hook '/home/dh/amr_ws/ros2_wb_camera/install/opencv_wb_camera_msgs/share/opencv_wb_camera_msgs/hook/ld_library_path_lib.sh'
[3.069s] Level 1:colcon.colcon_core.environment:checking '/home/dh/amr_ws/ros2_wb_camera/install/opencv_wb_camera_msgs/bin'
[3.069s] Level 1:colcon.colcon_core.environment:checking '/home/dh/amr_ws/ros2_wb_camera/install/opencv_wb_camera_msgs/lib/pkgconfig/opencv_wb_camera_msgs.pc'
[3.069s] Level 1:colcon.colcon_core.environment:checking '/home/dh/amr_ws/ros2_wb_camera/install/opencv_wb_camera_msgs/lib/python3.10/site-packages'
[3.069s] Level 1:colcon.colcon_core.environment:checking '/home/dh/amr_ws/ros2_wb_camera/install/opencv_wb_camera_msgs/bin'
[3.069s] INFO:colcon.colcon_core.shell:Creating package script '/home/dh/amr_ws/ros2_wb_camera/install/opencv_wb_camera_msgs/share/opencv_wb_camera_msgs/package.ps1'
[3.070s] INFO:colcon.colcon_core.shell:Creating package descriptor '/home/dh/amr_ws/ros2_wb_camera/install/opencv_wb_camera_msgs/share/opencv_wb_camera_msgs/package.dsv'
[3.070s] INFO:colcon.colcon_core.shell:Creating package script '/home/dh/amr_ws/ros2_wb_camera/install/opencv_wb_camera_msgs/share/opencv_wb_camera_msgs/package.sh'
[3.071s] INFO:colcon.colcon_core.shell:Creating package script '/home/dh/amr_ws/ros2_wb_camera/install/opencv_wb_camera_msgs/share/opencv_wb_camera_msgs/package.bash'
[3.071s] INFO:colcon.colcon_core.shell:Creating package script '/home/dh/amr_ws/ros2_wb_camera/install/opencv_wb_camera_msgs/share/opencv_wb_camera_msgs/package.zsh'
[3.071s] Level 1:colcon.colcon_core.environment:create_file_with_runtime_dependencies(/home/dh/amr_ws/ros2_wb_camera/install/opencv_wb_camera_msgs/share/colcon-core/packages/opencv_wb_camera_msgs)
[3.071s] DEBUG:colcon.colcon_parallel_executor.executor.parallel:closing loop
[3.072s] DEBUG:colcon.colcon_parallel_executor.executor.parallel:loop closed
[3.072s] DEBUG:colcon.colcon_parallel_executor.executor.parallel:run_until_complete finished with '0'
[3.072s] DEBUG:colcon.colcon_core.event_reactor:joining thread
[3.075s] INFO:colcon.colcon_core.plugin_system:Skipping extension 'colcon_notification.desktop_notification.terminal_notifier': Not used on non-Darwin systems
[3.075s] INFO:colcon.colcon_core.plugin_system:Skipping extension 'colcon_notification.desktop_notification.win32': Not used on non-Windows systems
[3.075s] INFO:colcon.colcon_notification.desktop_notification:Sending desktop notification using 'notify2'
[3.083s] DEBUG:colcon.colcon_core.event_reactor:joined thread
[3.083s] INFO:colcon.colcon_core.shell:Creating prefix script '/home/dh/amr_ws/ros2_wb_camera/install/local_setup.ps1'
[3.084s] INFO:colcon.colcon_core.shell:Creating prefix util module '/home/dh/amr_ws/ros2_wb_camera/install/_local_setup_util_ps1.py'
[3.085s] INFO:colcon.colcon_core.shell:Creating prefix chain script '/home/dh/amr_ws/ros2_wb_camera/install/setup.ps1'
[3.086s] INFO:colcon.colcon_core.shell:Creating prefix script '/home/dh/amr_ws/ros2_wb_camera/install/local_setup.sh'
[3.087s] INFO:colcon.colcon_core.shell:Creating prefix util module '/home/dh/amr_ws/ros2_wb_camera/install/_local_setup_util_sh.py'
[3.087s] INFO:colcon.colcon_core.shell:Creating prefix chain script '/home/dh/amr_ws/ros2_wb_camera/install/setup.sh'
[3.088s] INFO:colcon.colcon_core.shell:Creating prefix script '/home/dh/amr_ws/ros2_wb_camera/install/local_setup.bash'
[3.088s] INFO:colcon.colcon_core.shell:Creating prefix chain script '/home/dh/amr_ws/ros2_wb_camera/install/setup.bash'
[3.088s] INFO:colcon.colcon_core.shell:Creating prefix script '/home/dh/amr_ws/ros2_wb_camera/install/local_setup.zsh'
[3.089s] INFO:colcon.colcon_core.shell:Creating prefix chain script '/home/dh/amr_ws/ros2_wb_camera/install/setup.zsh'
